[0.062s] DEBUG:colcon:Command line arguments: ['/usr/bin/colcon', 'build']
[0.062s] DEBUG:colcon:Parsed command line arguments: Namespace(log_base=None, log_level=None, verb_name='build', build_base='build', install_base='install', merge_install=False, symlink_install=False, test_result_base=None, continue_on_error=False, executor='parallel', parallel_workers=16, event_handlers=None, ignore_user_meta=False, metas=['./colcon.meta'], base_paths=['.'], packages_ignore=None, packages_ignore_regex=None, paths=None, packages_up_to=None, packages_up_to_regex=None, packages_above=None, packages_above_and_dependencies=None, packages_above_depth=None, packages_select_by_dep=None, packages_skip_by_dep=None, packages_skip_up_to=None, packages_select_build_failed=False, packages_skip_build_finished=False, packages_select_test_failures=False, packages_skip_test_passed=False, packages_select=None, packages_skip=None, packages_select_regex=None, packages_skip_regex=None, packages_start=None, packages_end=None, allow_overriding=[], cmake_args=None, cmake_target=None, cmake_target_skip_unavailable=False, cmake_clean_cache=False, cmake_clean_first=False, cmake_force_configure=False, ament_cmake_args=None, catkin_cmake_args=None, catkin_skip_building_tests=False, verb_parser=<colcon_defaults.argument_parser.defaults.DefaultArgumentsDecorator object at 0x7ae4f8835360>, verb_extension=<colcon_core.verb.build.BuildVerb object at 0x7ae4f8834e50>, main=<bound method BuildVerb.main of <colcon_core.verb.build.BuildVerb object at 0x7ae4f8834e50>>)
[0.159s] Level 1:colcon.colcon_core.package_discovery:discover_packages(colcon_meta) check parameters
[0.160s] Level 1:colcon.colcon_core.package_discovery:discover_packages(recursive) check parameters
[0.160s] Level 1:colcon.colcon_core.package_discovery:discover_packages(ignore) check parameters
[0.160s] Level 1:colcon.colcon_core.package_discovery:discover_packages(path) check parameters
[0.160s] Level 1:colcon.colcon_core.package_discovery:discover_packages(colcon_meta) discover
[0.160s] Level 1:colcon.colcon_core.package_discovery:discover_packages(recursive) discover
[0.160s] INFO:colcon.colcon_core.package_discovery:Crawling recursively for packages in '/home/tim/Documents/GitHub/WRG2024NextGen'
[0.160s] Level 1:colcon.colcon_core.package_identification:_identify(.) by extensions ['ignore', 'ignore_ament_install']
[0.160s] Level 1:colcon.colcon_core.package_identification:_identify(.) by extension 'ignore'
[0.160s] Level 1:colcon.colcon_core.package_identification:_identify(.) by extension 'ignore_ament_install'
[0.160s] Level 1:colcon.colcon_core.package_identification:_identify(.) by extensions ['colcon_pkg']
[0.160s] Level 1:colcon.colcon_core.package_identification:_identify(.) by extension 'colcon_pkg'
[0.160s] Level 1:colcon.colcon_core.package_identification:_identify(.) by extensions ['colcon_meta']
[0.160s] Level 1:colcon.colcon_core.package_identification:_identify(.) by extension 'colcon_meta'
[0.160s] Level 1:colcon.colcon_core.package_identification:_identify(.) by extensions ['ros']
[0.160s] Level 1:colcon.colcon_core.package_identification:_identify(.) by extension 'ros'
[0.166s] Level 1:colcon.colcon_core.package_identification:_identify(.) by extensions ['cmake', 'python']
[0.167s] Level 1:colcon.colcon_core.package_identification:_identify(.) by extension 'cmake'
[0.167s] Level 1:colcon.colcon_core.package_identification:_identify(.) by extension 'python'
[0.167s] Level 1:colcon.colcon_core.package_identification:_identify(.) by extensions ['python_setup_py']
[0.167s] Level 1:colcon.colcon_core.package_identification:_identify(.) by extension 'python_setup_py'
[0.167s] Level 1:colcon.colcon_core.package_identification:_identify(build) by extensions ['ignore', 'ignore_ament_install']
[0.167s] Level 1:colcon.colcon_core.package_identification:_identify(build) by extension 'ignore'
[0.167s] Level 1:colcon.colcon_core.package_identification:_identify(build) ignored
[0.167s] Level 1:colcon.colcon_core.package_identification:_identify(install) by extensions ['ignore', 'ignore_ament_install']
[0.167s] Level 1:colcon.colcon_core.package_identification:_identify(install) by extension 'ignore'
[0.167s] Level 1:colcon.colcon_core.package_identification:_identify(install) ignored
[0.167s] Level 1:colcon.colcon_core.package_identification:_identify(log) by extensions ['ignore', 'ignore_ament_install']
[0.167s] Level 1:colcon.colcon_core.package_identification:_identify(log) by extension 'ignore'
[0.167s] Level 1:colcon.colcon_core.package_identification:_identify(log) ignored
[0.167s] Level 1:colcon.colcon_core.package_identification:_identify(src) by extensions ['ignore', 'ignore_ament_install']
[0.167s] Level 1:colcon.colcon_core.package_identification:_identify(src) by extension 'ignore'
[0.167s] Level 1:colcon.colcon_core.package_identification:_identify(src) by extension 'ignore_ament_install'
[0.167s] Level 1:colcon.colcon_core.package_identification:_identify(src) by extensions ['colcon_pkg']
[0.167s] Level 1:colcon.colcon_core.package_identification:_identify(src) by extension 'colcon_pkg'
[0.167s] Level 1:colcon.colcon_core.package_identification:_identify(src) by extensions ['colcon_meta']
[0.167s] Level 1:colcon.colcon_core.package_identification:_identify(src) by extension 'colcon_meta'
[0.167s] Level 1:colcon.colcon_core.package_identification:_identify(src) by extensions ['ros']
[0.167s] Level 1:colcon.colcon_core.package_identification:_identify(src) by extension 'ros'
[0.167s] Level 1:colcon.colcon_core.package_identification:_identify(src) by extensions ['cmake', 'python']
[0.167s] Level 1:colcon.colcon_core.package_identification:_identify(src) by extension 'cmake'
[0.167s] Level 1:colcon.colcon_core.package_identification:_identify(src) by extension 'python'
[0.167s] Level 1:colcon.colcon_core.package_identification:_identify(src) by extensions ['python_setup_py']
[0.167s] Level 1:colcon.colcon_core.package_identification:_identify(src) by extension 'python_setup_py'
[0.167s] Level 1:colcon.colcon_core.package_identification:_identify(src/turtlebot3_fake_node) by extensions ['ignore', 'ignore_ament_install']
[0.167s] Level 1:colcon.colcon_core.package_identification:_identify(src/turtlebot3_fake_node) by extension 'ignore'
[0.167s] Level 1:colcon.colcon_core.package_identification:_identify(src/turtlebot3_fake_node) by extension 'ignore_ament_install'
[0.168s] Level 1:colcon.colcon_core.package_identification:_identify(src/turtlebot3_fake_node) by extensions ['colcon_pkg']
[0.168s] Level 1:colcon.colcon_core.package_identification:_identify(src/turtlebot3_fake_node) by extension 'colcon_pkg'
[0.168s] Level 1:colcon.colcon_core.package_identification:_identify(src/turtlebot3_fake_node) by extensions ['colcon_meta']
[0.168s] Level 1:colcon.colcon_core.package_identification:_identify(src/turtlebot3_fake_node) by extension 'colcon_meta'
[0.168s] Level 1:colcon.colcon_core.package_identification:_identify(src/turtlebot3_fake_node) by extensions ['ros']
[0.168s] Level 1:colcon.colcon_core.package_identification:_identify(src/turtlebot3_fake_node) by extension 'ros'
[0.169s] DEBUG:colcon.colcon_core.package_identification:Package 'src/turtlebot3_fake_node' with type 'ros.ament_cmake' and name 'turtlebot3_fake_node'
[0.169s] Level 1:colcon.colcon_core.package_identification:_identify(src/turtlebot3_gazebo) by extensions ['ignore', 'ignore_ament_install']
[0.169s] Level 1:colcon.colcon_core.package_identification:_identify(src/turtlebot3_gazebo) by extension 'ignore'
[0.170s] Level 1:colcon.colcon_core.package_identification:_identify(src/turtlebot3_gazebo) by extension 'ignore_ament_install'
[0.170s] Level 1:colcon.colcon_core.package_identification:_identify(src/turtlebot3_gazebo) by extensions ['colcon_pkg']
[0.170s] Level 1:colcon.colcon_core.package_identification:_identify(src/turtlebot3_gazebo) by extension 'colcon_pkg'
[0.170s] Level 1:colcon.colcon_core.package_identification:_identify(src/turtlebot3_gazebo) by extensions ['colcon_meta']
[0.170s] Level 1:colcon.colcon_core.package_identification:_identify(src/turtlebot3_gazebo) by extension 'colcon_meta'
[0.170s] Level 1:colcon.colcon_core.package_identification:_identify(src/turtlebot3_gazebo) by extensions ['ros']
[0.170s] Level 1:colcon.colcon_core.package_identification:_identify(src/turtlebot3_gazebo) by extension 'ros'
[0.170s] DEBUG:colcon.colcon_core.package_identification:Package 'src/turtlebot3_gazebo' with type 'ros.ament_cmake' and name 'turtlebot3_gazebo'
[0.170s] Level 1:colcon.colcon_core.package_identification:_identify(src/turtlebot3_simulations) by extensions ['ignore', 'ignore_ament_install']
[0.170s] Level 1:colcon.colcon_core.package_identification:_identify(src/turtlebot3_simulations) by extension 'ignore'
[0.170s] Level 1:colcon.colcon_core.package_identification:_identify(src/turtlebot3_simulations) by extension 'ignore_ament_install'
[0.171s] Level 1:colcon.colcon_core.package_identification:_identify(src/turtlebot3_simulations) by extensions ['colcon_pkg']
[0.171s] Level 1:colcon.colcon_core.package_identification:_identify(src/turtlebot3_simulations) by extension 'colcon_pkg'
[0.171s] Level 1:colcon.colcon_core.package_identification:_identify(src/turtlebot3_simulations) by extensions ['colcon_meta']
[0.171s] Level 1:colcon.colcon_core.package_identification:_identify(src/turtlebot3_simulations) by extension 'colcon_meta'
[0.171s] Level 1:colcon.colcon_core.package_identification:_identify(src/turtlebot3_simulations) by extensions ['ros']
[0.171s] Level 1:colcon.colcon_core.package_identification:_identify(src/turtlebot3_simulations) by extension 'ros'
[0.171s] DEBUG:colcon.colcon_core.package_identification:Package 'src/turtlebot3_simulations' with type 'ros.ament_cmake' and name 'turtlebot3_simulations'
[0.171s] Level 1:colcon.colcon_core.package_discovery:discover_packages(recursive) using defaults
[0.171s] Level 1:colcon.colcon_core.package_discovery:discover_packages(ignore) discover
[0.171s] Level 1:colcon.colcon_core.package_discovery:discover_packages(ignore) using defaults
[0.171s] Level 1:colcon.colcon_core.package_discovery:discover_packages(path) discover
[0.171s] Level 1:colcon.colcon_core.package_discovery:discover_packages(path) using defaults
[0.183s] Level 1:colcon.colcon_core.package_discovery:discover_packages(prefix_path) check parameters
[0.183s] Level 1:colcon.colcon_core.package_discovery:discover_packages(prefix_path) discover
[0.184s] WARNING:colcon.colcon_core.prefix_path.colcon:The path '/home/tim/wrg_turtlebot3_ws/WRG2024NextGen/install' in the environment variable COLCON_PREFIX_PATH doesn't exist
[0.184s] WARNING:colcon.colcon_ros.prefix_path.ament:The path '/home/tim/wrg_turtlebot3_ws/WRG2024NextGen/install/turtlebot3_simulations' in the environment variable AMENT_PREFIX_PATH doesn't exist
[0.184s] WARNING:colcon.colcon_ros.prefix_path.ament:The path '/home/tim/wrg_turtlebot3_ws/WRG2024NextGen/install/turtlebot3_gazebo' in the environment variable AMENT_PREFIX_PATH doesn't exist
[0.184s] WARNING:colcon.colcon_ros.prefix_path.ament:The path '/home/tim/wrg_turtlebot3_ws/WRG2024NextGen/install/turtlebot3_fake_node' in the environment variable AMENT_PREFIX_PATH doesn't exist
[0.184s] WARNING:colcon.colcon_ros.prefix_path.catkin:The path '/home/tim/wrg_turtlebot3_ws/WRG2024NextGen/install/turtlebot3_simulations' in the environment variable CMAKE_PREFIX_PATH doesn't exist
[0.184s] WARNING:colcon.colcon_ros.prefix_path.catkin:The path '/home/tim/wrg_turtlebot3_ws/WRG2024NextGen/install/turtlebot3_gazebo' in the environment variable CMAKE_PREFIX_PATH doesn't exist
[0.184s] WARNING:colcon.colcon_ros.prefix_path.catkin:The path '/home/tim/wrg_turtlebot3_ws/WRG2024NextGen/install/turtlebot3_fake_node' in the environment variable CMAKE_PREFIX_PATH doesn't exist
[0.185s] DEBUG:colcon.colcon_installed_package_information.package_discovery:Found 4 installed packages in /home/tim/ros2_ws2/install
[0.185s] DEBUG:colcon.colcon_installed_package_information.package_discovery:Found 5 installed packages in /home/tim/ros2_ws/install
[0.186s] DEBUG:colcon.colcon_installed_package_information.package_discovery:Found 398 installed packages in /opt/ros/humble
[0.187s] Level 1:colcon.colcon_core.package_discovery:discover_packages(prefix_path) using defaults
[0.221s] Level 5:colcon.colcon_core.verb:set package 'turtlebot3_fake_node' build argument 'cmake_args' from command line to 'None'
[0.221s] Level 5:colcon.colcon_core.verb:set package 'turtlebot3_fake_node' build argument 'cmake_target' from command line to 'None'
[0.221s] Level 5:colcon.colcon_core.verb:set package 'turtlebot3_fake_node' build argument 'cmake_target_skip_unavailable' from command line to 'False'
[0.221s] Level 5:colcon.colcon_core.verb:set package 'turtlebot3_fake_node' build argument 'cmake_clean_cache' from command line to 'False'
[0.221s] Level 5:colcon.colcon_core.verb:set package 'turtlebot3_fake_node' build argument 'cmake_clean_first' from command line to 'False'
[0.221s] Level 5:colcon.colcon_core.verb:set package 'turtlebot3_fake_node' build argument 'cmake_force_configure' from command line to 'False'
[0.221s] Level 5:colcon.colcon_core.verb:set package 'turtlebot3_fake_node' build argument 'ament_cmake_args' from command line to 'None'
[0.221s] Level 5:colcon.colcon_core.verb:set package 'turtlebot3_fake_node' build argument 'catkin_cmake_args' from command line to 'None'
[0.221s] Level 5:colcon.colcon_core.verb:set package 'turtlebot3_fake_node' build argument 'catkin_skip_building_tests' from command line to 'False'
[0.221s] DEBUG:colcon.colcon_core.verb:Building package 'turtlebot3_fake_node' with the following arguments: {'ament_cmake_args': None, 'build_base': '/home/tim/Documents/GitHub/WRG2024NextGen/build/turtlebot3_fake_node', 'catkin_cmake_args': None, 'catkin_skip_building_tests': False, 'cmake_args': None, 'cmake_clean_cache': False, 'cmake_clean_first': False, 'cmake_force_configure': False, 'cmake_target': None, 'cmake_target_skip_unavailable': False, 'install_base': '/home/tim/Documents/GitHub/WRG2024NextGen/install/turtlebot3_fake_node', 'merge_install': False, 'path': '/home/tim/Documents/GitHub/WRG2024NextGen/src/turtlebot3_fake_node', 'symlink_install': False, 'test_result_base': None}
[0.221s] Level 5:colcon.colcon_core.verb:set package 'turtlebot3_gazebo' build argument 'cmake_args' from command line to 'None'
[0.222s] Level 5:colcon.colcon_core.verb:set package 'turtlebot3_gazebo' build argument 'cmake_target' from command line to 'None'
[0.222s] Level 5:colcon.colcon_core.verb:set package 'turtlebot3_gazebo' build argument 'cmake_target_skip_unavailable' from command line to 'False'
[0.222s] Level 5:colcon.colcon_core.verb:set package 'turtlebot3_gazebo' build argument 'cmake_clean_cache' from command line to 'False'
[0.222s] Level 5:colcon.colcon_core.verb:set package 'turtlebot3_gazebo' build argument 'cmake_clean_first' from command line to 'False'
[0.222s] Level 5:colcon.colcon_core.verb:set package 'turtlebot3_gazebo' build argument 'cmake_force_configure' from command line to 'False'
[0.222s] Level 5:colcon.colcon_core.verb:set package 'turtlebot3_gazebo' build argument 'ament_cmake_args' from command line to 'None'
[0.222s] Level 5:colcon.colcon_core.verb:set package 'turtlebot3_gazebo' build argument 'catkin_cmake_args' from command line to 'None'
[0.222s] Level 5:colcon.colcon_core.verb:set package 'turtlebot3_gazebo' build argument 'catkin_skip_building_tests' from command line to 'False'
[0.222s] DEBUG:colcon.colcon_core.verb:Building package 'turtlebot3_gazebo' with the following arguments: {'ament_cmake_args': None, 'build_base': '/home/tim/Documents/GitHub/WRG2024NextGen/build/turtlebot3_gazebo', 'catkin_cmake_args': None, 'catkin_skip_building_tests': False, 'cmake_args': None, 'cmake_clean_cache': False, 'cmake_clean_first': False, 'cmake_force_configure': False, 'cmake_target': None, 'cmake_target_skip_unavailable': False, 'install_base': '/home/tim/Documents/GitHub/WRG2024NextGen/install/turtlebot3_gazebo', 'merge_install': False, 'path': '/home/tim/Documents/GitHub/WRG2024NextGen/src/turtlebot3_gazebo', 'symlink_install': False, 'test_result_base': None}
[0.222s] Level 5:colcon.colcon_core.verb:set package 'turtlebot3_simulations' build argument 'cmake_args' from command line to 'None'
[0.222s] Level 5:colcon.colcon_core.verb:set package 'turtlebot3_simulations' build argument 'cmake_target' from command line to 'None'
[0.222s] Level 5:colcon.colcon_core.verb:set package 'turtlebot3_simulations' build argument 'cmake_target_skip_unavailable' from command line to 'False'
[0.222s] Level 5:colcon.colcon_core.verb:set package 'turtlebot3_simulations' build argument 'cmake_clean_cache' from command line to 'False'
[0.222s] Level 5:colcon.colcon_core.verb:set package 'turtlebot3_simulations' build argument 'cmake_clean_first' from command line to 'False'
[0.222s] Level 5:colcon.colcon_core.verb:set package 'turtlebot3_simulations' build argument 'cmake_force_configure' from command line to 'False'
[0.222s] Level 5:colcon.colcon_core.verb:set package 'turtlebot3_simulations' build argument 'ament_cmake_args' from command line to 'None'
[0.222s] Level 5:colcon.colcon_core.verb:set package 'turtlebot3_simulations' build argument 'catkin_cmake_args' from command line to 'None'
[0.222s] Level 5:colcon.colcon_core.verb:set package 'turtlebot3_simulations' build argument 'catkin_skip_building_tests' from command line to 'False'
[0.222s] DEBUG:colcon.colcon_core.verb:Building package 'turtlebot3_simulations' with the following arguments: {'ament_cmake_args': None, 'build_base': '/home/tim/Documents/GitHub/WRG2024NextGen/build/turtlebot3_simulations', 'catkin_cmake_args': None, 'catkin_skip_building_tests': False, 'cmake_args': None, 'cmake_clean_cache': False, 'cmake_clean_first': False, 'cmake_force_configure': False, 'cmake_target': None, 'cmake_target_skip_unavailable': False, 'install_base': '/home/tim/Documents/GitHub/WRG2024NextGen/install/turtlebot3_simulations', 'merge_install': False, 'path': '/home/tim/Documents/GitHub/WRG2024NextGen/src/turtlebot3_simulations', 'symlink_install': False, 'test_result_base': None}
[0.222s] INFO:colcon.colcon_core.executor:Executing jobs using 'parallel' executor
[0.223s] DEBUG:colcon.colcon_parallel_executor.executor.parallel:run_until_complete
[0.223s] INFO:colcon.colcon_ros.task.ament_cmake.build:Building ROS package in '/home/tim/Documents/GitHub/WRG2024NextGen/src/turtlebot3_fake_node' with build type 'ament_cmake'
[0.223s] INFO:colcon.colcon_cmake.task.cmake.build:Building CMake package in '/home/tim/Documents/GitHub/WRG2024NextGen/src/turtlebot3_fake_node'
[0.224s] INFO:colcon.colcon_core.plugin_system:Skipping extension 'colcon_core.shell.bat': Not used on non-Windows systems
[0.224s] INFO:colcon.colcon_core.shell:Skip shell extension 'powershell' for command environment: Not usable outside of PowerShell
[0.224s] DEBUG:colcon.colcon_core.shell:Skip shell extension 'dsv' for command environment
[0.227s] INFO:colcon.colcon_ros.task.ament_cmake.build:Building ROS package in '/home/tim/Documents/GitHub/WRG2024NextGen/src/turtlebot3_gazebo' with build type 'ament_cmake'
[0.227s] INFO:colcon.colcon_cmake.task.cmake.build:Building CMake package in '/home/tim/Documents/GitHub/WRG2024NextGen/src/turtlebot3_gazebo'
[0.227s] INFO:colcon.colcon_core.shell:Skip shell extension 'powershell' for command environment: Not usable outside of PowerShell
[0.227s] DEBUG:colcon.colcon_core.shell:Skip shell extension 'dsv' for command environment
[0.232s] DEBUG:colcon.colcon_core.event_handler.log_command:Invoking command in '/home/tim/Documents/GitHub/WRG2024NextGen/build/turtlebot3_fake_node': CMAKE_PREFIX_PATH=${CMAKE_PREFIX_PATH}:/home/tim/ros2_ws/install/turtlesim_catch_them_all:/home/tim/ros2_ws/install/my_py_pkg:/opt/ros/humble /home/tim/.local/bin/cmake /home/tim/Documents/GitHub/WRG2024NextGen/src/turtlebot3_fake_node -DCMAKE_INSTALL_PREFIX=/home/tim/Documents/GitHub/WRG2024NextGen/install/turtlebot3_fake_node
[0.234s] DEBUG:colcon.colcon_core.event_handler.log_command:Invoking command in '/home/tim/Documents/GitHub/WRG2024NextGen/build/turtlebot3_gazebo': CMAKE_PREFIX_PATH=${CMAKE_PREFIX_PATH}:/home/tim/ros2_ws/install/turtlesim_catch_them_all:/home/tim/ros2_ws/install/my_py_pkg:/opt/ros/humble /home/tim/.local/bin/cmake /home/tim/Documents/GitHub/WRG2024NextGen/src/turtlebot3_gazebo -DCMAKE_INSTALL_PREFIX=/home/tim/Documents/GitHub/WRG2024NextGen/install/turtlebot3_gazebo
[1.537s] DEBUG:colcon.colcon_core.event_handler.log_command:Invoked command in '/home/tim/Documents/GitHub/WRG2024NextGen/build/turtlebot3_fake_node' returned '0': CMAKE_PREFIX_PATH=${CMAKE_PREFIX_PATH}:/home/tim/ros2_ws/install/turtlesim_catch_them_all:/home/tim/ros2_ws/install/my_py_pkg:/opt/ros/humble /home/tim/.local/bin/cmake /home/tim/Documents/GitHub/WRG2024NextGen/src/turtlebot3_fake_node -DCMAKE_INSTALL_PREFIX=/home/tim/Documents/GitHub/WRG2024NextGen/install/turtlebot3_fake_node
[1.538s] DEBUG:colcon.colcon_core.event_handler.log_command:Invoking command in '/home/tim/Documents/GitHub/WRG2024NextGen/build/turtlebot3_fake_node': CMAKE_PREFIX_PATH=${CMAKE_PREFIX_PATH}:/home/tim/ros2_ws/install/turtlesim_catch_them_all:/home/tim/ros2_ws/install/my_py_pkg:/opt/ros/humble /home/tim/.local/bin/cmake --build /home/tim/Documents/GitHub/WRG2024NextGen/build/turtlebot3_fake_node -- -j16 -l16
[2.009s] DEBUG:colcon.colcon_core.event_handler.log_command:Invoked command in '/home/tim/Documents/GitHub/WRG2024NextGen/build/turtlebot3_gazebo' returned '0': CMAKE_PREFIX_PATH=${CMAKE_PREFIX_PATH}:/home/tim/ros2_ws/install/turtlesim_catch_them_all:/home/tim/ros2_ws/install/my_py_pkg:/opt/ros/humble /home/tim/.local/bin/cmake /home/tim/Documents/GitHub/WRG2024NextGen/src/turtlebot3_gazebo -DCMAKE_INSTALL_PREFIX=/home/tim/Documents/GitHub/WRG2024NextGen/install/turtlebot3_gazebo
[2.010s] DEBUG:colcon.colcon_core.event_handler.log_command:Invoking command in '/home/tim/Documents/GitHub/WRG2024NextGen/build/turtlebot3_gazebo': CMAKE_PREFIX_PATH=${CMAKE_PREFIX_PATH}:/home/tim/ros2_ws/install/turtlesim_catch_them_all:/home/tim/ros2_ws/install/my_py_pkg:/opt/ros/humble /home/tim/.local/bin/cmake --build /home/tim/Documents/GitHub/WRG2024NextGen/build/turtlebot3_gazebo -- -j16 -l16
[9.663s] DEBUG:colcon.colcon_core.event_handler.log_command:Invoked command in '/home/tim/Documents/GitHub/WRG2024NextGen/build/turtlebot3_fake_node' returned '0': CMAKE_PREFIX_PATH=${CMAKE_PREFIX_PATH}:/home/tim/ros2_ws/install/turtlesim_catch_them_all:/home/tim/ros2_ws/install/my_py_pkg:/opt/ros/humble /home/tim/.local/bin/cmake --build /home/tim/Documents/GitHub/WRG2024NextGen/build/turtlebot3_fake_node -- -j16 -l16
[9.811s] DEBUG:colcon.colcon_core.event_handler.log_command:Invoking command in '/home/tim/Documents/GitHub/WRG2024NextGen/build/turtlebot3_fake_node': CMAKE_PREFIX_PATH=${CMAKE_PREFIX_PATH}:/home/tim/ros2_ws/install/turtlesim_catch_them_all:/home/tim/ros2_ws/install/my_py_pkg:/opt/ros/humble /home/tim/.local/bin/cmake --install /home/tim/Documents/GitHub/WRG2024NextGen/build/turtlebot3_fake_node
[9.885s] Level 1:colcon.colcon_core.environment:create_environment_scripts_only(turtlebot3_fake_node)
[9.885s] DEBUG:colcon.colcon_core.event_handler.log_command:Invoked command in '/home/tim/Documents/GitHub/WRG2024NextGen/build/turtlebot3_fake_node' returned '0': CMAKE_PREFIX_PATH=${CMAKE_PREFIX_PATH}:/home/tim/ros2_ws/install/turtlesim_catch_them_all:/home/tim/ros2_ws/install/my_py_pkg:/opt/ros/humble /home/tim/.local/bin/cmake --install /home/tim/Documents/GitHub/WRG2024NextGen/build/turtlebot3_fake_node
[9.887s] Level 1:colcon.colcon_core.environment:checking '/home/tim/Documents/GitHub/WRG2024NextGen/install/turtlebot3_fake_node' for CMake module files
[9.888s] Level 1:colcon.colcon_core.environment:checking '/home/tim/Documents/GitHub/WRG2024NextGen/install/turtlebot3_fake_node' for CMake config files
[9.888s] Level 1:colcon.colcon_core.shell:create_environment_hook('turtlebot3_fake_node', 'cmake_prefix_path')
[9.889s] INFO:colcon.colcon_core.shell:Creating environment hook '/home/tim/Documents/GitHub/WRG2024NextGen/install/turtlebot3_fake_node/share/turtlebot3_fake_node/hook/cmake_prefix_path.ps1'
[9.890s] INFO:colcon.colcon_core.shell:Creating environment descriptor '/home/tim/Documents/GitHub/WRG2024NextGen/install/turtlebot3_fake_node/share/turtlebot3_fake_node/hook/cmake_prefix_path.dsv'
[9.890s] INFO:colcon.colcon_core.shell:Creating environment hook '/home/tim/Documents/GitHub/WRG2024NextGen/install/turtlebot3_fake_node/share/turtlebot3_fake_node/hook/cmake_prefix_path.sh'
[9.891s] Level 1:colcon.colcon_core.environment:checking '/home/tim/Documents/GitHub/WRG2024NextGen/install/turtlebot3_fake_node/lib'
[9.892s] Level 1:colcon.colcon_core.environment:checking '/home/tim/Documents/GitHub/WRG2024NextGen/install/turtlebot3_fake_node/bin'
[9.892s] Level 1:colcon.colcon_core.environment:checking '/home/tim/Documents/GitHub/WRG2024NextGen/install/turtlebot3_fake_node/lib/pkgconfig/turtlebot3_fake_node.pc'
[9.892s] Level 1:colcon.colcon_core.environment:checking '/home/tim/Documents/GitHub/WRG2024NextGen/install/turtlebot3_fake_node/lib/python3.10/site-packages'
[9.892s] Level 1:colcon.colcon_core.environment:checking '/home/tim/Documents/GitHub/WRG2024NextGen/install/turtlebot3_fake_node/bin'
[9.893s] INFO:colcon.colcon_core.shell:Creating package script '/home/tim/Documents/GitHub/WRG2024NextGen/install/turtlebot3_fake_node/share/turtlebot3_fake_node/package.ps1'
[9.894s] INFO:colcon.colcon_core.shell:Creating package descriptor '/home/tim/Documents/GitHub/WRG2024NextGen/install/turtlebot3_fake_node/share/turtlebot3_fake_node/package.dsv'
[9.895s] INFO:colcon.colcon_core.shell:Creating package script '/home/tim/Documents/GitHub/WRG2024NextGen/install/turtlebot3_fake_node/share/turtlebot3_fake_node/package.sh'
[9.895s] INFO:colcon.colcon_core.shell:Creating package script '/home/tim/Documents/GitHub/WRG2024NextGen/install/turtlebot3_fake_node/share/turtlebot3_fake_node/package.bash'
[9.896s] INFO:colcon.colcon_core.shell:Creating package script '/home/tim/Documents/GitHub/WRG2024NextGen/install/turtlebot3_fake_node/share/turtlebot3_fake_node/package.zsh'
[9.897s] Level 1:colcon.colcon_core.environment:create_file_with_runtime_dependencies(/home/tim/Documents/GitHub/WRG2024NextGen/install/turtlebot3_fake_node/share/colcon-core/packages/turtlebot3_fake_node)
[9.977s] Level 1:colcon.colcon_core.environment:create_environment_scripts_only(turtlebot3_fake_node)
[9.978s] Level 1:colcon.colcon_core.environment:checking '/home/tim/Documents/GitHub/WRG2024NextGen/install/turtlebot3_fake_node' for CMake module files
[9.978s] Level 1:colcon.colcon_core.environment:checking '/home/tim/Documents/GitHub/WRG2024NextGen/install/turtlebot3_fake_node' for CMake config files
[9.978s] Level 1:colcon.colcon_core.shell:create_environment_hook('turtlebot3_fake_node', 'cmake_prefix_path')
[9.978s] INFO:colcon.colcon_core.shell:Creating environment hook '/home/tim/Documents/GitHub/WRG2024NextGen/install/turtlebot3_fake_node/share/turtlebot3_fake_node/hook/cmake_prefix_path.ps1'
[9.979s] INFO:colcon.colcon_core.shell:Creating environment descriptor '/home/tim/Documents/GitHub/WRG2024NextGen/install/turtlebot3_fake_node/share/turtlebot3_fake_node/hook/cmake_prefix_path.dsv'
[9.979s] INFO:colcon.colcon_core.shell:Creating environment hook '/home/tim/Documents/GitHub/WRG2024NextGen/install/turtlebot3_fake_node/share/turtlebot3_fake_node/hook/cmake_prefix_path.sh'
[9.979s] Level 1:colcon.colcon_core.environment:checking '/home/tim/Documents/GitHub/WRG2024NextGen/install/turtlebot3_fake_node/lib'
[9.979s] Level 1:colcon.colcon_core.environment:checking '/home/tim/Documents/GitHub/WRG2024NextGen/install/turtlebot3_fake_node/bin'
[9.979s] Level 1:colcon.colcon_core.environment:checking '/home/tim/Documents/GitHub/WRG2024NextGen/install/turtlebot3_fake_node/lib/pkgconfig/turtlebot3_fake_node.pc'
[9.980s] Level 1:colcon.colcon_core.environment:checking '/home/tim/Documents/GitHub/WRG2024NextGen/install/turtlebot3_fake_node/lib/python3.10/site-packages'
[9.980s] Level 1:colcon.colcon_core.environment:checking '/home/tim/Documents/GitHub/WRG2024NextGen/install/turtlebot3_fake_node/bin'
[9.980s] INFO:colcon.colcon_core.shell:Creating package script '/home/tim/Documents/GitHub/WRG2024NextGen/install/turtlebot3_fake_node/share/turtlebot3_fake_node/package.ps1'
[9.980s] INFO:colcon.colcon_core.shell:Creating package descriptor '/home/tim/Documents/GitHub/WRG2024NextGen/install/turtlebot3_fake_node/share/turtlebot3_fake_node/package.dsv'
[9.981s] INFO:colcon.colcon_core.shell:Creating package script '/home/tim/Documents/GitHub/WRG2024NextGen/install/turtlebot3_fake_node/share/turtlebot3_fake_node/package.sh'
[9.981s] INFO:colcon.colcon_core.shell:Creating package script '/home/tim/Documents/GitHub/WRG2024NextGen/install/turtlebot3_fake_node/share/turtlebot3_fake_node/package.bash'
[9.981s] INFO:colcon.colcon_core.shell:Creating package script '/home/tim/Documents/GitHub/WRG2024NextGen/install/turtlebot3_fake_node/share/turtlebot3_fake_node/package.zsh'
[9.981s] Level 1:colcon.colcon_core.environment:create_file_with_runtime_dependencies(/home/tim/Documents/GitHub/WRG2024NextGen/install/turtlebot3_fake_node/share/colcon-core/packages/turtlebot3_fake_node)
[11.823s] DEBUG:colcon.colcon_core.event_handler.log_command:Invoked command in '/home/tim/Documents/GitHub/WRG2024NextGen/build/turtlebot3_gazebo' returned '0': CMAKE_PREFIX_PATH=${CMAKE_PREFIX_PATH}:/home/tim/ros2_ws/install/turtlesim_catch_them_all:/home/tim/ros2_ws/install/my_py_pkg:/opt/ros/humble /home/tim/.local/bin/cmake --build /home/tim/Documents/GitHub/WRG2024NextGen/build/turtlebot3_gazebo -- -j16 -l16
[11.905s] DEBUG:colcon.colcon_core.event_handler.log_command:Invoking command in '/home/tim/Documents/GitHub/WRG2024NextGen/build/turtlebot3_gazebo': CMAKE_PREFIX_PATH=${CMAKE_PREFIX_PATH}:/home/tim/ros2_ws/install/turtlesim_catch_them_all:/home/tim/ros2_ws/install/my_py_pkg:/opt/ros/humble /home/tim/.local/bin/cmake --install /home/tim/Documents/GitHub/WRG2024NextGen/build/turtlebot3_gazebo
[11.975s] Level 1:colcon.colcon_core.environment:create_environment_scripts_only(turtlebot3_gazebo)
[11.975s] Level 1:colcon.colcon_core.environment:checking '/home/tim/Documents/GitHub/WRG2024NextGen/install/turtlebot3_gazebo' for CMake module files
[11.975s] DEBUG:colcon.colcon_core.event_handler.log_command:Invoked command in '/home/tim/Documents/GitHub/WRG2024NextGen/build/turtlebot3_gazebo' returned '0': CMAKE_PREFIX_PATH=${CMAKE_PREFIX_PATH}:/home/tim/ros2_ws/install/turtlesim_catch_them_all:/home/tim/ros2_ws/install/my_py_pkg:/opt/ros/humble /home/tim/.local/bin/cmake --install /home/tim/Documents/GitHub/WRG2024NextGen/build/turtlebot3_gazebo
[11.976s] Level 1:colcon.colcon_core.environment:checking '/home/tim/Documents/GitHub/WRG2024NextGen/install/turtlebot3_gazebo' for CMake config files
[11.976s] Level 1:colcon.colcon_core.shell:create_environment_hook('turtlebot3_gazebo', 'cmake_prefix_path')
[11.976s] INFO:colcon.colcon_core.shell:Creating environment hook '/home/tim/Documents/GitHub/WRG2024NextGen/install/turtlebot3_gazebo/share/turtlebot3_gazebo/hook/cmake_prefix_path.ps1'
[11.977s] INFO:colcon.colcon_core.shell:Creating environment descriptor '/home/tim/Documents/GitHub/WRG2024NextGen/install/turtlebot3_gazebo/share/turtlebot3_gazebo/hook/cmake_prefix_path.dsv'
[11.977s] INFO:colcon.colcon_core.shell:Creating environment hook '/home/tim/Documents/GitHub/WRG2024NextGen/install/turtlebot3_gazebo/share/turtlebot3_gazebo/hook/cmake_prefix_path.sh'
[11.977s] Level 1:colcon.colcon_core.environment:checking '/home/tim/Documents/GitHub/WRG2024NextGen/install/turtlebot3_gazebo/lib'
[11.977s] Level 1:colcon.colcon_core.environment:checking '/home/tim/Documents/GitHub/WRG2024NextGen/install/turtlebot3_gazebo/bin'
[11.977s] Level 1:colcon.colcon_core.environment:checking '/home/tim/Documents/GitHub/WRG2024NextGen/install/turtlebot3_gazebo/lib/pkgconfig/turtlebot3_gazebo.pc'
[11.977s] Level 1:colcon.colcon_core.environment:checking '/home/tim/Documents/GitHub/WRG2024NextGen/install/turtlebot3_gazebo/lib/python3.10/site-packages'
[11.977s] Level 1:colcon.colcon_core.environment:checking '/home/tim/Documents/GitHub/WRG2024NextGen/install/turtlebot3_gazebo/bin'
[11.977s] INFO:colcon.colcon_core.shell:Creating package script '/home/tim/Documents/GitHub/WRG2024NextGen/install/turtlebot3_gazebo/share/turtlebot3_gazebo/package.ps1'
[11.978s] INFO:colcon.colcon_core.shell:Creating package descriptor '/home/tim/Documents/GitHub/WRG2024NextGen/install/turtlebot3_gazebo/share/turtlebot3_gazebo/package.dsv'
[11.978s] INFO:colcon.colcon_core.shell:Creating package script '/home/tim/Documents/GitHub/WRG2024NextGen/install/turtlebot3_gazebo/share/turtlebot3_gazebo/package.sh'
[11.978s] INFO:colcon.colcon_core.shell:Creating package script '/home/tim/Documents/GitHub/WRG2024NextGen/install/turtlebot3_gazebo/share/turtlebot3_gazebo/package.bash'
[11.978s] INFO:colcon.colcon_core.shell:Creating package script '/home/tim/Documents/GitHub/WRG2024NextGen/install/turtlebot3_gazebo/share/turtlebot3_gazebo/package.zsh'
[11.978s] Level 1:colcon.colcon_core.environment:create_file_with_runtime_dependencies(/home/tim/Documents/GitHub/WRG2024NextGen/install/turtlebot3_gazebo/share/colcon-core/packages/turtlebot3_gazebo)
[12.051s] Level 1:colcon.colcon_core.environment:create_environment_scripts_only(turtlebot3_gazebo)
[12.051s] Level 1:colcon.colcon_core.environment:checking '/home/tim/Documents/GitHub/WRG2024NextGen/install/turtlebot3_gazebo' for CMake module files
[12.051s] Level 1:colcon.colcon_core.environment:checking '/home/tim/Documents/GitHub/WRG2024NextGen/install/turtlebot3_gazebo' for CMake config files
[12.051s] Level 1:colcon.colcon_core.shell:create_environment_hook('turtlebot3_gazebo', 'cmake_prefix_path')
[12.052s] INFO:colcon.colcon_core.shell:Creating environment hook '/home/tim/Documents/GitHub/WRG2024NextGen/install/turtlebot3_gazebo/share/turtlebot3_gazebo/hook/cmake_prefix_path.ps1'
[12.052s] INFO:colcon.colcon_core.shell:Creating environment descriptor '/home/tim/Documents/GitHub/WRG2024NextGen/install/turtlebot3_gazebo/share/turtlebot3_gazebo/hook/cmake_prefix_path.dsv'
[12.052s] INFO:colcon.colcon_core.shell:Creating environment hook '/home/tim/Documents/GitHub/WRG2024NextGen/install/turtlebot3_gazebo/share/turtlebot3_gazebo/hook/cmake_prefix_path.sh'
[12.052s] Level 1:colcon.colcon_core.environment:checking '/home/tim/Documents/GitHub/WRG2024NextGen/install/turtlebot3_gazebo/lib'
[12.052s] Level 1:colcon.colcon_core.environment:checking '/home/tim/Documents/GitHub/WRG2024NextGen/install/turtlebot3_gazebo/bin'
[12.053s] Level 1:colcon.colcon_core.environment:checking '/home/tim/Documents/GitHub/WRG2024NextGen/install/turtlebot3_gazebo/lib/pkgconfig/turtlebot3_gazebo.pc'
[12.053s] Level 1:colcon.colcon_core.environment:checking '/home/tim/Documents/GitHub/WRG2024NextGen/install/turtlebot3_gazebo/lib/python3.10/site-packages'
[12.053s] Level 1:colcon.colcon_core.environment:checking '/home/tim/Documents/GitHub/WRG2024NextGen/install/turtlebot3_gazebo/bin'
[12.053s] INFO:colcon.colcon_core.shell:Creating package script '/home/tim/Documents/GitHub/WRG2024NextGen/install/turtlebot3_gazebo/share/turtlebot3_gazebo/package.ps1'
[12.053s] INFO:colcon.colcon_core.shell:Creating package descriptor '/home/tim/Documents/GitHub/WRG2024NextGen/install/turtlebot3_gazebo/share/turtlebot3_gazebo/package.dsv'
[12.053s] INFO:colcon.colcon_core.shell:Creating package script '/home/tim/Documents/GitHub/WRG2024NextGen/install/turtlebot3_gazebo/share/turtlebot3_gazebo/package.sh'
[12.054s] INFO:colcon.colcon_core.shell:Creating package script '/home/tim/Documents/GitHub/WRG2024NextGen/install/turtlebot3_gazebo/share/turtlebot3_gazebo/package.bash'
[12.054s] INFO:colcon.colcon_core.shell:Creating package script '/home/tim/Documents/GitHub/WRG2024NextGen/install/turtlebot3_gazebo/share/turtlebot3_gazebo/package.zsh'
[12.054s] Level 1:colcon.colcon_core.environment:create_file_with_runtime_dependencies(/home/tim/Documents/GitHub/WRG2024NextGen/install/turtlebot3_gazebo/share/colcon-core/packages/turtlebot3_gazebo)
[12.054s] INFO:colcon.colcon_ros.task.ament_cmake.build:Building ROS package in '/home/tim/Documents/GitHub/WRG2024NextGen/src/turtlebot3_simulations' with build type 'ament_cmake'
[12.054s] INFO:colcon.colcon_cmake.task.cmake.build:Building CMake package in '/home/tim/Documents/GitHub/WRG2024NextGen/src/turtlebot3_simulations'
[12.055s] INFO:colcon.colcon_core.shell:Skip shell extension 'powershell' for command environment: Not usable outside of PowerShell
[12.055s] DEBUG:colcon.colcon_core.shell:Skip shell extension 'dsv' for command environment
[12.061s] DEBUG:colcon.colcon_core.event_handler.log_command:Invoking command in '/home/tim/Documents/GitHub/WRG2024NextGen/build/turtlebot3_simulations': AMENT_PREFIX_PATH=/home/tim/Documents/GitHub/WRG2024NextGen/install/turtlebot3_gazebo:/home/tim/Documents/GitHub/WRG2024NextGen/install/turtlebot3_fake_node:${AMENT_PREFIX_PATH} CMAKE_PREFIX_PATH=/home/tim/Documents/GitHub/WRG2024NextGen/install/turtlebot3_gazebo:/home/tim/Documents/GitHub/WRG2024NextGen/install/turtlebot3_fake_node:/home/tim/wrg_turtlebot3_ws/WRG2024NextGen/install/turtlebot3_simulations:/home/tim/wrg_turtlebot3_ws/WRG2024NextGen/install/turtlebot3_gazebo:/home/tim/wrg_turtlebot3_ws/WRG2024NextGen/install/turtlebot3_fake_node:/home/tim/ros2_ws2/install/robot_bringup:/home/tim/ros2_ws2/install/xacro_compatible:/home/tim/ros2_ws2/install/my_robot_description:/home/tim/ros2_ws2/install/first_urdf:/home/tim/ros2_ws/install/my_robot_bringup:/home/tim/ros2_ws/install/my_cpp_pkg:/home/tim/ros2_ws/install/my_robot_interfaces:/home/tim/ros2_ws/install/turtlesim_catch_them_all:/home/tim/ros2_ws/install/my_py_pkg:/opt/ros/humble /home/tim/.local/bin/cmake /home/tim/Documents/GitHub/WRG2024NextGen/src/turtlebot3_simulations -DCMAKE_INSTALL_PREFIX=/home/tim/Documents/GitHub/WRG2024NextGen/install/turtlebot3_simulations
[12.563s] DEBUG:colcon.colcon_core.event_handler.log_command:Invoked command in '/home/tim/Documents/GitHub/WRG2024NextGen/build/turtlebot3_simulations' returned '0': AMENT_PREFIX_PATH=/home/tim/Documents/GitHub/WRG2024NextGen/install/turtlebot3_gazebo:/home/tim/Documents/GitHub/WRG2024NextGen/install/turtlebot3_fake_node:${AMENT_PREFIX_PATH} CMAKE_PREFIX_PATH=/home/tim/Documents/GitHub/WRG2024NextGen/install/turtlebot3_gazebo:/home/tim/Documents/GitHub/WRG2024NextGen/install/turtlebot3_fake_node:/home/tim/wrg_turtlebot3_ws/WRG2024NextGen/install/turtlebot3_simulations:/home/tim/wrg_turtlebot3_ws/WRG2024NextGen/install/turtlebot3_gazebo:/home/tim/wrg_turtlebot3_ws/WRG2024NextGen/install/turtlebot3_fake_node:/home/tim/ros2_ws2/install/robot_bringup:/home/tim/ros2_ws2/install/xacro_compatible:/home/tim/ros2_ws2/install/my_robot_description:/home/tim/ros2_ws2/install/first_urdf:/home/tim/ros2_ws/install/my_robot_bringup:/home/tim/ros2_ws/install/my_cpp_pkg:/home/tim/ros2_ws/install/my_robot_interfaces:/home/tim/ros2_ws/install/turtlesim_catch_them_all:/home/tim/ros2_ws/install/my_py_pkg:/opt/ros/humble /home/tim/.local/bin/cmake /home/tim/Documents/GitHub/WRG2024NextGen/src/turtlebot3_simulations -DCMAKE_INSTALL_PREFIX=/home/tim/Documents/GitHub/WRG2024NextGen/install/turtlebot3_simulations
[12.564s] DEBUG:colcon.colcon_core.event_handler.log_command:Invoking command in '/home/tim/Documents/GitHub/WRG2024NextGen/build/turtlebot3_simulations': AMENT_PREFIX_PATH=/home/tim/Documents/GitHub/WRG2024NextGen/install/turtlebot3_gazebo:/home/tim/Documents/GitHub/WRG2024NextGen/install/turtlebot3_fake_node:${AMENT_PREFIX_PATH} CMAKE_PREFIX_PATH=/home/tim/Documents/GitHub/WRG2024NextGen/install/turtlebot3_gazebo:/home/tim/Documents/GitHub/WRG2024NextGen/install/turtlebot3_fake_node:/home/tim/wrg_turtlebot3_ws/WRG2024NextGen/install/turtlebot3_simulations:/home/tim/wrg_turtlebot3_ws/WRG2024NextGen/install/turtlebot3_gazebo:/home/tim/wrg_turtlebot3_ws/WRG2024NextGen/install/turtlebot3_fake_node:/home/tim/ros2_ws2/install/robot_bringup:/home/tim/ros2_ws2/install/xacro_compatible:/home/tim/ros2_ws2/install/my_robot_description:/home/tim/ros2_ws2/install/first_urdf:/home/tim/ros2_ws/install/my_robot_bringup:/home/tim/ros2_ws/install/my_cpp_pkg:/home/tim/ros2_ws/install/my_robot_interfaces:/home/tim/ros2_ws/install/turtlesim_catch_them_all:/home/tim/ros2_ws/install/my_py_pkg:/opt/ros/humble /home/tim/.local/bin/cmake --build /home/tim/Documents/GitHub/WRG2024NextGen/build/turtlebot3_simulations -- -j16 -l16
[12.629s] DEBUG:colcon.colcon_core.event_handler.log_command:Invoked command in '/home/tim/Documents/GitHub/WRG2024NextGen/build/turtlebot3_simulations' returned '0': AMENT_PREFIX_PATH=/home/tim/Documents/GitHub/WRG2024NextGen/install/turtlebot3_gazebo:/home/tim/Documents/GitHub/WRG2024NextGen/install/turtlebot3_fake_node:${AMENT_PREFIX_PATH} CMAKE_PREFIX_PATH=/home/tim/Documents/GitHub/WRG2024NextGen/install/turtlebot3_gazebo:/home/tim/Documents/GitHub/WRG2024NextGen/install/turtlebot3_fake_node:/home/tim/wrg_turtlebot3_ws/WRG2024NextGen/install/turtlebot3_simulations:/home/tim/wrg_turtlebot3_ws/WRG2024NextGen/install/turtlebot3_gazebo:/home/tim/wrg_turtlebot3_ws/WRG2024NextGen/install/turtlebot3_fake_node:/home/tim/ros2_ws2/install/robot_bringup:/home/tim/ros2_ws2/install/xacro_compatible:/home/tim/ros2_ws2/install/my_robot_description:/home/tim/ros2_ws2/install/first_urdf:/home/tim/ros2_ws/install/my_robot_bringup:/home/tim/ros2_ws/install/my_cpp_pkg:/home/tim/ros2_ws/install/my_robot_interfaces:/home/tim/ros2_ws/install/turtlesim_catch_them_all:/home/tim/ros2_ws/install/my_py_pkg:/opt/ros/humble /home/tim/.local/bin/cmake --build /home/tim/Documents/GitHub/WRG2024NextGen/build/turtlebot3_simulations -- -j16 -l16
[12.691s] DEBUG:colcon.colcon_core.event_handler.log_command:Invoking command in '/home/tim/Documents/GitHub/WRG2024NextGen/build/turtlebot3_simulations': AMENT_PREFIX_PATH=/home/tim/Documents/GitHub/WRG2024NextGen/install/turtlebot3_gazebo:/home/tim/Documents/GitHub/WRG2024NextGen/install/turtlebot3_fake_node:${AMENT_PREFIX_PATH} CMAKE_PREFIX_PATH=/home/tim/Documents/GitHub/WRG2024NextGen/install/turtlebot3_gazebo:/home/tim/Documents/GitHub/WRG2024NextGen/install/turtlebot3_fake_node:/home/tim/wrg_turtlebot3_ws/WRG2024NextGen/install/turtlebot3_simulations:/home/tim/wrg_turtlebot3_ws/WRG2024NextGen/install/turtlebot3_gazebo:/home/tim/wrg_turtlebot3_ws/WRG2024NextGen/install/turtlebot3_fake_node:/home/tim/ros2_ws2/install/robot_bringup:/home/tim/ros2_ws2/install/xacro_compatible:/home/tim/ros2_ws2/install/my_robot_description:/home/tim/ros2_ws2/install/first_urdf:/home/tim/ros2_ws/install/my_robot_bringup:/home/tim/ros2_ws/install/my_cpp_pkg:/home/tim/ros2_ws/install/my_robot_interfaces:/home/tim/ros2_ws/install/turtlesim_catch_them_all:/home/tim/ros2_ws/install/my_py_pkg:/opt/ros/humble /home/tim/.local/bin/cmake --install /home/tim/Documents/GitHub/WRG2024NextGen/build/turtlebot3_simulations
[12.745s] Level 1:colcon.colcon_core.environment:create_environment_scripts_only(turtlebot3_simulations)
[12.746s] DEBUG:colcon.colcon_core.event_handler.log_command:Invoked command in '/home/tim/Documents/GitHub/WRG2024NextGen/build/turtlebot3_simulations' returned '0': AMENT_PREFIX_PATH=/home/tim/Documents/GitHub/WRG2024NextGen/install/turtlebot3_gazebo:/home/tim/Documents/GitHub/WRG2024NextGen/install/turtlebot3_fake_node:${AMENT_PREFIX_PATH} CMAKE_PREFIX_PATH=/home/tim/Documents/GitHub/WRG2024NextGen/install/turtlebot3_gazebo:/home/tim/Documents/GitHub/WRG2024NextGen/install/turtlebot3_fake_node:/home/tim/wrg_turtlebot3_ws/WRG2024NextGen/install/turtlebot3_simulations:/home/tim/wrg_turtlebot3_ws/WRG2024NextGen/install/turtlebot3_gazebo:/home/tim/wrg_turtlebot3_ws/WRG2024NextGen/install/turtlebot3_fake_node:/home/tim/ros2_ws2/install/robot_bringup:/home/tim/ros2_ws2/install/xacro_compatible:/home/tim/ros2_ws2/install/my_robot_description:/home/tim/ros2_ws2/install/first_urdf:/home/tim/ros2_ws/install/my_robot_bringup:/home/tim/ros2_ws/install/my_cpp_pkg:/home/tim/ros2_ws/install/my_robot_interfaces:/home/tim/ros2_ws/install/turtlesim_catch_them_all:/home/tim/ros2_ws/install/my_py_pkg:/opt/ros/humble /home/tim/.local/bin/cmake --install /home/tim/Documents/GitHub/WRG2024NextGen/build/turtlebot3_simulations
[12.746s] Level 1:colcon.colcon_core.environment:checking '/home/tim/Documents/GitHub/WRG2024NextGen/install/turtlebot3_simulations' for CMake module files
[12.746s] Level 1:colcon.colcon_core.environment:checking '/home/tim/Documents/GitHub/WRG2024NextGen/install/turtlebot3_simulations' for CMake config files
[12.746s] Level 1:colcon.colcon_core.shell:create_environment_hook('turtlebot3_simulations', 'cmake_prefix_path')
[12.746s] INFO:colcon.colcon_core.shell:Creating environment hook '/home/tim/Documents/GitHub/WRG2024NextGen/install/turtlebot3_simulations/share/turtlebot3_simulations/hook/cmake_prefix_path.ps1'
[12.747s] INFO:colcon.colcon_core.shell:Creating environment descriptor '/home/tim/Documents/GitHub/WRG2024NextGen/install/turtlebot3_simulations/share/turtlebot3_simulations/hook/cmake_prefix_path.dsv'
[12.747s] INFO:colcon.colcon_core.shell:Creating environment hook '/home/tim/Documents/GitHub/WRG2024NextGen/install/turtlebot3_simulations/share/turtlebot3_simulations/hook/cmake_prefix_path.sh'
[12.747s] Level 1:colcon.colcon_core.environment:checking '/home/tim/Documents/GitHub/WRG2024NextGen/install/turtlebot3_simulations/bin'
[12.747s] Level 1:colcon.colcon_core.environment:checking '/home/tim/Documents/GitHub/WRG2024NextGen/install/turtlebot3_simulations/lib/pkgconfig/turtlebot3_simulations.pc'
[12.747s] Level 1:colcon.colcon_core.environment:checking '/home/tim/Documents/GitHub/WRG2024NextGen/install/turtlebot3_simulations/lib/python3.10/site-packages'
[12.747s] Level 1:colcon.colcon_core.environment:checking '/home/tim/Documents/GitHub/WRG2024NextGen/install/turtlebot3_simulations/bin'
[12.748s] INFO:colcon.colcon_core.shell:Creating package script '/home/tim/Documents/GitHub/WRG2024NextGen/install/turtlebot3_simulations/share/turtlebot3_simulations/package.ps1'
[12.748s] INFO:colcon.colcon_core.shell:Creating package descriptor '/home/tim/Documents/GitHub/WRG2024NextGen/install/turtlebot3_simulations/share/turtlebot3_simulations/package.dsv'
[12.748s] INFO:colcon.colcon_core.shell:Creating package script '/home/tim/Documents/GitHub/WRG2024NextGen/install/turtlebot3_simulations/share/turtlebot3_simulations/package.sh'
[12.748s] INFO:colcon.colcon_core.shell:Creating package script '/home/tim/Documents/GitHub/WRG2024NextGen/install/turtlebot3_simulations/share/turtlebot3_simulations/package.bash'
[12.748s] INFO:colcon.colcon_core.shell:Creating package script '/home/tim/Documents/GitHub/WRG2024NextGen/install/turtlebot3_simulations/share/turtlebot3_simulations/package.zsh'
[12.748s] Level 1:colcon.colcon_core.environment:create_file_with_runtime_dependencies(/home/tim/Documents/GitHub/WRG2024NextGen/install/turtlebot3_simulations/share/colcon-core/packages/turtlebot3_simulations)
[12.810s] Level 1:colcon.colcon_core.environment:create_environment_scripts_only(turtlebot3_simulations)
[12.811s] Level 1:colcon.colcon_core.environment:checking '/home/tim/Documents/GitHub/WRG2024NextGen/install/turtlebot3_simulations' for CMake module files
[12.811s] Level 1:colcon.colcon_core.environment:checking '/home/tim/Documents/GitHub/WRG2024NextGen/install/turtlebot3_simulations' for CMake config files
[12.811s] Level 1:colcon.colcon_core.shell:create_environment_hook('turtlebot3_simulations', 'cmake_prefix_path')
[12.811s] INFO:colcon.colcon_core.shell:Creating environment hook '/home/tim/Documents/GitHub/WRG2024NextGen/install/turtlebot3_simulations/share/turtlebot3_simulations/hook/cmake_prefix_path.ps1'
[12.811s] INFO:colcon.colcon_core.shell:Creating environment descriptor '/home/tim/Documents/GitHub/WRG2024NextGen/install/turtlebot3_simulations/share/turtlebot3_simulations/hook/cmake_prefix_path.dsv'
[12.812s] INFO:colcon.colcon_core.shell:Creating environment hook '/home/tim/Documents/GitHub/WRG2024NextGen/install/turtlebot3_simulations/share/turtlebot3_simulations/hook/cmake_prefix_path.sh'
[12.812s] Level 1:colcon.colcon_core.environment:checking '/home/tim/Documents/GitHub/WRG2024NextGen/install/turtlebot3_simulations/bin'
[12.812s] Level 1:colcon.colcon_core.environment:checking '/home/tim/Documents/GitHub/WRG2024NextGen/install/turtlebot3_simulations/lib/pkgconfig/turtlebot3_simulations.pc'
[12.812s] Level 1:colcon.colcon_core.environment:checking '/home/tim/Documents/GitHub/WRG2024NextGen/install/turtlebot3_simulations/lib/python3.10/site-packages'
[12.812s] Level 1:colcon.colcon_core.environment:checking '/home/tim/Documents/GitHub/WRG2024NextGen/install/turtlebot3_simulations/bin'
[12.812s] INFO:colcon.colcon_core.shell:Creating package script '/home/tim/Documents/GitHub/WRG2024NextGen/install/turtlebot3_simulations/share/turtlebot3_simulations/package.ps1'
[12.813s] INFO:colcon.colcon_core.shell:Creating package descriptor '/home/tim/Documents/GitHub/WRG2024NextGen/install/turtlebot3_simulations/share/turtlebot3_simulations/package.dsv'
[12.813s] INFO:colcon.colcon_core.shell:Creating package script '/home/tim/Documents/GitHub/WRG2024NextGen/install/turtlebot3_simulations/share/turtlebot3_simulations/package.sh'
[12.813s] INFO:colcon.colcon_core.shell:Creating package script '/home/tim/Documents/GitHub/WRG2024NextGen/install/turtlebot3_simulations/share/turtlebot3_simulations/package.bash'
[12.813s] INFO:colcon.colcon_core.shell:Creating package script '/home/tim/Documents/GitHub/WRG2024NextGen/install/turtlebot3_simulations/share/turtlebot3_simulations/package.zsh'
[12.813s] Level 1:colcon.colcon_core.environment:create_file_with_runtime_dependencies(/home/tim/Documents/GitHub/WRG2024NextGen/install/turtlebot3_simulations/share/colcon-core/packages/turtlebot3_simulations)
[12.814s] DEBUG:colcon.colcon_parallel_executor.executor.parallel:closing loop
[12.814s] DEBUG:colcon.colcon_parallel_executor.executor.parallel:loop closed
[12.814s] DEBUG:colcon.colcon_parallel_executor.executor.parallel:run_until_complete finished with '0'
[12.814s] DEBUG:colcon.colcon_core.event_reactor:joining thread
[12.817s] INFO:colcon.colcon_core.plugin_system:Skipping extension 'colcon_notification.desktop_notification.terminal_notifier': Not used on non-Darwin systems
[12.817s] INFO:colcon.colcon_core.plugin_system:Skipping extension 'colcon_notification.desktop_notification.win32': Not used on non-Windows systems
[12.817s] INFO:colcon.colcon_notification.desktop_notification:Sending desktop notification using 'notify2'
[12.826s] DEBUG:colcon.colcon_core.event_reactor:joined thread
[12.826s] INFO:colcon.colcon_core.shell:Creating prefix script '/home/tim/Documents/GitHub/WRG2024NextGen/install/local_setup.ps1'
[12.827s] INFO:colcon.colcon_core.shell:Creating prefix util module '/home/tim/Documents/GitHub/WRG2024NextGen/install/_local_setup_util_ps1.py'
[12.827s] INFO:colcon.colcon_core.shell:Creating prefix chain script '/home/tim/Documents/GitHub/WRG2024NextGen/install/setup.ps1'
[12.828s] INFO:colcon.colcon_core.shell:Creating prefix script '/home/tim/Documents/GitHub/WRG2024NextGen/install/local_setup.sh'
[12.829s] INFO:colcon.colcon_core.shell:Creating prefix util module '/home/tim/Documents/GitHub/WRG2024NextGen/install/_local_setup_util_sh.py'
[12.829s] INFO:colcon.colcon_core.shell:Creating prefix chain script '/home/tim/Documents/GitHub/WRG2024NextGen/install/setup.sh'
[12.829s] INFO:colcon.colcon_core.shell:Creating prefix script '/home/tim/Documents/GitHub/WRG2024NextGen/install/local_setup.bash'
[12.830s] INFO:colcon.colcon_core.shell:Creating prefix chain script '/home/tim/Documents/GitHub/WRG2024NextGen/install/setup.bash'
[12.830s] INFO:colcon.colcon_core.shell:Creating prefix script '/home/tim/Documents/GitHub/WRG2024NextGen/install/local_setup.zsh'
[12.831s] INFO:colcon.colcon_core.shell:Creating prefix chain script '/home/tim/Documents/GitHub/WRG2024NextGen/install/setup.zsh'
