[0.016s] Invoking command in '/home/auresol/Documents/work/ros2/WRG2024NextGen/src/build/turtlebot3_gazebo': CMAKE_PREFIX_PATH=${CMAKE_PREFIX_PATH}:/home/auresol/Documents/ros2/install/py_pkg_test:/opt/ros/humble /usr/bin/cmake --build /home/auresol/Documents/work/ros2/WRG2024NextGen/src/build/turtlebot3_gazebo -- -j8 -l8
[0.094s] [ 25%] Built target turtlebot3_drive
[0.109s] [ 50%] Built target obstacles
[0.122s] [ 75%] Built target obstacle2
[0.125s] [100%] Built target obstacle1
[0.139s] Invoked command in '/home/auresol/Documents/work/ros2/WRG2024NextGen/src/build/turtlebot3_gazebo' returned '0': CMAKE_PREFIX_PATH=${CMAKE_PREFIX_PATH}:/home/auresol/Documents/ros2/install/py_pkg_test:/opt/ros/humble /usr/bin/cmake --build /home/auresol/Documents/work/ros2/WRG2024NextGen/src/build/turtlebot3_gazebo -- -j8 -l8
[0.199s] Invoking command in '/home/auresol/Documents/work/ros2/WRG2024NextGen/src/build/turtlebot3_gazebo': CMAKE_PREFIX_PATH=${CMAKE_PREFIX_PATH}:/home/auresol/Documents/ros2/install/py_pkg_test:/opt/ros/humble /usr/bin/cmake --install /home/auresol/Documents/work/ros2/WRG2024NextGen/src/build/turtlebot3_gazebo
[0.210s] -- Install configuration: ""
[0.211s] -- Up-to-date: /home/auresol/Documents/work/ros2/WRG2024NextGen/src/install/turtlebot3_gazebo/lib/turtlebot3_gazebo/turtlebot3_drive
[0.211s] -- Up-to-date: /home/auresol/Documents/work/ros2/WRG2024NextGen/src/install/turtlebot3_gazebo/share/turtlebot3_gazebo//launch
[0.211s] -- Up-to-date: /home/auresol/Documents/work/ros2/WRG2024NextGen/src/install/turtlebot3_gazebo/share/turtlebot3_gazebo//launch/empty_world.launch.py
[0.211s] -- Up-to-date: /home/auresol/Documents/work/ros2/WRG2024NextGen/src/install/turtlebot3_gazebo/share/turtlebot3_gazebo//launch/turtlebot3_house.launch.py
[0.212s] -- Up-to-date: /home/auresol/Documents/work/ros2/WRG2024NextGen/src/install/turtlebot3_gazebo/share/turtlebot3_gazebo//launch/turtlebot3_dqn_stage2.launch.py
[0.212s] -- Up-to-date: /home/auresol/Documents/work/ros2/WRG2024NextGen/src/install/turtlebot3_gazebo/share/turtlebot3_gazebo//launch/turtlebot3_dqn_stage1.launch.py
[0.212s] -- Up-to-date: /home/auresol/Documents/work/ros2/WRG2024NextGen/src/install/turtlebot3_gazebo/share/turtlebot3_gazebo//launch/robot_state_publisher.launch.py
[0.213s] -- Up-to-date: /home/auresol/Documents/work/ros2/WRG2024NextGen/src/install/turtlebot3_gazebo/share/turtlebot3_gazebo//launch/turtlebot3_dqn_stage4.launch.py
[0.213s] -- Up-to-date: /home/auresol/Documents/work/ros2/WRG2024NextGen/src/install/turtlebot3_gazebo/share/turtlebot3_gazebo//launch/spawn_turtlebot3.launch.py
[0.213s] -- Up-to-date: /home/auresol/Documents/work/ros2/WRG2024NextGen/src/install/turtlebot3_gazebo/share/turtlebot3_gazebo//launch/turtlebot3_dqn_stage3.launch.py
[0.213s] -- Up-to-date: /home/auresol/Documents/work/ros2/WRG2024NextGen/src/install/turtlebot3_gazebo/share/turtlebot3_gazebo//launch/turtlebot3_world.launch.py
[0.213s] -- Up-to-date: /home/auresol/Documents/work/ros2/WRG2024NextGen/src/install/turtlebot3_gazebo/share/turtlebot3_gazebo//models
[0.213s] -- Up-to-date: /home/auresol/Documents/work/ros2/WRG2024NextGen/src/install/turtlebot3_gazebo/share/turtlebot3_gazebo//models/turtlebot3_house
[0.214s] -- Up-to-date: /home/auresol/Documents/work/ros2/WRG2024NextGen/src/install/turtlebot3_gazebo/share/turtlebot3_gazebo//models/turtlebot3_house/model.config
[0.214s] -- Up-to-date: /home/auresol/Documents/work/ros2/WRG2024NextGen/src/install/turtlebot3_gazebo/share/turtlebot3_gazebo//models/turtlebot3_house/model.sdf
[0.214s] -- Up-to-date: /home/auresol/Documents/work/ros2/WRG2024NextGen/src/install/turtlebot3_gazebo/share/turtlebot3_gazebo//models/turtlebot3_common
[0.214s] -- Up-to-date: /home/auresol/Documents/work/ros2/WRG2024NextGen/src/install/turtlebot3_gazebo/share/turtlebot3_gazebo//models/turtlebot3_common/meshes
[0.214s] -- Up-to-date: /home/auresol/Documents/work/ros2/WRG2024NextGen/src/install/turtlebot3_gazebo/share/turtlebot3_gazebo//models/turtlebot3_common/meshes/tire.dae
[0.214s] -- Up-to-date: /home/auresol/Documents/work/ros2/WRG2024NextGen/src/install/turtlebot3_gazebo/share/turtlebot3_gazebo//models/turtlebot3_common/meshes/r200.dae
[0.215s] -- Up-to-date: /home/auresol/Documents/work/ros2/WRG2024NextGen/src/install/turtlebot3_gazebo/share/turtlebot3_gazebo//models/turtlebot3_common/meshes/burger_base.dae
[0.215s] -- Up-to-date: /home/auresol/Documents/work/ros2/WRG2024NextGen/src/install/turtlebot3_gazebo/share/turtlebot3_gazebo//models/turtlebot3_common/meshes/waffle_base.dae
[0.215s] -- Up-to-date: /home/auresol/Documents/work/ros2/WRG2024NextGen/src/install/turtlebot3_gazebo/share/turtlebot3_gazebo//models/turtlebot3_common/meshes/lds.dae
[0.215s] -- Up-to-date: /home/auresol/Documents/work/ros2/WRG2024NextGen/src/install/turtlebot3_gazebo/share/turtlebot3_gazebo//models/turtlebot3_common/meshes/waffle_pi_base.dae
[0.215s] -- Up-to-date: /home/auresol/Documents/work/ros2/WRG2024NextGen/src/install/turtlebot3_gazebo/share/turtlebot3_gazebo//models/turtlebot3_common/model.config
[0.215s] -- Up-to-date: /home/auresol/Documents/work/ros2/WRG2024NextGen/src/install/turtlebot3_gazebo/share/turtlebot3_gazebo//models/turtlebot3_waffle
[0.215s] -- Up-to-date: /home/auresol/Documents/work/ros2/WRG2024NextGen/src/install/turtlebot3_gazebo/share/turtlebot3_gazebo//models/turtlebot3_waffle/model.config
[0.216s] -- Up-to-date: /home/auresol/Documents/work/ros2/WRG2024NextGen/src/install/turtlebot3_gazebo/share/turtlebot3_gazebo//models/turtlebot3_waffle/model-1_4.sdf
[0.216s] -- Up-to-date: /home/auresol/Documents/work/ros2/WRG2024NextGen/src/install/turtlebot3_gazebo/share/turtlebot3_gazebo//models/turtlebot3_waffle/model.sdf
[0.216s] -- Up-to-date: /home/auresol/Documents/work/ros2/WRG2024NextGen/src/install/turtlebot3_gazebo/share/turtlebot3_gazebo//models/turtlebot3_waffle_pi
[0.216s] -- Up-to-date: /home/auresol/Documents/work/ros2/WRG2024NextGen/src/install/turtlebot3_gazebo/share/turtlebot3_gazebo//models/turtlebot3_waffle_pi/model-1_4_.sdf
[0.216s] -- Up-to-date: /home/auresol/Documents/work/ros2/WRG2024NextGen/src/install/turtlebot3_gazebo/share/turtlebot3_gazebo//models/turtlebot3_waffle_pi/model.config
[0.216s] -- Up-to-date: /home/auresol/Documents/work/ros2/WRG2024NextGen/src/install/turtlebot3_gazebo/share/turtlebot3_gazebo//models/turtlebot3_waffle_pi/model.sdf
[0.216s] -- Up-to-date: /home/auresol/Documents/work/ros2/WRG2024NextGen/src/install/turtlebot3_gazebo/share/turtlebot3_gazebo//models/turtlebot3_dqn_world
[0.216s] -- Up-to-date: /home/auresol/Documents/work/ros2/WRG2024NextGen/src/install/turtlebot3_gazebo/share/turtlebot3_gazebo//models/turtlebot3_dqn_world/inner_walls
[0.216s] -- Up-to-date: /home/auresol/Documents/work/ros2/WRG2024NextGen/src/install/turtlebot3_gazebo/share/turtlebot3_gazebo//models/turtlebot3_dqn_world/inner_walls/model.config
[0.216s] -- Up-to-date: /home/auresol/Documents/work/ros2/WRG2024NextGen/src/install/turtlebot3_gazebo/share/turtlebot3_gazebo//models/turtlebot3_dqn_world/inner_walls/model.sdf
[0.216s] -- Up-to-date: /home/auresol/Documents/work/ros2/WRG2024NextGen/src/install/turtlebot3_gazebo/share/turtlebot3_gazebo//models/turtlebot3_dqn_world/obstacle_plugin
[0.217s] -- Up-to-date: /home/auresol/Documents/work/ros2/WRG2024NextGen/src/install/turtlebot3_gazebo/share/turtlebot3_gazebo//models/turtlebot3_dqn_world/obstacle_plugin/obstacle1.cc
[0.217s] -- Up-to-date: /home/auresol/Documents/work/ros2/WRG2024NextGen/src/install/turtlebot3_gazebo/share/turtlebot3_gazebo//models/turtlebot3_dqn_world/obstacle_plugin/obstacles.cc
[0.217s] -- Up-to-date: /home/auresol/Documents/work/ros2/WRG2024NextGen/src/install/turtlebot3_gazebo/share/turtlebot3_gazebo//models/turtlebot3_dqn_world/obstacle_plugin/obstacle2.cc
[0.217s] -- Up-to-date: /home/auresol/Documents/work/ros2/WRG2024NextGen/src/install/turtlebot3_gazebo/share/turtlebot3_gazebo//models/turtlebot3_dqn_world/obstacle_plugin/CMakeLists.txt
[0.217s] -- Up-to-date: /home/auresol/Documents/work/ros2/WRG2024NextGen/src/install/turtlebot3_gazebo/share/turtlebot3_gazebo//models/turtlebot3_dqn_world/obstacle1
[0.217s] -- Up-to-date: /home/auresol/Documents/work/ros2/WRG2024NextGen/src/install/turtlebot3_gazebo/share/turtlebot3_gazebo//models/turtlebot3_dqn_world/obstacle1/model.config
[0.217s] -- Up-to-date: /home/auresol/Documents/work/ros2/WRG2024NextGen/src/install/turtlebot3_gazebo/share/turtlebot3_gazebo//models/turtlebot3_dqn_world/obstacle1/model.sdf
[0.217s] -- Up-to-date: /home/auresol/Documents/work/ros2/WRG2024NextGen/src/install/turtlebot3_gazebo/share/turtlebot3_gazebo//models/turtlebot3_dqn_world/goal_box
[0.218s] -- Up-to-date: /home/auresol/Documents/work/ros2/WRG2024NextGen/src/install/turtlebot3_gazebo/share/turtlebot3_gazebo//models/turtlebot3_dqn_world/goal_box/model.config
[0.218s] -- Up-to-date: /home/auresol/Documents/work/ros2/WRG2024NextGen/src/install/turtlebot3_gazebo/share/turtlebot3_gazebo//models/turtlebot3_dqn_world/goal_box/model.sdf
[0.218s] -- Up-to-date: /home/auresol/Documents/work/ros2/WRG2024NextGen/src/install/turtlebot3_gazebo/share/turtlebot3_gazebo//models/turtlebot3_dqn_world/obstacles
[0.218s] -- Up-to-date: /home/auresol/Documents/work/ros2/WRG2024NextGen/src/install/turtlebot3_gazebo/share/turtlebot3_gazebo//models/turtlebot3_dqn_world/obstacles/model.config
[0.219s] -- Up-to-date: /home/auresol/Documents/work/ros2/WRG2024NextGen/src/install/turtlebot3_gazebo/share/turtlebot3_gazebo//models/turtlebot3_dqn_world/obstacles/model.sdf
[0.219s] -- Up-to-date: /home/auresol/Documents/work/ros2/WRG2024NextGen/src/install/turtlebot3_gazebo/share/turtlebot3_gazebo//models/turtlebot3_dqn_world/model.config
[0.220s] -- Up-to-date: /home/auresol/Documents/work/ros2/WRG2024NextGen/src/install/turtlebot3_gazebo/share/turtlebot3_gazebo//models/turtlebot3_dqn_world/obstacle2
[0.220s] -- Up-to-date: /home/auresol/Documents/work/ros2/WRG2024NextGen/src/install/turtlebot3_gazebo/share/turtlebot3_gazebo//models/turtlebot3_dqn_world/obstacle2/model.config
[0.220s] -- Up-to-date: /home/auresol/Documents/work/ros2/WRG2024NextGen/src/install/turtlebot3_gazebo/share/turtlebot3_gazebo//models/turtlebot3_dqn_world/obstacle2/model.sdf
[0.220s] -- Up-to-date: /home/auresol/Documents/work/ros2/WRG2024NextGen/src/install/turtlebot3_gazebo/share/turtlebot3_gazebo//models/turtlebot3_dqn_world/model.sdf
[0.220s] -- Up-to-date: /home/auresol/Documents/work/ros2/WRG2024NextGen/src/install/turtlebot3_gazebo/share/turtlebot3_gazebo//models/turtlebot3_world
[0.221s] -- Up-to-date: /home/auresol/Documents/work/ros2/WRG2024NextGen/src/install/turtlebot3_gazebo/share/turtlebot3_gazebo//models/turtlebot3_world/meshes
[0.221s] -- Up-to-date: /home/auresol/Documents/work/ros2/WRG2024NextGen/src/install/turtlebot3_gazebo/share/turtlebot3_gazebo//models/turtlebot3_world/meshes/hexagon.dae
[0.221s] -- Up-to-date: /home/auresol/Documents/work/ros2/WRG2024NextGen/src/install/turtlebot3_gazebo/share/turtlebot3_gazebo//models/turtlebot3_world/meshes/wall.dae
[0.221s] -- Up-to-date: /home/auresol/Documents/work/ros2/WRG2024NextGen/src/install/turtlebot3_gazebo/share/turtlebot3_gazebo//models/turtlebot3_world/model.config
[0.221s] -- Up-to-date: /home/auresol/Documents/work/ros2/WRG2024NextGen/src/install/turtlebot3_gazebo/share/turtlebot3_gazebo//models/turtlebot3_world/model-1_4.sdf
[0.222s] -- Up-to-date: /home/auresol/Documents/work/ros2/WRG2024NextGen/src/install/turtlebot3_gazebo/share/turtlebot3_gazebo//models/turtlebot3_world/model.sdf
[0.222s] -- Up-to-date: /home/auresol/Documents/work/ros2/WRG2024NextGen/src/install/turtlebot3_gazebo/share/turtlebot3_gazebo//models/turtlebot3_burger
[0.222s] -- Up-to-date: /home/auresol/Documents/work/ros2/WRG2024NextGen/src/install/turtlebot3_gazebo/share/turtlebot3_gazebo//models/turtlebot3_burger/model.config
[0.222s] -- Up-to-date: /home/auresol/Documents/work/ros2/WRG2024NextGen/src/install/turtlebot3_gazebo/share/turtlebot3_gazebo//models/turtlebot3_burger/model-1_4.sdf
[0.222s] -- Up-to-date: /home/auresol/Documents/work/ros2/WRG2024NextGen/src/install/turtlebot3_gazebo/share/turtlebot3_gazebo//models/turtlebot3_burger/model.sdf
[0.223s] -- Up-to-date: /home/auresol/Documents/work/ros2/WRG2024NextGen/src/install/turtlebot3_gazebo/share/turtlebot3_gazebo//rviz
[0.223s] -- Up-to-date: /home/auresol/Documents/work/ros2/WRG2024NextGen/src/install/turtlebot3_gazebo/share/turtlebot3_gazebo//rviz/tb3_gazebo.rviz
[0.223s] -- Up-to-date: /home/auresol/Documents/work/ros2/WRG2024NextGen/src/install/turtlebot3_gazebo/share/turtlebot3_gazebo//urdf
[0.224s] -- Up-to-date: /home/auresol/Documents/work/ros2/WRG2024NextGen/src/install/turtlebot3_gazebo/share/turtlebot3_gazebo//urdf/turtlebot3_burger.urdf
[0.225s] -- Up-to-date: /home/auresol/Documents/work/ros2/WRG2024NextGen/src/install/turtlebot3_gazebo/share/turtlebot3_gazebo//urdf/turtlebot3_waffle.urdf
[0.225s] -- Up-to-date: /home/auresol/Documents/work/ros2/WRG2024NextGen/src/install/turtlebot3_gazebo/share/turtlebot3_gazebo//urdf/common_properties.urdf
[0.225s] -- Up-to-date: /home/auresol/Documents/work/ros2/WRG2024NextGen/src/install/turtlebot3_gazebo/share/turtlebot3_gazebo//urdf/turtlebot3_waffle_pi.urdf
[0.225s] -- Up-to-date: /home/auresol/Documents/work/ros2/WRG2024NextGen/src/install/turtlebot3_gazebo/share/turtlebot3_gazebo//worlds
[0.225s] -- Up-to-date: /home/auresol/Documents/work/ros2/WRG2024NextGen/src/install/turtlebot3_gazebo/share/turtlebot3_gazebo//worlds/turtlebot3_dqn_stage2.world
[0.225s] -- Up-to-date: /home/auresol/Documents/work/ros2/WRG2024NextGen/src/install/turtlebot3_gazebo/share/turtlebot3_gazebo//worlds/empty_world.world
[0.225s] -- Up-to-date: /home/auresol/Documents/work/ros2/WRG2024NextGen/src/install/turtlebot3_gazebo/share/turtlebot3_gazebo//worlds/turtlebot3_dqn_stage1.world
[0.226s] -- Up-to-date: /home/auresol/Documents/work/ros2/WRG2024NextGen/src/install/turtlebot3_gazebo/share/turtlebot3_gazebo//worlds/turtlebot3_dqn_stage4.world
[0.226s] -- Up-to-date: /home/auresol/Documents/work/ros2/WRG2024NextGen/src/install/turtlebot3_gazebo/share/turtlebot3_gazebo//worlds/turtlebot3_dqn_stage3.world
[0.226s] -- Up-to-date: /home/auresol/Documents/work/ros2/WRG2024NextGen/src/install/turtlebot3_gazebo/share/turtlebot3_gazebo//worlds/turtlebot3_world.world
[0.226s] -- Up-to-date: /home/auresol/Documents/work/ros2/WRG2024NextGen/src/install/turtlebot3_gazebo/share/turtlebot3_gazebo//worlds/turtlebot3_house.world
[0.226s] -- Up-to-date: /home/auresol/Documents/work/ros2/WRG2024NextGen/src/install/turtlebot3_gazebo/include/
[0.226s] -- Up-to-date: /home/auresol/Documents/work/ros2/WRG2024NextGen/src/install/turtlebot3_gazebo/include//turtlebot3_gazebo
[0.226s] -- Up-to-date: /home/auresol/Documents/work/ros2/WRG2024NextGen/src/install/turtlebot3_gazebo/include//turtlebot3_gazebo/turtlebot3_drive.hpp
[0.226s] -- Up-to-date: /home/auresol/Documents/work/ros2/WRG2024NextGen/src/install/turtlebot3_gazebo/share/ament_index/resource_index/package_run_dependencies/turtlebot3_gazebo
[0.226s] -- Up-to-date: /home/auresol/Documents/work/ros2/WRG2024NextGen/src/install/turtlebot3_gazebo/share/ament_index/resource_index/parent_prefix_path/turtlebot3_gazebo
[0.227s] -- Up-to-date: /home/auresol/Documents/work/ros2/WRG2024NextGen/src/install/turtlebot3_gazebo/share/turtlebot3_gazebo/environment/ament_prefix_path.sh
[0.227s] -- Up-to-date: /home/auresol/Documents/work/ros2/WRG2024NextGen/src/install/turtlebot3_gazebo/share/turtlebot3_gazebo/environment/ament_prefix_path.dsv
[0.227s] -- Up-to-date: /home/auresol/Documents/work/ros2/WRG2024NextGen/src/install/turtlebot3_gazebo/share/turtlebot3_gazebo/environment/path.sh
[0.227s] -- Up-to-date: /home/auresol/Documents/work/ros2/WRG2024NextGen/src/install/turtlebot3_gazebo/share/turtlebot3_gazebo/environment/path.dsv
[0.227s] -- Up-to-date: /home/auresol/Documents/work/ros2/WRG2024NextGen/src/install/turtlebot3_gazebo/share/turtlebot3_gazebo/local_setup.bash
[0.227s] -- Up-to-date: /home/auresol/Documents/work/ros2/WRG2024NextGen/src/install/turtlebot3_gazebo/share/turtlebot3_gazebo/local_setup.sh
[0.227s] -- Up-to-date: /home/auresol/Documents/work/ros2/WRG2024NextGen/src/install/turtlebot3_gazebo/share/turtlebot3_gazebo/local_setup.zsh
[0.227s] -- Up-to-date: /home/auresol/Documents/work/ros2/WRG2024NextGen/src/install/turtlebot3_gazebo/share/turtlebot3_gazebo/local_setup.dsv
[0.227s] -- Installing: /home/auresol/Documents/work/ros2/WRG2024NextGen/src/install/turtlebot3_gazebo/share/turtlebot3_gazebo/package.dsv
[0.228s] -- Up-to-date: /home/auresol/Documents/work/ros2/WRG2024NextGen/src/install/turtlebot3_gazebo/share/ament_index/resource_index/packages/turtlebot3_gazebo
[0.228s] -- Up-to-date: /home/auresol/Documents/work/ros2/WRG2024NextGen/src/install/turtlebot3_gazebo/share/turtlebot3_gazebo/cmake/ament_cmake_export_include_directories-extras.cmake
[0.229s] -- Up-to-date: /home/auresol/Documents/work/ros2/WRG2024NextGen/src/install/turtlebot3_gazebo/share/turtlebot3_gazebo/cmake/ament_cmake_export_dependencies-extras.cmake
[0.229s] -- Up-to-date: /home/auresol/Documents/work/ros2/WRG2024NextGen/src/install/turtlebot3_gazebo/share/turtlebot3_gazebo/cmake/turtlebot3_gazeboConfig.cmake
[0.229s] -- Up-to-date: /home/auresol/Documents/work/ros2/WRG2024NextGen/src/install/turtlebot3_gazebo/share/turtlebot3_gazebo/cmake/turtlebot3_gazeboConfig-version.cmake
[0.229s] -- Up-to-date: /home/auresol/Documents/work/ros2/WRG2024NextGen/src/install/turtlebot3_gazebo/share/turtlebot3_gazebo/package.xml
[0.230s] Invoked command in '/home/auresol/Documents/work/ros2/WRG2024NextGen/src/build/turtlebot3_gazebo' returned '0': CMAKE_PREFIX_PATH=${CMAKE_PREFIX_PATH}:/home/auresol/Documents/ros2/install/py_pkg_test:/opt/ros/humble /usr/bin/cmake --install /home/auresol/Documents/work/ros2/WRG2024NextGen/src/build/turtlebot3_gazebo
