[0.015s] Invoking command in '/home/auresol/Documents/work/ros2/WRG2024NextGen/src/build/turtlebot3_msgs': CMAKE_PREFIX_PATH=${CMAKE_PREFIX_PATH}:/home/auresol/Documents/ros2/install/py_pkg_test:/opt/ros/humble /usr/bin/cmake /home/auresol/Documents/work/ros2/WRG2024NextGen/src/turtlebot3_msgs -DCMAKE_INSTALL_PREFIX=/home/auresol/Documents/work/ros2/WRG2024NextGen/src/install/turtlebot3_msgs
[0.076s] -- The C compiler identification is GNU 11.4.0
[0.123s] -- The CXX compiler identification is GNU 11.4.0
[0.131s] -- Detecting C compiler ABI info
[0.191s] -- Detecting C compiler ABI info - done
[0.198s] -- Check for working C compiler: /usr/bin/cc - skipped
[0.198s] -- Detecting C compile features
[0.198s] -- Detecting C compile features - done
[0.200s] -- Detecting CXX compiler ABI info
[0.280s] -- Detecting CXX compiler ABI info - done
[0.287s] -- Check for working CXX compiler: /usr/bin/c++ - skipped
[0.287s] -- Detecting CXX compile features
[0.287s] -- Detecting CXX compile features - done
[0.289s] -- Found action_msgs: 1.2.1 (/opt/ros/humble/share/action_msgs/cmake)
[0.459s] -- Found Python3: /usr/bin/python3 (found version "3.10.12") found components: Interpreter 
[0.593s] -- Found rosidl_generator_c: 3.1.5 (/opt/ros/humble/share/rosidl_generator_c/cmake)
[0.599s] -- Found rosidl_adapter: 3.1.5 (/opt/ros/humble/share/rosidl_adapter/cmake)
[0.606s] -- Found rosidl_generator_cpp: 3.1.5 (/opt/ros/humble/share/rosidl_generator_cpp/cmake)
[0.618s] -- Using all available rosidl_typesupport_c: rosidl_typesupport_fastrtps_c;rosidl_typesupport_introspection_c
[0.637s] -- Using all available rosidl_typesupport_cpp: rosidl_typesupport_fastrtps_cpp;rosidl_typesupport_introspection_cpp
[0.705s] -- Found rosidl_default_generators: 1.2.0 (/opt/ros/humble/share/rosidl_default_generators/cmake)
[0.715s] -- Found std_msgs: 4.2.4 (/opt/ros/humble/share/std_msgs/cmake)
[1.130s] -- Found ament_cmake_cppcheck: 0.12.11 (/opt/ros/humble/share/ament_cmake_cppcheck/cmake)
[1.137s] -- Found ament_cmake_cpplint: 0.12.11 (/opt/ros/humble/share/ament_cmake_cpplint/cmake)
[1.141s] -- Found ament_cmake_uncrustify: 0.12.11 (/opt/ros/humble/share/ament_cmake_uncrustify/cmake)
[1.144s] -- Found ament_cmake_ros: 0.10.0 (/opt/ros/humble/share/ament_cmake_ros/cmake)
[1.662s] -- Using all available rosidl_typesupport_c: rosidl_typesupport_fastrtps_c;rosidl_typesupport_introspection_c
[1.920s] -- Using all available rosidl_typesupport_cpp: rosidl_typesupport_fastrtps_cpp;rosidl_typesupport_introspection_cpp
[1.941s] -- Found PythonInterp: /usr/bin/python3 (found suitable version "3.10.12", minimum required is "3.6") 
[1.945s] -- Found python_cmake_module: 0.10.0 (/opt/ros/humble/share/python_cmake_module/cmake)
[1.987s] -- Found PythonLibs: /usr/lib/x86_64-linux-gnu/libpython3.10.so (found suitable version "3.10.12", minimum required is "3.5") 
[1.987s] -- Using PYTHON_EXECUTABLE: /usr/bin/python3
[1.987s] -- Using PYTHON_INCLUDE_DIRS: /usr/include/python3.10
[1.987s] -- Using PYTHON_LIBRARIES: /usr/lib/x86_64-linux-gnu/libpython3.10.so
[2.023s] -- Found PythonExtra: .so  
[2.125s] -- Found ament_cmake_flake8: 0.12.11 (/opt/ros/humble/share/ament_cmake_flake8/cmake)
[2.132s] -- Found ament_cmake_pep257: 0.12.11 (/opt/ros/humble/share/ament_cmake_pep257/cmake)
[2.145s] -- Configuring done
[2.179s] -- Generating done
[2.181s] -- Build files have been written to: /home/auresol/Documents/work/ros2/WRG2024NextGen/src/build/turtlebot3_msgs
[2.191s] Invoked command in '/home/auresol/Documents/work/ros2/WRG2024NextGen/src/build/turtlebot3_msgs' returned '0': CMAKE_PREFIX_PATH=${CMAKE_PREFIX_PATH}:/home/auresol/Documents/ros2/install/py_pkg_test:/opt/ros/humble /usr/bin/cmake /home/auresol/Documents/work/ros2/WRG2024NextGen/src/turtlebot3_msgs -DCMAKE_INSTALL_PREFIX=/home/auresol/Documents/work/ros2/WRG2024NextGen/src/install/turtlebot3_msgs
[2.193s] Invoking command in '/home/auresol/Documents/work/ros2/WRG2024NextGen/src/build/turtlebot3_msgs': CMAKE_PREFIX_PATH=${CMAKE_PREFIX_PATH}:/home/auresol/Documents/ros2/install/py_pkg_test:/opt/ros/humble /usr/bin/cmake --build /home/auresol/Documents/work/ros2/WRG2024NextGen/src/build/turtlebot3_msgs -- -j8 -l8
[2.252s] [  1%] [34m[1mGenerating C code for ROS interfaces[0m
[2.262s] [  2%] [34m[1mGenerating C++ code for ROS interfaces[0m
[2.275s] [  2%] Built target ament_cmake_python_copy_turtlebot3_msgs
[2.467s] running egg_info
[2.468s] creating turtlebot3_msgs.egg-info
[2.468s] writing turtlebot3_msgs.egg-info/PKG-INFO
[2.468s] writing dependency_links to turtlebot3_msgs.egg-info/dependency_links.txt
[2.468s] writing top-level names to turtlebot3_msgs.egg-info/top_level.txt
[2.468s] writing manifest file 'turtlebot3_msgs.egg-info/SOURCES.txt'
[2.470s] reading manifest file 'turtlebot3_msgs.egg-info/SOURCES.txt'
[2.470s] writing manifest file 'turtlebot3_msgs.egg-info/SOURCES.txt'
[2.500s] [  2%] Built target ament_cmake_python_build_turtlebot3_msgs_egg
[3.103s] [  2%] Built target turtlebot3_msgs__cpp
[3.103s] [  4%] [32mBuilding C object CMakeFiles/turtlebot3_msgs__rosidl_generator_c.dir/rosidl_generator_c/turtlebot3_msgs/msg/detail/sensor_state__functions.c.o[0m
[3.103s] [  5%] [32mBuilding C object CMakeFiles/turtlebot3_msgs__rosidl_generator_c.dir/rosidl_generator_c/turtlebot3_msgs/msg/detail/sound__functions.c.o[0m
[3.106s] [  8%] [32mBuilding C object CMakeFiles/turtlebot3_msgs__rosidl_generator_c.dir/rosidl_generator_c/turtlebot3_msgs/srv/detail/dqn__functions.c.o[0m
[3.106s] [  8%] [32mBuilding C object CMakeFiles/turtlebot3_msgs__rosidl_generator_c.dir/rosidl_generator_c/turtlebot3_msgs/srv/detail/sound__functions.c.o[0m
[3.110s] [ 11%] [32mBuilding C object CMakeFiles/turtlebot3_msgs__rosidl_generator_c.dir/rosidl_generator_c/turtlebot3_msgs/action/detail/patrol__functions.c.o[0m
[3.110s] [ 11%] [32mBuilding C object CMakeFiles/turtlebot3_msgs__rosidl_generator_c.dir/rosidl_generator_c/turtlebot3_msgs/msg/detail/version_info__functions.c.o[0m
[3.114s] [ 12%] [34m[1mGenerating C++ type support for eProsima Fast-RTPS[0m
[3.114s] [ 14%] [34m[1mGenerating C++ type support dispatch for ROS interfaces[0m
[3.160s] [ 15%] [34m[1mGenerating C++ introspection for ROS interfaces[0m
[3.234s] [ 16%] [32m[1mLinking C shared library libturtlebot3_msgs__rosidl_generator_c.so[0m
[3.272s] [ 16%] Built target turtlebot3_msgs__rosidl_generator_c
[3.283s] [ 19%] [34m[1mGenerating C type support dispatch for ROS interfaces[0m
[3.283s] [ 19%] [34m[1mGenerating C type support for eProsima Fast-RTPS[0m
[3.283s] [ 21%] [34m[1mGenerating C introspection for ROS interfaces[0m
[3.744s] [ 23%] [32mBuilding CXX object CMakeFiles/turtlebot3_msgs__rosidl_typesupport_cpp.dir/rosidl_typesupport_cpp/turtlebot3_msgs/msg/version_info__type_support.cpp.o[0m
[3.744s] [ 23%] [32mBuilding CXX object CMakeFiles/turtlebot3_msgs__rosidl_typesupport_cpp.dir/rosidl_typesupport_cpp/turtlebot3_msgs/msg/sound__type_support.cpp.o[0m
[3.749s] [ 25%] [32mBuilding CXX object CMakeFiles/turtlebot3_msgs__rosidl_typesupport_cpp.dir/rosidl_typesupport_cpp/turtlebot3_msgs/msg/sensor_state__type_support.cpp.o[0m
[3.958s] [ 26%] [32mBuilding CXX object CMakeFiles/turtlebot3_msgs__rosidl_typesupport_introspection_cpp.dir/rosidl_typesupport_introspection_cpp/turtlebot3_msgs/msg/detail/sensor_state__type_support.cpp.o[0m
[3.994s] [ 28%] [32mBuilding CXX object CMakeFiles/turtlebot3_msgs__rosidl_typesupport_c.dir/rosidl_typesupport_c/turtlebot3_msgs/msg/sensor_state__type_support.cpp.o[0m
[4.018s] [ 29%] [32mBuilding CXX object CMakeFiles/turtlebot3_msgs__rosidl_typesupport_cpp.dir/rosidl_typesupport_cpp/turtlebot3_msgs/srv/sound__type_support.cpp.o[0m
[4.021s] [ 30%] [32mBuilding CXX object CMakeFiles/turtlebot3_msgs__rosidl_typesupport_cpp.dir/rosidl_typesupport_cpp/turtlebot3_msgs/srv/dqn__type_support.cpp.o[0m
[4.026s] [ 33%] [32mBuilding CXX object CMakeFiles/turtlebot3_msgs__rosidl_typesupport_c.dir/rosidl_typesupport_c/turtlebot3_msgs/msg/sound__type_support.cpp.o[0m
[4.026s] [ 33%] [32mBuilding CXX object CMakeFiles/turtlebot3_msgs__rosidl_typesupport_cpp.dir/rosidl_typesupport_cpp/turtlebot3_msgs/action/patrol__type_support.cpp.o[0m
[4.046s] [ 35%] [32mBuilding CXX object CMakeFiles/turtlebot3_msgs__rosidl_typesupport_fastrtps_cpp.dir/rosidl_typesupport_fastrtps_cpp/turtlebot3_msgs/msg/detail/dds_fastrtps/sensor_state__type_support.cpp.o[0m
[4.059s] [ 36%] [32mBuilding CXX object CMakeFiles/turtlebot3_msgs__rosidl_typesupport_c.dir/rosidl_typesupport_c/turtlebot3_msgs/msg/version_info__type_support.cpp.o[0m
[4.092s] [ 38%] [32mBuilding CXX object CMakeFiles/turtlebot3_msgs__rosidl_typesupport_c.dir/rosidl_typesupport_c/turtlebot3_msgs/srv/sound__type_support.cpp.o[0m
[4.127s] [ 39%] [32mBuilding CXX object CMakeFiles/turtlebot3_msgs__rosidl_typesupport_c.dir/rosidl_typesupport_c/turtlebot3_msgs/srv/dqn__type_support.cpp.o[0m
[4.167s] [ 40%] [32mBuilding CXX object CMakeFiles/turtlebot3_msgs__rosidl_typesupport_c.dir/rosidl_typesupport_c/turtlebot3_msgs/action/patrol__type_support.cpp.o[0m
[4.171s] [ 42%] [32mBuilding C object CMakeFiles/turtlebot3_msgs__rosidl_typesupport_introspection_c.dir/rosidl_typesupport_introspection_c/turtlebot3_msgs/msg/detail/sensor_state__type_support.c.o[0m
[4.203s] [ 43%] [32mBuilding CXX object CMakeFiles/turtlebot3_msgs__rosidl_typesupport_fastrtps_c.dir/rosidl_typesupport_fastrtps_c/turtlebot3_msgs/msg/detail/sensor_state__type_support_c.cpp.o[0m
[4.213s] [ 45%] [32mBuilding C object CMakeFiles/turtlebot3_msgs__rosidl_typesupport_introspection_c.dir/rosidl_typesupport_introspection_c/turtlebot3_msgs/msg/detail/sound__type_support.c.o[0m
[4.222s] [ 46%] [32m[1mLinking CXX shared library libturtlebot3_msgs__rosidl_typesupport_c.so[0m
[4.258s] [ 47%] [32mBuilding C object CMakeFiles/turtlebot3_msgs__rosidl_typesupport_introspection_c.dir/rosidl_typesupport_introspection_c/turtlebot3_msgs/msg/detail/version_info__type_support.c.o[0m
[4.275s] [ 47%] Built target turtlebot3_msgs__rosidl_typesupport_c
[4.285s] [ 49%] [32mBuilding CXX object CMakeFiles/turtlebot3_msgs__rosidl_typesupport_fastrtps_c.dir/rosidl_typesupport_fastrtps_c/turtlebot3_msgs/msg/detail/sound__type_support_c.cpp.o[0m
[4.288s] [ 52%] [32mBuilding CXX object CMakeFiles/turtlebot3_msgs__rosidl_typesupport_fastrtps_cpp.dir/rosidl_typesupport_fastrtps_cpp/turtlebot3_msgs/msg/detail/dds_fastrtps/sound__type_support.cpp.o[0m
[4.288s] [ 52%] [32mBuilding CXX object CMakeFiles/turtlebot3_msgs__rosidl_typesupport_fastrtps_c.dir/rosidl_typesupport_fastrtps_c/turtlebot3_msgs/msg/detail/version_info__type_support_c.cpp.o[0m
[4.300s] [ 53%] [32mBuilding C object CMakeFiles/turtlebot3_msgs__rosidl_typesupport_introspection_c.dir/rosidl_typesupport_introspection_c/turtlebot3_msgs/srv/detail/sound__type_support.c.o[0m
[4.340s] [ 54%] [32mBuilding CXX object CMakeFiles/turtlebot3_msgs__rosidl_typesupport_introspection_cpp.dir/rosidl_typesupport_introspection_cpp/turtlebot3_msgs/msg/detail/sound__type_support.cpp.o[0m
[4.346s] [ 56%] [32mBuilding C object CMakeFiles/turtlebot3_msgs__rosidl_typesupport_introspection_c.dir/rosidl_typesupport_introspection_c/turtlebot3_msgs/srv/detail/dqn__type_support.c.o[0m
[4.397s] [ 57%] [32mBuilding C object CMakeFiles/turtlebot3_msgs__rosidl_typesupport_introspection_c.dir/rosidl_typesupport_introspection_c/turtlebot3_msgs/action/detail/patrol__type_support.c.o[0m
[4.452s] [ 59%] [32mBuilding CXX object CMakeFiles/turtlebot3_msgs__rosidl_typesupport_fastrtps_cpp.dir/rosidl_typesupport_fastrtps_cpp/turtlebot3_msgs/msg/detail/dds_fastrtps/version_info__type_support.cpp.o[0m
[4.465s] [ 60%] [32m[1mLinking C shared library libturtlebot3_msgs__rosidl_typesupport_introspection_c.so[0m
[4.502s] [ 61%] [32m[1mLinking CXX shared library libturtlebot3_msgs__rosidl_typesupport_cpp.so[0m
[4.504s] [ 61%] Built target turtlebot3_msgs__rosidl_typesupport_introspection_c
[4.514s] [ 63%] [32mBuilding CXX object CMakeFiles/turtlebot3_msgs__rosidl_typesupport_fastrtps_cpp.dir/rosidl_typesupport_fastrtps_cpp/turtlebot3_msgs/srv/detail/dds_fastrtps/sound__type_support.cpp.o[0m
[4.543s] [ 64%] [32mBuilding CXX object CMakeFiles/turtlebot3_msgs__rosidl_typesupport_fastrtps_c.dir/rosidl_typesupport_fastrtps_c/turtlebot3_msgs/srv/detail/sound__type_support_c.cpp.o[0m
[4.550s] [ 64%] Built target turtlebot3_msgs__rosidl_typesupport_cpp
[4.561s] [ 66%] [32mBuilding CXX object CMakeFiles/turtlebot3_msgs__rosidl_typesupport_fastrtps_c.dir/rosidl_typesupport_fastrtps_c/turtlebot3_msgs/srv/detail/dqn__type_support_c.cpp.o[0m
[4.612s] [ 67%] [32mBuilding CXX object CMakeFiles/turtlebot3_msgs__rosidl_typesupport_fastrtps_c.dir/rosidl_typesupport_fastrtps_c/turtlebot3_msgs/action/detail/patrol__type_support_c.cpp.o[0m
[4.643s] [ 69%] [32mBuilding CXX object CMakeFiles/turtlebot3_msgs__rosidl_typesupport_fastrtps_cpp.dir/rosidl_typesupport_fastrtps_cpp/turtlebot3_msgs/srv/detail/dds_fastrtps/dqn__type_support.cpp.o[0m
[4.699s] [ 70%] [32mBuilding CXX object CMakeFiles/turtlebot3_msgs__rosidl_typesupport_fastrtps_cpp.dir/rosidl_typesupport_fastrtps_cpp/turtlebot3_msgs/action/detail/dds_fastrtps/patrol__type_support.cpp.o[0m
[4.734s] [ 71%] [32mBuilding CXX object CMakeFiles/turtlebot3_msgs__rosidl_typesupport_introspection_cpp.dir/rosidl_typesupport_introspection_cpp/turtlebot3_msgs/msg/detail/version_info__type_support.cpp.o[0m
[4.851s] [ 73%] [32mBuilding CXX object CMakeFiles/turtlebot3_msgs__rosidl_typesupport_introspection_cpp.dir/rosidl_typesupport_introspection_cpp/turtlebot3_msgs/srv/detail/sound__type_support.cpp.o[0m
[4.891s] [ 74%] [32mBuilding CXX object CMakeFiles/turtlebot3_msgs__rosidl_typesupport_introspection_cpp.dir/rosidl_typesupport_introspection_cpp/turtlebot3_msgs/srv/detail/dqn__type_support.cpp.o[0m
[4.905s] [ 76%] [32mBuilding CXX object CMakeFiles/turtlebot3_msgs__rosidl_typesupport_introspection_cpp.dir/rosidl_typesupport_introspection_cpp/turtlebot3_msgs/action/detail/patrol__type_support.cpp.o[0m
[4.985s] [ 77%] [32m[1mLinking CXX shared library libturtlebot3_msgs__rosidl_typesupport_fastrtps_c.so[0m
[5.110s] [ 77%] Built target turtlebot3_msgs__rosidl_typesupport_fastrtps_c
[5.235s] [ 78%] [32m[1mLinking CXX shared library libturtlebot3_msgs__rosidl_typesupport_fastrtps_cpp.so[0m
[5.323s] [ 78%] Built target turtlebot3_msgs__rosidl_typesupport_fastrtps_cpp
[5.406s] [ 80%] [32m[1mLinking CXX shared library libturtlebot3_msgs__rosidl_typesupport_introspection_cpp.so[0m
[5.511s] [ 80%] Built target turtlebot3_msgs__rosidl_typesupport_introspection_cpp
[5.549s] [ 80%] Built target turtlebot3_msgs
[5.581s] [ 81%] [34m[1mGenerating Python code for ROS interfaces[0m
[6.982s] [ 81%] Built target turtlebot3_msgs__py
[7.001s] [ 84%] [32mBuilding C object CMakeFiles/turtlebot3_msgs__rosidl_generator_py.dir/rosidl_generator_py/turtlebot3_msgs/msg/_version_info_s.c.o[0m
[7.001s] [ 84%] [32mBuilding C object CMakeFiles/turtlebot3_msgs__rosidl_generator_py.dir/rosidl_generator_py/turtlebot3_msgs/msg/_sound_s.c.o[0m
[7.002s] [ 87%] [32mBuilding C object CMakeFiles/turtlebot3_msgs__rosidl_generator_py.dir/rosidl_generator_py/turtlebot3_msgs/srv/_sound_s.c.o[0m
[7.003s] [ 87%] [32mBuilding C object CMakeFiles/turtlebot3_msgs__rosidl_generator_py.dir/rosidl_generator_py/turtlebot3_msgs/srv/_dqn_s.c.o[0m
[7.005s] [ 88%] [32mBuilding C object CMakeFiles/turtlebot3_msgs__rosidl_generator_py.dir/rosidl_generator_py/turtlebot3_msgs/msg/_sensor_state_s.c.o[0m
[7.009s] [ 90%] [32mBuilding C object CMakeFiles/turtlebot3_msgs__rosidl_generator_py.dir/rosidl_generator_py/turtlebot3_msgs/action/_patrol_s.c.o[0m
[7.156s] [ 91%] [32m[1mLinking C shared library rosidl_generator_py/turtlebot3_msgs/libturtlebot3_msgs__rosidl_generator_py.so[0m
[7.205s] [ 91%] Built target turtlebot3_msgs__rosidl_generator_py
[7.225s] [ 92%] [32mBuilding C object CMakeFiles/turtlebot3_msgs__rosidl_typesupport_fastrtps_c__pyext.dir/rosidl_generator_py/turtlebot3_msgs/_turtlebot3_msgs_s.ep.rosidl_typesupport_fastrtps_c.c.o[0m
[7.231s] [ 94%] [32mBuilding C object CMakeFiles/turtlebot3_msgs__rosidl_typesupport_c__pyext.dir/rosidl_generator_py/turtlebot3_msgs/_turtlebot3_msgs_s.ep.rosidl_typesupport_c.c.o[0m
[7.231s] [ 95%] [32mBuilding C object CMakeFiles/turtlebot3_msgs__rosidl_typesupport_introspection_c__pyext.dir/rosidl_generator_py/turtlebot3_msgs/_turtlebot3_msgs_s.ep.rosidl_typesupport_introspection_c.c.o[0m
[7.348s] [ 97%] [32m[1mLinking C shared library rosidl_generator_py/turtlebot3_msgs/turtlebot3_msgs_s__rosidl_typesupport_fastrtps_c.cpython-310-x86_64-linux-gnu.so[0m
[7.351s] [ 98%] [32m[1mLinking C shared library rosidl_generator_py/turtlebot3_msgs/turtlebot3_msgs_s__rosidl_typesupport_introspection_c.cpython-310-x86_64-linux-gnu.so[0m
[7.368s] [100%] [32m[1mLinking C shared library rosidl_generator_py/turtlebot3_msgs/turtlebot3_msgs_s__rosidl_typesupport_c.cpython-310-x86_64-linux-gnu.so[0m
[7.398s] [100%] Built target turtlebot3_msgs__rosidl_typesupport_introspection_c__pyext
[7.415s] [100%] Built target turtlebot3_msgs__rosidl_typesupport_c__pyext
[7.419s] [100%] Built target turtlebot3_msgs__rosidl_typesupport_fastrtps_c__pyext
[7.439s] Invoked command in '/home/auresol/Documents/work/ros2/WRG2024NextGen/src/build/turtlebot3_msgs' returned '0': CMAKE_PREFIX_PATH=${CMAKE_PREFIX_PATH}:/home/auresol/Documents/ros2/install/py_pkg_test:/opt/ros/humble /usr/bin/cmake --build /home/auresol/Documents/work/ros2/WRG2024NextGen/src/build/turtlebot3_msgs -- -j8 -l8
[7.597s] Invoking command in '/home/auresol/Documents/work/ros2/WRG2024NextGen/src/build/turtlebot3_msgs': CMAKE_PREFIX_PATH=${CMAKE_PREFIX_PATH}:/home/auresol/Documents/ros2/install/py_pkg_test:/opt/ros/humble /usr/bin/cmake --install /home/auresol/Documents/work/ros2/WRG2024NextGen/src/build/turtlebot3_msgs
[7.604s] -- Install configuration: ""
[7.604s] -- Installing: /home/auresol/Documents/work/ros2/WRG2024NextGen/src/install/turtlebot3_msgs/share/ament_index/resource_index/rosidl_interfaces/turtlebot3_msgs
[7.604s] -- Installing: /home/auresol/Documents/work/ros2/WRG2024NextGen/src/install/turtlebot3_msgs/include/turtlebot3_msgs/turtlebot3_msgs
[7.604s] -- Installing: /home/auresol/Documents/work/ros2/WRG2024NextGen/src/install/turtlebot3_msgs/include/turtlebot3_msgs/turtlebot3_msgs/msg
[7.604s] -- Installing: /home/auresol/Documents/work/ros2/WRG2024NextGen/src/install/turtlebot3_msgs/include/turtlebot3_msgs/turtlebot3_msgs/msg/rosidl_generator_c__visibility_control.h
[7.604s] -- Installing: /home/auresol/Documents/work/ros2/WRG2024NextGen/src/install/turtlebot3_msgs/include/turtlebot3_msgs/turtlebot3_msgs/msg/detail
[7.604s] -- Installing: /home/auresol/Documents/work/ros2/WRG2024NextGen/src/install/turtlebot3_msgs/include/turtlebot3_msgs/turtlebot3_msgs/msg/detail/sensor_state__functions.c
[7.605s] -- Installing: /home/auresol/Documents/work/ros2/WRG2024NextGen/src/install/turtlebot3_msgs/include/turtlebot3_msgs/turtlebot3_msgs/msg/detail/sound__functions.c
[7.605s] -- Installing: /home/auresol/Documents/work/ros2/WRG2024NextGen/src/install/turtlebot3_msgs/include/turtlebot3_msgs/turtlebot3_msgs/msg/detail/sensor_state__type_support.h
[7.605s] -- Installing: /home/auresol/Documents/work/ros2/WRG2024NextGen/src/install/turtlebot3_msgs/include/turtlebot3_msgs/turtlebot3_msgs/msg/detail/sound__functions.h
[7.605s] -- Installing: /home/auresol/Documents/work/ros2/WRG2024NextGen/src/install/turtlebot3_msgs/include/turtlebot3_msgs/turtlebot3_msgs/msg/detail/version_info__struct.h
[7.605s] -- Installing: /home/auresol/Documents/work/ros2/WRG2024NextGen/src/install/turtlebot3_msgs/include/turtlebot3_msgs/turtlebot3_msgs/msg/detail/version_info__type_support.h
[7.605s] -- Installing: /home/auresol/Documents/work/ros2/WRG2024NextGen/src/install/turtlebot3_msgs/include/turtlebot3_msgs/turtlebot3_msgs/msg/detail/sound__type_support.h
[7.605s] -- Installing: /home/auresol/Documents/work/ros2/WRG2024NextGen/src/install/turtlebot3_msgs/include/turtlebot3_msgs/turtlebot3_msgs/msg/detail/sensor_state__struct.h
[7.605s] -- Installing: /home/auresol/Documents/work/ros2/WRG2024NextGen/src/install/turtlebot3_msgs/include/turtlebot3_msgs/turtlebot3_msgs/msg/detail/version_info__functions.h
[7.605s] -- Installing: /home/auresol/Documents/work/ros2/WRG2024NextGen/src/install/turtlebot3_msgs/include/turtlebot3_msgs/turtlebot3_msgs/msg/detail/sensor_state__functions.h
[7.606s] -- Installing: /home/auresol/Documents/work/ros2/WRG2024NextGen/src/install/turtlebot3_msgs/include/turtlebot3_msgs/turtlebot3_msgs/msg/detail/version_info__functions.c
[7.606s] -- Installing: /home/auresol/Documents/work/ros2/WRG2024NextGen/src/install/turtlebot3_msgs/include/turtlebot3_msgs/turtlebot3_msgs/msg/detail/sound__struct.h
[7.606s] -- Installing: /home/auresol/Documents/work/ros2/WRG2024NextGen/src/install/turtlebot3_msgs/include/turtlebot3_msgs/turtlebot3_msgs/msg/sensor_state.h
[7.606s] -- Installing: /home/auresol/Documents/work/ros2/WRG2024NextGen/src/install/turtlebot3_msgs/include/turtlebot3_msgs/turtlebot3_msgs/msg/version_info.h
[7.606s] -- Installing: /home/auresol/Documents/work/ros2/WRG2024NextGen/src/install/turtlebot3_msgs/include/turtlebot3_msgs/turtlebot3_msgs/msg/sound.h
[7.606s] -- Installing: /home/auresol/Documents/work/ros2/WRG2024NextGen/src/install/turtlebot3_msgs/include/turtlebot3_msgs/turtlebot3_msgs/srv
[7.606s] -- Installing: /home/auresol/Documents/work/ros2/WRG2024NextGen/src/install/turtlebot3_msgs/include/turtlebot3_msgs/turtlebot3_msgs/srv/detail
[7.606s] -- Installing: /home/auresol/Documents/work/ros2/WRG2024NextGen/src/install/turtlebot3_msgs/include/turtlebot3_msgs/turtlebot3_msgs/srv/detail/sound__functions.c
[7.606s] -- Installing: /home/auresol/Documents/work/ros2/WRG2024NextGen/src/install/turtlebot3_msgs/include/turtlebot3_msgs/turtlebot3_msgs/srv/detail/dqn__struct.h
[7.607s] -- Installing: /home/auresol/Documents/work/ros2/WRG2024NextGen/src/install/turtlebot3_msgs/include/turtlebot3_msgs/turtlebot3_msgs/srv/detail/sound__functions.h
[7.607s] -- Installing: /home/auresol/Documents/work/ros2/WRG2024NextGen/src/install/turtlebot3_msgs/include/turtlebot3_msgs/turtlebot3_msgs/srv/detail/dqn__functions.c
[7.607s] -- Installing: /home/auresol/Documents/work/ros2/WRG2024NextGen/src/install/turtlebot3_msgs/include/turtlebot3_msgs/turtlebot3_msgs/srv/detail/dqn__functions.h
[7.607s] -- Installing: /home/auresol/Documents/work/ros2/WRG2024NextGen/src/install/turtlebot3_msgs/include/turtlebot3_msgs/turtlebot3_msgs/srv/detail/dqn__type_support.h
[7.607s] -- Installing: /home/auresol/Documents/work/ros2/WRG2024NextGen/src/install/turtlebot3_msgs/include/turtlebot3_msgs/turtlebot3_msgs/srv/detail/sound__type_support.h
[7.607s] -- Installing: /home/auresol/Documents/work/ros2/WRG2024NextGen/src/install/turtlebot3_msgs/include/turtlebot3_msgs/turtlebot3_msgs/srv/detail/sound__struct.h
[7.607s] -- Installing: /home/auresol/Documents/work/ros2/WRG2024NextGen/src/install/turtlebot3_msgs/include/turtlebot3_msgs/turtlebot3_msgs/srv/dqn.h
[7.607s] -- Installing: /home/auresol/Documents/work/ros2/WRG2024NextGen/src/install/turtlebot3_msgs/include/turtlebot3_msgs/turtlebot3_msgs/srv/sound.h
[7.607s] -- Installing: /home/auresol/Documents/work/ros2/WRG2024NextGen/src/install/turtlebot3_msgs/include/turtlebot3_msgs/turtlebot3_msgs/action
[7.607s] -- Installing: /home/auresol/Documents/work/ros2/WRG2024NextGen/src/install/turtlebot3_msgs/include/turtlebot3_msgs/turtlebot3_msgs/action/patrol.h
[7.608s] -- Installing: /home/auresol/Documents/work/ros2/WRG2024NextGen/src/install/turtlebot3_msgs/include/turtlebot3_msgs/turtlebot3_msgs/action/detail
[7.608s] -- Installing: /home/auresol/Documents/work/ros2/WRG2024NextGen/src/install/turtlebot3_msgs/include/turtlebot3_msgs/turtlebot3_msgs/action/detail/patrol__struct.h
[7.608s] -- Installing: /home/auresol/Documents/work/ros2/WRG2024NextGen/src/install/turtlebot3_msgs/include/turtlebot3_msgs/turtlebot3_msgs/action/detail/patrol__functions.c
[7.608s] -- Installing: /home/auresol/Documents/work/ros2/WRG2024NextGen/src/install/turtlebot3_msgs/include/turtlebot3_msgs/turtlebot3_msgs/action/detail/patrol__type_support.h
[7.608s] -- Installing: /home/auresol/Documents/work/ros2/WRG2024NextGen/src/install/turtlebot3_msgs/include/turtlebot3_msgs/turtlebot3_msgs/action/detail/patrol__functions.h
[7.608s] -- Installing: /home/auresol/Documents/work/ros2/WRG2024NextGen/src/install/turtlebot3_msgs/share/turtlebot3_msgs/environment/library_path.sh
[7.608s] -- Installing: /home/auresol/Documents/work/ros2/WRG2024NextGen/src/install/turtlebot3_msgs/share/turtlebot3_msgs/environment/library_path.dsv
[7.608s] -- Installing: /home/auresol/Documents/work/ros2/WRG2024NextGen/src/install/turtlebot3_msgs/lib/libturtlebot3_msgs__rosidl_generator_c.so
[7.609s] -- Set runtime path of "/home/auresol/Documents/work/ros2/WRG2024NextGen/src/install/turtlebot3_msgs/lib/libturtlebot3_msgs__rosidl_generator_c.so" to ""
[7.609s] -- Up-to-date: /home/auresol/Documents/work/ros2/WRG2024NextGen/src/install/turtlebot3_msgs/include/turtlebot3_msgs/turtlebot3_msgs
[7.609s] -- Up-to-date: /home/auresol/Documents/work/ros2/WRG2024NextGen/src/install/turtlebot3_msgs/include/turtlebot3_msgs/turtlebot3_msgs/msg
[7.609s] -- Up-to-date: /home/auresol/Documents/work/ros2/WRG2024NextGen/src/install/turtlebot3_msgs/include/turtlebot3_msgs/turtlebot3_msgs/msg/detail
[7.609s] -- Installing: /home/auresol/Documents/work/ros2/WRG2024NextGen/src/install/turtlebot3_msgs/include/turtlebot3_msgs/turtlebot3_msgs/msg/detail/sound__rosidl_typesupport_fastrtps_c.h
[7.609s] -- Installing: /home/auresol/Documents/work/ros2/WRG2024NextGen/src/install/turtlebot3_msgs/include/turtlebot3_msgs/turtlebot3_msgs/msg/detail/version_info__rosidl_typesupport_fastrtps_c.h
[7.609s] -- Installing: /home/auresol/Documents/work/ros2/WRG2024NextGen/src/install/turtlebot3_msgs/include/turtlebot3_msgs/turtlebot3_msgs/msg/detail/sensor_state__rosidl_typesupport_fastrtps_c.h
[7.609s] -- Installing: /home/auresol/Documents/work/ros2/WRG2024NextGen/src/install/turtlebot3_msgs/include/turtlebot3_msgs/turtlebot3_msgs/msg/rosidl_typesupport_fastrtps_c__visibility_control.h
[7.609s] -- Up-to-date: /home/auresol/Documents/work/ros2/WRG2024NextGen/src/install/turtlebot3_msgs/include/turtlebot3_msgs/turtlebot3_msgs/srv
[7.610s] -- Up-to-date: /home/auresol/Documents/work/ros2/WRG2024NextGen/src/install/turtlebot3_msgs/include/turtlebot3_msgs/turtlebot3_msgs/srv/detail
[7.610s] -- Installing: /home/auresol/Documents/work/ros2/WRG2024NextGen/src/install/turtlebot3_msgs/include/turtlebot3_msgs/turtlebot3_msgs/srv/detail/sound__rosidl_typesupport_fastrtps_c.h
[7.610s] -- Installing: /home/auresol/Documents/work/ros2/WRG2024NextGen/src/install/turtlebot3_msgs/include/turtlebot3_msgs/turtlebot3_msgs/srv/detail/dqn__rosidl_typesupport_fastrtps_c.h
[7.610s] -- Up-to-date: /home/auresol/Documents/work/ros2/WRG2024NextGen/src/install/turtlebot3_msgs/include/turtlebot3_msgs/turtlebot3_msgs/action
[7.610s] -- Up-to-date: /home/auresol/Documents/work/ros2/WRG2024NextGen/src/install/turtlebot3_msgs/include/turtlebot3_msgs/turtlebot3_msgs/action/detail
[7.610s] -- Installing: /home/auresol/Documents/work/ros2/WRG2024NextGen/src/install/turtlebot3_msgs/include/turtlebot3_msgs/turtlebot3_msgs/action/detail/patrol__rosidl_typesupport_fastrtps_c.h
[7.610s] -- Installing: /home/auresol/Documents/work/ros2/WRG2024NextGen/src/install/turtlebot3_msgs/lib/libturtlebot3_msgs__rosidl_typesupport_fastrtps_c.so
[7.610s] -- Set runtime path of "/home/auresol/Documents/work/ros2/WRG2024NextGen/src/install/turtlebot3_msgs/lib/libturtlebot3_msgs__rosidl_typesupport_fastrtps_c.so" to ""
[7.610s] -- Up-to-date: /home/auresol/Documents/work/ros2/WRG2024NextGen/src/install/turtlebot3_msgs/include/turtlebot3_msgs/turtlebot3_msgs
[7.610s] -- Up-to-date: /home/auresol/Documents/work/ros2/WRG2024NextGen/src/install/turtlebot3_msgs/include/turtlebot3_msgs/turtlebot3_msgs/msg
[7.610s] -- Installing: /home/auresol/Documents/work/ros2/WRG2024NextGen/src/install/turtlebot3_msgs/include/turtlebot3_msgs/turtlebot3_msgs/msg/sound.hpp
[7.610s] -- Up-to-date: /home/auresol/Documents/work/ros2/WRG2024NextGen/src/install/turtlebot3_msgs/include/turtlebot3_msgs/turtlebot3_msgs/msg/detail
[7.610s] -- Installing: /home/auresol/Documents/work/ros2/WRG2024NextGen/src/install/turtlebot3_msgs/include/turtlebot3_msgs/turtlebot3_msgs/msg/detail/version_info__traits.hpp
[7.610s] -- Installing: /home/auresol/Documents/work/ros2/WRG2024NextGen/src/install/turtlebot3_msgs/include/turtlebot3_msgs/turtlebot3_msgs/msg/detail/version_info__builder.hpp
[7.610s] -- Installing: /home/auresol/Documents/work/ros2/WRG2024NextGen/src/install/turtlebot3_msgs/include/turtlebot3_msgs/turtlebot3_msgs/msg/detail/sound__builder.hpp
[7.610s] -- Installing: /home/auresol/Documents/work/ros2/WRG2024NextGen/src/install/turtlebot3_msgs/include/turtlebot3_msgs/turtlebot3_msgs/msg/detail/version_info__struct.hpp
[7.610s] -- Installing: /home/auresol/Documents/work/ros2/WRG2024NextGen/src/install/turtlebot3_msgs/include/turtlebot3_msgs/turtlebot3_msgs/msg/detail/sound__struct.hpp
[7.610s] -- Installing: /home/auresol/Documents/work/ros2/WRG2024NextGen/src/install/turtlebot3_msgs/include/turtlebot3_msgs/turtlebot3_msgs/msg/detail/sensor_state__builder.hpp
[7.611s] -- Installing: /home/auresol/Documents/work/ros2/WRG2024NextGen/src/install/turtlebot3_msgs/include/turtlebot3_msgs/turtlebot3_msgs/msg/detail/sound__traits.hpp
[7.611s] -- Installing: /home/auresol/Documents/work/ros2/WRG2024NextGen/src/install/turtlebot3_msgs/include/turtlebot3_msgs/turtlebot3_msgs/msg/detail/sensor_state__traits.hpp
[7.611s] -- Installing: /home/auresol/Documents/work/ros2/WRG2024NextGen/src/install/turtlebot3_msgs/include/turtlebot3_msgs/turtlebot3_msgs/msg/detail/sensor_state__struct.hpp
[7.611s] -- Installing: /home/auresol/Documents/work/ros2/WRG2024NextGen/src/install/turtlebot3_msgs/include/turtlebot3_msgs/turtlebot3_msgs/msg/sensor_state.hpp
[7.611s] -- Installing: /home/auresol/Documents/work/ros2/WRG2024NextGen/src/install/turtlebot3_msgs/include/turtlebot3_msgs/turtlebot3_msgs/msg/version_info.hpp
[7.611s] -- Up-to-date: /home/auresol/Documents/work/ros2/WRG2024NextGen/src/install/turtlebot3_msgs/include/turtlebot3_msgs/turtlebot3_msgs/srv
[7.611s] -- Installing: /home/auresol/Documents/work/ros2/WRG2024NextGen/src/install/turtlebot3_msgs/include/turtlebot3_msgs/turtlebot3_msgs/srv/sound.hpp
[7.611s] -- Up-to-date: /home/auresol/Documents/work/ros2/WRG2024NextGen/src/install/turtlebot3_msgs/include/turtlebot3_msgs/turtlebot3_msgs/srv/detail
[7.611s] -- Installing: /home/auresol/Documents/work/ros2/WRG2024NextGen/src/install/turtlebot3_msgs/include/turtlebot3_msgs/turtlebot3_msgs/srv/detail/sound__builder.hpp
[7.611s] -- Installing: /home/auresol/Documents/work/ros2/WRG2024NextGen/src/install/turtlebot3_msgs/include/turtlebot3_msgs/turtlebot3_msgs/srv/detail/dqn__struct.hpp
[7.611s] -- Installing: /home/auresol/Documents/work/ros2/WRG2024NextGen/src/install/turtlebot3_msgs/include/turtlebot3_msgs/turtlebot3_msgs/srv/detail/dqn__builder.hpp
[7.611s] -- Installing: /home/auresol/Documents/work/ros2/WRG2024NextGen/src/install/turtlebot3_msgs/include/turtlebot3_msgs/turtlebot3_msgs/srv/detail/sound__struct.hpp
[7.611s] -- Installing: /home/auresol/Documents/work/ros2/WRG2024NextGen/src/install/turtlebot3_msgs/include/turtlebot3_msgs/turtlebot3_msgs/srv/detail/sound__traits.hpp
[7.611s] -- Installing: /home/auresol/Documents/work/ros2/WRG2024NextGen/src/install/turtlebot3_msgs/include/turtlebot3_msgs/turtlebot3_msgs/srv/detail/dqn__traits.hpp
[7.611s] -- Installing: /home/auresol/Documents/work/ros2/WRG2024NextGen/src/install/turtlebot3_msgs/include/turtlebot3_msgs/turtlebot3_msgs/srv/dqn.hpp
[7.611s] -- Up-to-date: /home/auresol/Documents/work/ros2/WRG2024NextGen/src/install/turtlebot3_msgs/include/turtlebot3_msgs/turtlebot3_msgs/action
[7.611s] -- Up-to-date: /home/auresol/Documents/work/ros2/WRG2024NextGen/src/install/turtlebot3_msgs/include/turtlebot3_msgs/turtlebot3_msgs/action/detail
[7.611s] -- Installing: /home/auresol/Documents/work/ros2/WRG2024NextGen/src/install/turtlebot3_msgs/include/turtlebot3_msgs/turtlebot3_msgs/action/detail/patrol__builder.hpp
[7.612s] -- Installing: /home/auresol/Documents/work/ros2/WRG2024NextGen/src/install/turtlebot3_msgs/include/turtlebot3_msgs/turtlebot3_msgs/action/detail/patrol__struct.hpp
[7.612s] -- Installing: /home/auresol/Documents/work/ros2/WRG2024NextGen/src/install/turtlebot3_msgs/include/turtlebot3_msgs/turtlebot3_msgs/action/detail/patrol__traits.hpp
[7.612s] -- Installing: /home/auresol/Documents/work/ros2/WRG2024NextGen/src/install/turtlebot3_msgs/include/turtlebot3_msgs/turtlebot3_msgs/action/patrol.hpp
[7.612s] -- Up-to-date: /home/auresol/Documents/work/ros2/WRG2024NextGen/src/install/turtlebot3_msgs/include/turtlebot3_msgs/turtlebot3_msgs
[7.612s] -- Up-to-date: /home/auresol/Documents/work/ros2/WRG2024NextGen/src/install/turtlebot3_msgs/include/turtlebot3_msgs/turtlebot3_msgs/msg
[7.612s] -- Installing: /home/auresol/Documents/work/ros2/WRG2024NextGen/src/install/turtlebot3_msgs/include/turtlebot3_msgs/turtlebot3_msgs/msg/rosidl_typesupport_fastrtps_cpp__visibility_control.h
[7.612s] -- Up-to-date: /home/auresol/Documents/work/ros2/WRG2024NextGen/src/install/turtlebot3_msgs/include/turtlebot3_msgs/turtlebot3_msgs/msg/detail
[7.612s] -- Installing: /home/auresol/Documents/work/ros2/WRG2024NextGen/src/install/turtlebot3_msgs/include/turtlebot3_msgs/turtlebot3_msgs/msg/detail/sound__rosidl_typesupport_fastrtps_cpp.hpp
[7.612s] -- Installing: /home/auresol/Documents/work/ros2/WRG2024NextGen/src/install/turtlebot3_msgs/include/turtlebot3_msgs/turtlebot3_msgs/msg/detail/dds_fastrtps
[7.612s] -- Installing: /home/auresol/Documents/work/ros2/WRG2024NextGen/src/install/turtlebot3_msgs/include/turtlebot3_msgs/turtlebot3_msgs/msg/detail/version_info__rosidl_typesupport_fastrtps_cpp.hpp
[7.612s] -- Installing: /home/auresol/Documents/work/ros2/WRG2024NextGen/src/install/turtlebot3_msgs/include/turtlebot3_msgs/turtlebot3_msgs/msg/detail/sensor_state__rosidl_typesupport_fastrtps_cpp.hpp
[7.612s] -- Up-to-date: /home/auresol/Documents/work/ros2/WRG2024NextGen/src/install/turtlebot3_msgs/include/turtlebot3_msgs/turtlebot3_msgs/srv
[7.612s] -- Up-to-date: /home/auresol/Documents/work/ros2/WRG2024NextGen/src/install/turtlebot3_msgs/include/turtlebot3_msgs/turtlebot3_msgs/srv/detail
[7.612s] -- Installing: /home/auresol/Documents/work/ros2/WRG2024NextGen/src/install/turtlebot3_msgs/include/turtlebot3_msgs/turtlebot3_msgs/srv/detail/dqn__rosidl_typesupport_fastrtps_cpp.hpp
[7.612s] -- Installing: /home/auresol/Documents/work/ros2/WRG2024NextGen/src/install/turtlebot3_msgs/include/turtlebot3_msgs/turtlebot3_msgs/srv/detail/sound__rosidl_typesupport_fastrtps_cpp.hpp
[7.612s] -- Installing: /home/auresol/Documents/work/ros2/WRG2024NextGen/src/install/turtlebot3_msgs/include/turtlebot3_msgs/turtlebot3_msgs/srv/detail/dds_fastrtps
[7.612s] -- Up-to-date: /home/auresol/Documents/work/ros2/WRG2024NextGen/src/install/turtlebot3_msgs/include/turtlebot3_msgs/turtlebot3_msgs/action
[7.612s] -- Up-to-date: /home/auresol/Documents/work/ros2/WRG2024NextGen/src/install/turtlebot3_msgs/include/turtlebot3_msgs/turtlebot3_msgs/action/detail
[7.612s] -- Installing: /home/auresol/Documents/work/ros2/WRG2024NextGen/src/install/turtlebot3_msgs/include/turtlebot3_msgs/turtlebot3_msgs/action/detail/patrol__rosidl_typesupport_fastrtps_cpp.hpp
[7.612s] -- Installing: /home/auresol/Documents/work/ros2/WRG2024NextGen/src/install/turtlebot3_msgs/include/turtlebot3_msgs/turtlebot3_msgs/action/detail/dds_fastrtps
[7.612s] -- Installing: /home/auresol/Documents/work/ros2/WRG2024NextGen/src/install/turtlebot3_msgs/lib/libturtlebot3_msgs__rosidl_typesupport_fastrtps_cpp.so
[7.613s] -- Set runtime path of "/home/auresol/Documents/work/ros2/WRG2024NextGen/src/install/turtlebot3_msgs/lib/libturtlebot3_msgs__rosidl_typesupport_fastrtps_cpp.so" to ""
[7.613s] -- Up-to-date: /home/auresol/Documents/work/ros2/WRG2024NextGen/src/install/turtlebot3_msgs/include/turtlebot3_msgs/turtlebot3_msgs
[7.613s] -- Up-to-date: /home/auresol/Documents/work/ros2/WRG2024NextGen/src/install/turtlebot3_msgs/include/turtlebot3_msgs/turtlebot3_msgs/msg
[7.613s] -- Installing: /home/auresol/Documents/work/ros2/WRG2024NextGen/src/install/turtlebot3_msgs/include/turtlebot3_msgs/turtlebot3_msgs/msg/rosidl_typesupport_introspection_c__visibility_control.h
[7.613s] -- Up-to-date: /home/auresol/Documents/work/ros2/WRG2024NextGen/src/install/turtlebot3_msgs/include/turtlebot3_msgs/turtlebot3_msgs/msg/detail
[7.613s] -- Installing: /home/auresol/Documents/work/ros2/WRG2024NextGen/src/install/turtlebot3_msgs/include/turtlebot3_msgs/turtlebot3_msgs/msg/detail/sound__type_support.c
[7.613s] -- Installing: /home/auresol/Documents/work/ros2/WRG2024NextGen/src/install/turtlebot3_msgs/include/turtlebot3_msgs/turtlebot3_msgs/msg/detail/version_info__type_support.c
[7.613s] -- Installing: /home/auresol/Documents/work/ros2/WRG2024NextGen/src/install/turtlebot3_msgs/include/turtlebot3_msgs/turtlebot3_msgs/msg/detail/sound__rosidl_typesupport_introspection_c.h
[7.613s] -- Installing: /home/auresol/Documents/work/ros2/WRG2024NextGen/src/install/turtlebot3_msgs/include/turtlebot3_msgs/turtlebot3_msgs/msg/detail/version_info__rosidl_typesupport_introspection_c.h
[7.613s] -- Installing: /home/auresol/Documents/work/ros2/WRG2024NextGen/src/install/turtlebot3_msgs/include/turtlebot3_msgs/turtlebot3_msgs/msg/detail/sensor_state__type_support.c
[7.613s] -- Installing: /home/auresol/Documents/work/ros2/WRG2024NextGen/src/install/turtlebot3_msgs/include/turtlebot3_msgs/turtlebot3_msgs/msg/detail/sensor_state__rosidl_typesupport_introspection_c.h
[7.613s] -- Up-to-date: /home/auresol/Documents/work/ros2/WRG2024NextGen/src/install/turtlebot3_msgs/include/turtlebot3_msgs/turtlebot3_msgs/srv
[7.613s] -- Up-to-date: /home/auresol/Documents/work/ros2/WRG2024NextGen/src/install/turtlebot3_msgs/include/turtlebot3_msgs/turtlebot3_msgs/srv/detail
[7.613s] -- Installing: /home/auresol/Documents/work/ros2/WRG2024NextGen/src/install/turtlebot3_msgs/include/turtlebot3_msgs/turtlebot3_msgs/srv/detail/sound__type_support.c
[7.613s] -- Installing: /home/auresol/Documents/work/ros2/WRG2024NextGen/src/install/turtlebot3_msgs/include/turtlebot3_msgs/turtlebot3_msgs/srv/detail/sound__rosidl_typesupport_introspection_c.h
[7.613s] -- Installing: /home/auresol/Documents/work/ros2/WRG2024NextGen/src/install/turtlebot3_msgs/include/turtlebot3_msgs/turtlebot3_msgs/srv/detail/dqn__rosidl_typesupport_introspection_c.h
[7.613s] -- Installing: /home/auresol/Documents/work/ros2/WRG2024NextGen/src/install/turtlebot3_msgs/include/turtlebot3_msgs/turtlebot3_msgs/srv/detail/dqn__type_support.c
[7.613s] -- Up-to-date: /home/auresol/Documents/work/ros2/WRG2024NextGen/src/install/turtlebot3_msgs/include/turtlebot3_msgs/turtlebot3_msgs/action
[7.614s] -- Up-to-date: /home/auresol/Documents/work/ros2/WRG2024NextGen/src/install/turtlebot3_msgs/include/turtlebot3_msgs/turtlebot3_msgs/action/detail
[7.614s] -- Installing: /home/auresol/Documents/work/ros2/WRG2024NextGen/src/install/turtlebot3_msgs/include/turtlebot3_msgs/turtlebot3_msgs/action/detail/patrol__rosidl_typesupport_introspection_c.h
[7.614s] -- Installing: /home/auresol/Documents/work/ros2/WRG2024NextGen/src/install/turtlebot3_msgs/include/turtlebot3_msgs/turtlebot3_msgs/action/detail/patrol__type_support.c
[7.614s] -- Installing: /home/auresol/Documents/work/ros2/WRG2024NextGen/src/install/turtlebot3_msgs/lib/libturtlebot3_msgs__rosidl_typesupport_introspection_c.so
[7.614s] -- Set runtime path of "/home/auresol/Documents/work/ros2/WRG2024NextGen/src/install/turtlebot3_msgs/lib/libturtlebot3_msgs__rosidl_typesupport_introspection_c.so" to ""
[7.614s] -- Installing: /home/auresol/Documents/work/ros2/WRG2024NextGen/src/install/turtlebot3_msgs/lib/libturtlebot3_msgs__rosidl_typesupport_c.so
[7.614s] -- Set runtime path of "/home/auresol/Documents/work/ros2/WRG2024NextGen/src/install/turtlebot3_msgs/lib/libturtlebot3_msgs__rosidl_typesupport_c.so" to ""
[7.614s] -- Up-to-date: /home/auresol/Documents/work/ros2/WRG2024NextGen/src/install/turtlebot3_msgs/include/turtlebot3_msgs/turtlebot3_msgs
[7.614s] -- Up-to-date: /home/auresol/Documents/work/ros2/WRG2024NextGen/src/install/turtlebot3_msgs/include/turtlebot3_msgs/turtlebot3_msgs/msg
[7.614s] -- Up-to-date: /home/auresol/Documents/work/ros2/WRG2024NextGen/src/install/turtlebot3_msgs/include/turtlebot3_msgs/turtlebot3_msgs/msg/detail
[7.614s] -- Installing: /home/auresol/Documents/work/ros2/WRG2024NextGen/src/install/turtlebot3_msgs/include/turtlebot3_msgs/turtlebot3_msgs/msg/detail/sound__rosidl_typesupport_introspection_cpp.hpp
[7.614s] -- Installing: /home/auresol/Documents/work/ros2/WRG2024NextGen/src/install/turtlebot3_msgs/include/turtlebot3_msgs/turtlebot3_msgs/msg/detail/sensor_state__rosidl_typesupport_introspection_cpp.hpp
[7.614s] -- Installing: /home/auresol/Documents/work/ros2/WRG2024NextGen/src/install/turtlebot3_msgs/include/turtlebot3_msgs/turtlebot3_msgs/msg/detail/version_info__rosidl_typesupport_introspection_cpp.hpp
[7.614s] -- Installing: /home/auresol/Documents/work/ros2/WRG2024NextGen/src/install/turtlebot3_msgs/include/turtlebot3_msgs/turtlebot3_msgs/msg/detail/sensor_state__type_support.cpp
[7.614s] -- Installing: /home/auresol/Documents/work/ros2/WRG2024NextGen/src/install/turtlebot3_msgs/include/turtlebot3_msgs/turtlebot3_msgs/msg/detail/version_info__type_support.cpp
[7.614s] -- Installing: /home/auresol/Documents/work/ros2/WRG2024NextGen/src/install/turtlebot3_msgs/include/turtlebot3_msgs/turtlebot3_msgs/msg/detail/sound__type_support.cpp
[7.614s] -- Up-to-date: /home/auresol/Documents/work/ros2/WRG2024NextGen/src/install/turtlebot3_msgs/include/turtlebot3_msgs/turtlebot3_msgs/srv
[7.614s] -- Up-to-date: /home/auresol/Documents/work/ros2/WRG2024NextGen/src/install/turtlebot3_msgs/include/turtlebot3_msgs/turtlebot3_msgs/srv/detail
[7.614s] -- Installing: /home/auresol/Documents/work/ros2/WRG2024NextGen/src/install/turtlebot3_msgs/include/turtlebot3_msgs/turtlebot3_msgs/srv/detail/sound__rosidl_typesupport_introspection_cpp.hpp
[7.615s] -- Installing: /home/auresol/Documents/work/ros2/WRG2024NextGen/src/install/turtlebot3_msgs/include/turtlebot3_msgs/turtlebot3_msgs/srv/detail/dqn__type_support.cpp
[7.615s] -- Installing: /home/auresol/Documents/work/ros2/WRG2024NextGen/src/install/turtlebot3_msgs/include/turtlebot3_msgs/turtlebot3_msgs/srv/detail/dqn__rosidl_typesupport_introspection_cpp.hpp
[7.615s] -- Installing: /home/auresol/Documents/work/ros2/WRG2024NextGen/src/install/turtlebot3_msgs/include/turtlebot3_msgs/turtlebot3_msgs/srv/detail/sound__type_support.cpp
[7.615s] -- Up-to-date: /home/auresol/Documents/work/ros2/WRG2024NextGen/src/install/turtlebot3_msgs/include/turtlebot3_msgs/turtlebot3_msgs/action
[7.615s] -- Up-to-date: /home/auresol/Documents/work/ros2/WRG2024NextGen/src/install/turtlebot3_msgs/include/turtlebot3_msgs/turtlebot3_msgs/action/detail
[7.615s] -- Installing: /home/auresol/Documents/work/ros2/WRG2024NextGen/src/install/turtlebot3_msgs/include/turtlebot3_msgs/turtlebot3_msgs/action/detail/patrol__rosidl_typesupport_introspection_cpp.hpp
[7.615s] -- Installing: /home/auresol/Documents/work/ros2/WRG2024NextGen/src/install/turtlebot3_msgs/include/turtlebot3_msgs/turtlebot3_msgs/action/detail/patrol__type_support.cpp
[7.615s] -- Installing: /home/auresol/Documents/work/ros2/WRG2024NextGen/src/install/turtlebot3_msgs/lib/libturtlebot3_msgs__rosidl_typesupport_introspection_cpp.so
[7.615s] -- Set runtime path of "/home/auresol/Documents/work/ros2/WRG2024NextGen/src/install/turtlebot3_msgs/lib/libturtlebot3_msgs__rosidl_typesupport_introspection_cpp.so" to ""
[7.615s] -- Installing: /home/auresol/Documents/work/ros2/WRG2024NextGen/src/install/turtlebot3_msgs/lib/libturtlebot3_msgs__rosidl_typesupport_cpp.so
[7.615s] -- Set runtime path of "/home/auresol/Documents/work/ros2/WRG2024NextGen/src/install/turtlebot3_msgs/lib/libturtlebot3_msgs__rosidl_typesupport_cpp.so" to ""
[7.615s] -- Installing: /home/auresol/Documents/work/ros2/WRG2024NextGen/src/install/turtlebot3_msgs/share/turtlebot3_msgs/environment/pythonpath.sh
[7.615s] -- Installing: /home/auresol/Documents/work/ros2/WRG2024NextGen/src/install/turtlebot3_msgs/share/turtlebot3_msgs/environment/pythonpath.dsv
[7.615s] -- Installing: /home/auresol/Documents/work/ros2/WRG2024NextGen/src/install/turtlebot3_msgs/local/lib/python3.10/dist-packages/turtlebot3_msgs-2.2.3-py3.10.egg-info
[7.615s] -- Installing: /home/auresol/Documents/work/ros2/WRG2024NextGen/src/install/turtlebot3_msgs/local/lib/python3.10/dist-packages/turtlebot3_msgs-2.2.3-py3.10.egg-info/SOURCES.txt
[7.615s] -- Installing: /home/auresol/Documents/work/ros2/WRG2024NextGen/src/install/turtlebot3_msgs/local/lib/python3.10/dist-packages/turtlebot3_msgs-2.2.3-py3.10.egg-info/PKG-INFO
[7.615s] -- Installing: /home/auresol/Documents/work/ros2/WRG2024NextGen/src/install/turtlebot3_msgs/local/lib/python3.10/dist-packages/turtlebot3_msgs-2.2.3-py3.10.egg-info/dependency_links.txt
[7.615s] -- Installing: /home/auresol/Documents/work/ros2/WRG2024NextGen/src/install/turtlebot3_msgs/local/lib/python3.10/dist-packages/turtlebot3_msgs-2.2.3-py3.10.egg-info/top_level.txt
[7.615s] -- Installing: /home/auresol/Documents/work/ros2/WRG2024NextGen/src/install/turtlebot3_msgs/local/lib/python3.10/dist-packages/turtlebot3_msgs
[7.616s] -- Installing: /home/auresol/Documents/work/ros2/WRG2024NextGen/src/install/turtlebot3_msgs/local/lib/python3.10/dist-packages/turtlebot3_msgs/_turtlebot3_msgs_s.ep.rosidl_typesupport_fastrtps_c.c
[7.616s] -- Installing: /home/auresol/Documents/work/ros2/WRG2024NextGen/src/install/turtlebot3_msgs/local/lib/python3.10/dist-packages/turtlebot3_msgs/msg
[7.616s] -- Installing: /home/auresol/Documents/work/ros2/WRG2024NextGen/src/install/turtlebot3_msgs/local/lib/python3.10/dist-packages/turtlebot3_msgs/msg/_version_info.py
[7.616s] -- Installing: /home/auresol/Documents/work/ros2/WRG2024NextGen/src/install/turtlebot3_msgs/local/lib/python3.10/dist-packages/turtlebot3_msgs/msg/_version_info_s.c
[7.616s] -- Installing: /home/auresol/Documents/work/ros2/WRG2024NextGen/src/install/turtlebot3_msgs/local/lib/python3.10/dist-packages/turtlebot3_msgs/msg/_sound.py
[7.616s] -- Installing: /home/auresol/Documents/work/ros2/WRG2024NextGen/src/install/turtlebot3_msgs/local/lib/python3.10/dist-packages/turtlebot3_msgs/msg/_sound_s.c
[7.616s] -- Installing: /home/auresol/Documents/work/ros2/WRG2024NextGen/src/install/turtlebot3_msgs/local/lib/python3.10/dist-packages/turtlebot3_msgs/msg/_sensor_state_s.c
[7.616s] -- Installing: /home/auresol/Documents/work/ros2/WRG2024NextGen/src/install/turtlebot3_msgs/local/lib/python3.10/dist-packages/turtlebot3_msgs/msg/__init__.py
[7.616s] -- Installing: /home/auresol/Documents/work/ros2/WRG2024NextGen/src/install/turtlebot3_msgs/local/lib/python3.10/dist-packages/turtlebot3_msgs/msg/_sensor_state.py
[7.616s] -- Installing: /home/auresol/Documents/work/ros2/WRG2024NextGen/src/install/turtlebot3_msgs/local/lib/python3.10/dist-packages/turtlebot3_msgs/turtlebot3_msgs_s__rosidl_typesupport_fastrtps_c.cpython-310-x86_64-linux-gnu.so
[7.616s] -- Installing: /home/auresol/Documents/work/ros2/WRG2024NextGen/src/install/turtlebot3_msgs/local/lib/python3.10/dist-packages/turtlebot3_msgs/srv
[7.616s] -- Installing: /home/auresol/Documents/work/ros2/WRG2024NextGen/src/install/turtlebot3_msgs/local/lib/python3.10/dist-packages/turtlebot3_msgs/srv/_sound.py
[7.616s] -- Installing: /home/auresol/Documents/work/ros2/WRG2024NextGen/src/install/turtlebot3_msgs/local/lib/python3.10/dist-packages/turtlebot3_msgs/srv/_sound_s.c
[7.616s] -- Installing: /home/auresol/Documents/work/ros2/WRG2024NextGen/src/install/turtlebot3_msgs/local/lib/python3.10/dist-packages/turtlebot3_msgs/srv/_dqn_s.c
[7.616s] -- Installing: /home/auresol/Documents/work/ros2/WRG2024NextGen/src/install/turtlebot3_msgs/local/lib/python3.10/dist-packages/turtlebot3_msgs/srv/__init__.py
[7.616s] -- Installing: /home/auresol/Documents/work/ros2/WRG2024NextGen/src/install/turtlebot3_msgs/local/lib/python3.10/dist-packages/turtlebot3_msgs/srv/_dqn.py
[7.617s] -- Installing: /home/auresol/Documents/work/ros2/WRG2024NextGen/src/install/turtlebot3_msgs/local/lib/python3.10/dist-packages/turtlebot3_msgs/_turtlebot3_msgs_s.ep.rosidl_typesupport_c.c
[7.617s] -- Installing: /home/auresol/Documents/work/ros2/WRG2024NextGen/src/install/turtlebot3_msgs/local/lib/python3.10/dist-packages/turtlebot3_msgs/turtlebot3_msgs_s__rosidl_typesupport_c.cpython-310-x86_64-linux-gnu.so
[7.617s] -- Installing: /home/auresol/Documents/work/ros2/WRG2024NextGen/src/install/turtlebot3_msgs/local/lib/python3.10/dist-packages/turtlebot3_msgs/_turtlebot3_msgs_s.ep.rosidl_typesupport_introspection_c.c
[7.617s] -- Installing: /home/auresol/Documents/work/ros2/WRG2024NextGen/src/install/turtlebot3_msgs/local/lib/python3.10/dist-packages/turtlebot3_msgs/__init__.py
[7.617s] -- Installing: /home/auresol/Documents/work/ros2/WRG2024NextGen/src/install/turtlebot3_msgs/local/lib/python3.10/dist-packages/turtlebot3_msgs/libturtlebot3_msgs__rosidl_generator_py.so
[7.617s] -- Installing: /home/auresol/Documents/work/ros2/WRG2024NextGen/src/install/turtlebot3_msgs/local/lib/python3.10/dist-packages/turtlebot3_msgs/action
[7.617s] -- Installing: /home/auresol/Documents/work/ros2/WRG2024NextGen/src/install/turtlebot3_msgs/local/lib/python3.10/dist-packages/turtlebot3_msgs/action/_patrol.py
[7.617s] -- Installing: /home/auresol/Documents/work/ros2/WRG2024NextGen/src/install/turtlebot3_msgs/local/lib/python3.10/dist-packages/turtlebot3_msgs/action/_patrol_s.c
[7.617s] -- Installing: /home/auresol/Documents/work/ros2/WRG2024NextGen/src/install/turtlebot3_msgs/local/lib/python3.10/dist-packages/turtlebot3_msgs/action/__init__.py
[7.617s] -- Installing: /home/auresol/Documents/work/ros2/WRG2024NextGen/src/install/turtlebot3_msgs/local/lib/python3.10/dist-packages/turtlebot3_msgs/turtlebot3_msgs_s__rosidl_typesupport_introspection_c.cpython-310-x86_64-linux-gnu.so
[7.655s] Listing '/home/auresol/Documents/work/ros2/WRG2024NextGen/src/install/turtlebot3_msgs/local/lib/python3.10/dist-packages/turtlebot3_msgs'...
[7.655s] Compiling '/home/auresol/Documents/work/ros2/WRG2024NextGen/src/install/turtlebot3_msgs/local/lib/python3.10/dist-packages/turtlebot3_msgs/__init__.py'...
[7.655s] Listing '/home/auresol/Documents/work/ros2/WRG2024NextGen/src/install/turtlebot3_msgs/local/lib/python3.10/dist-packages/turtlebot3_msgs/action'...
[7.655s] Compiling '/home/auresol/Documents/work/ros2/WRG2024NextGen/src/install/turtlebot3_msgs/local/lib/python3.10/dist-packages/turtlebot3_msgs/action/__init__.py'...
[7.655s] Compiling '/home/auresol/Documents/work/ros2/WRG2024NextGen/src/install/turtlebot3_msgs/local/lib/python3.10/dist-packages/turtlebot3_msgs/action/_patrol.py'...
[7.655s] Listing '/home/auresol/Documents/work/ros2/WRG2024NextGen/src/install/turtlebot3_msgs/local/lib/python3.10/dist-packages/turtlebot3_msgs/msg'...
[7.655s] Compiling '/home/auresol/Documents/work/ros2/WRG2024NextGen/src/install/turtlebot3_msgs/local/lib/python3.10/dist-packages/turtlebot3_msgs/msg/__init__.py'...
[7.656s] Compiling '/home/auresol/Documents/work/ros2/WRG2024NextGen/src/install/turtlebot3_msgs/local/lib/python3.10/dist-packages/turtlebot3_msgs/msg/_sensor_state.py'...
[7.656s] Compiling '/home/auresol/Documents/work/ros2/WRG2024NextGen/src/install/turtlebot3_msgs/local/lib/python3.10/dist-packages/turtlebot3_msgs/msg/_sound.py'...
[7.656s] Compiling '/home/auresol/Documents/work/ros2/WRG2024NextGen/src/install/turtlebot3_msgs/local/lib/python3.10/dist-packages/turtlebot3_msgs/msg/_version_info.py'...
[7.656s] Listing '/home/auresol/Documents/work/ros2/WRG2024NextGen/src/install/turtlebot3_msgs/local/lib/python3.10/dist-packages/turtlebot3_msgs/srv'...
[7.656s] Compiling '/home/auresol/Documents/work/ros2/WRG2024NextGen/src/install/turtlebot3_msgs/local/lib/python3.10/dist-packages/turtlebot3_msgs/srv/__init__.py'...
[7.656s] Compiling '/home/auresol/Documents/work/ros2/WRG2024NextGen/src/install/turtlebot3_msgs/local/lib/python3.10/dist-packages/turtlebot3_msgs/srv/_dqn.py'...
[7.656s] Compiling '/home/auresol/Documents/work/ros2/WRG2024NextGen/src/install/turtlebot3_msgs/local/lib/python3.10/dist-packages/turtlebot3_msgs/srv/_sound.py'...
[7.659s] -- Installing: /home/auresol/Documents/work/ros2/WRG2024NextGen/src/install/turtlebot3_msgs/local/lib/python3.10/dist-packages/turtlebot3_msgs/turtlebot3_msgs_s__rosidl_typesupport_fastrtps_c.cpython-310-x86_64-linux-gnu.so
[7.660s] -- Set runtime path of "/home/auresol/Documents/work/ros2/WRG2024NextGen/src/install/turtlebot3_msgs/local/lib/python3.10/dist-packages/turtlebot3_msgs/turtlebot3_msgs_s__rosidl_typesupport_fastrtps_c.cpython-310-x86_64-linux-gnu.so" to ""
[7.660s] -- Installing: /home/auresol/Documents/work/ros2/WRG2024NextGen/src/install/turtlebot3_msgs/local/lib/python3.10/dist-packages/turtlebot3_msgs/turtlebot3_msgs_s__rosidl_typesupport_introspection_c.cpython-310-x86_64-linux-gnu.so
[7.661s] -- Set runtime path of "/home/auresol/Documents/work/ros2/WRG2024NextGen/src/install/turtlebot3_msgs/local/lib/python3.10/dist-packages/turtlebot3_msgs/turtlebot3_msgs_s__rosidl_typesupport_introspection_c.cpython-310-x86_64-linux-gnu.so" to ""
[7.661s] -- Installing: /home/auresol/Documents/work/ros2/WRG2024NextGen/src/install/turtlebot3_msgs/local/lib/python3.10/dist-packages/turtlebot3_msgs/turtlebot3_msgs_s__rosidl_typesupport_c.cpython-310-x86_64-linux-gnu.so
[7.662s] -- Set runtime path of "/home/auresol/Documents/work/ros2/WRG2024NextGen/src/install/turtlebot3_msgs/local/lib/python3.10/dist-packages/turtlebot3_msgs/turtlebot3_msgs_s__rosidl_typesupport_c.cpython-310-x86_64-linux-gnu.so" to ""
[7.662s] -- Installing: /home/auresol/Documents/work/ros2/WRG2024NextGen/src/install/turtlebot3_msgs/lib/libturtlebot3_msgs__rosidl_generator_py.so
[7.662s] -- Set runtime path of "/home/auresol/Documents/work/ros2/WRG2024NextGen/src/install/turtlebot3_msgs/lib/libturtlebot3_msgs__rosidl_generator_py.so" to ""
[7.663s] -- Installing: /home/auresol/Documents/work/ros2/WRG2024NextGen/src/install/turtlebot3_msgs/share/turtlebot3_msgs/msg/SensorState.idl
[7.663s] -- Installing: /home/auresol/Documents/work/ros2/WRG2024NextGen/src/install/turtlebot3_msgs/share/turtlebot3_msgs/msg/Sound.idl
[7.663s] -- Installing: /home/auresol/Documents/work/ros2/WRG2024NextGen/src/install/turtlebot3_msgs/share/turtlebot3_msgs/msg/VersionInfo.idl
[7.663s] -- Installing: /home/auresol/Documents/work/ros2/WRG2024NextGen/src/install/turtlebot3_msgs/share/turtlebot3_msgs/srv/Sound.idl
[7.664s] -- Installing: /home/auresol/Documents/work/ros2/WRG2024NextGen/src/install/turtlebot3_msgs/share/turtlebot3_msgs/srv/Dqn.idl
[7.664s] -- Installing: /home/auresol/Documents/work/ros2/WRG2024NextGen/src/install/turtlebot3_msgs/share/turtlebot3_msgs/action/Patrol.idl
[7.664s] -- Installing: /home/auresol/Documents/work/ros2/WRG2024NextGen/src/install/turtlebot3_msgs/share/turtlebot3_msgs/msg/SensorState.msg
[7.664s] -- Installing: /home/auresol/Documents/work/ros2/WRG2024NextGen/src/install/turtlebot3_msgs/share/turtlebot3_msgs/msg/Sound.msg
[7.664s] -- Installing: /home/auresol/Documents/work/ros2/WRG2024NextGen/src/install/turtlebot3_msgs/share/turtlebot3_msgs/msg/VersionInfo.msg
[7.665s] -- Installing: /home/auresol/Documents/work/ros2/WRG2024NextGen/src/install/turtlebot3_msgs/share/turtlebot3_msgs/srv/Sound.srv
[7.665s] -- Installing: /home/auresol/Documents/work/ros2/WRG2024NextGen/src/install/turtlebot3_msgs/share/turtlebot3_msgs/srv/Sound_Request.msg
[7.665s] -- Installing: /home/auresol/Documents/work/ros2/WRG2024NextGen/src/install/turtlebot3_msgs/share/turtlebot3_msgs/srv/Sound_Response.msg
[7.665s] -- Installing: /home/auresol/Documents/work/ros2/WRG2024NextGen/src/install/turtlebot3_msgs/share/turtlebot3_msgs/srv/Dqn.srv
[7.665s] -- Installing: /home/auresol/Documents/work/ros2/WRG2024NextGen/src/install/turtlebot3_msgs/share/turtlebot3_msgs/srv/Dqn_Request.msg
[7.666s] -- Installing: /home/auresol/Documents/work/ros2/WRG2024NextGen/src/install/turtlebot3_msgs/share/turtlebot3_msgs/srv/Dqn_Response.msg
[7.666s] -- Installing: /home/auresol/Documents/work/ros2/WRG2024NextGen/src/install/turtlebot3_msgs/share/turtlebot3_msgs/action/Patrol.action
[7.666s] -- Installing: /home/auresol/Documents/work/ros2/WRG2024NextGen/src/install/turtlebot3_msgs/share/ament_index/resource_index/package_run_dependencies/turtlebot3_msgs
[7.667s] -- Installing: /home/auresol/Documents/work/ros2/WRG2024NextGen/src/install/turtlebot3_msgs/share/ament_index/resource_index/parent_prefix_path/turtlebot3_msgs
[7.667s] -- Installing: /home/auresol/Documents/work/ros2/WRG2024NextGen/src/install/turtlebot3_msgs/share/turtlebot3_msgs/environment/ament_prefix_path.sh
[7.667s] -- Installing: /home/auresol/Documents/work/ros2/WRG2024NextGen/src/install/turtlebot3_msgs/share/turtlebot3_msgs/environment/ament_prefix_path.dsv
[7.668s] -- Installing: /home/auresol/Documents/work/ros2/WRG2024NextGen/src/install/turtlebot3_msgs/share/turtlebot3_msgs/environment/path.sh
[7.668s] -- Installing: /home/auresol/Documents/work/ros2/WRG2024NextGen/src/install/turtlebot3_msgs/share/turtlebot3_msgs/environment/path.dsv
[7.668s] -- Installing: /home/auresol/Documents/work/ros2/WRG2024NextGen/src/install/turtlebot3_msgs/share/turtlebot3_msgs/local_setup.bash
[7.668s] -- Installing: /home/auresol/Documents/work/ros2/WRG2024NextGen/src/install/turtlebot3_msgs/share/turtlebot3_msgs/local_setup.sh
[7.668s] -- Installing: /home/auresol/Documents/work/ros2/WRG2024NextGen/src/install/turtlebot3_msgs/share/turtlebot3_msgs/local_setup.zsh
[7.668s] -- Installing: /home/auresol/Documents/work/ros2/WRG2024NextGen/src/install/turtlebot3_msgs/share/turtlebot3_msgs/local_setup.dsv
[7.669s] -- Installing: /home/auresol/Documents/work/ros2/WRG2024NextGen/src/install/turtlebot3_msgs/share/turtlebot3_msgs/package.dsv
[7.669s] -- Installing: /home/auresol/Documents/work/ros2/WRG2024NextGen/src/install/turtlebot3_msgs/share/ament_index/resource_index/packages/turtlebot3_msgs
[7.669s] -- Installing: /home/auresol/Documents/work/ros2/WRG2024NextGen/src/install/turtlebot3_msgs/share/turtlebot3_msgs/cmake/export_turtlebot3_msgs__rosidl_generator_cExport.cmake
[7.669s] -- Installing: /home/auresol/Documents/work/ros2/WRG2024NextGen/src/install/turtlebot3_msgs/share/turtlebot3_msgs/cmake/export_turtlebot3_msgs__rosidl_generator_cExport-noconfig.cmake
[7.669s] -- Installing: /home/auresol/Documents/work/ros2/WRG2024NextGen/src/install/turtlebot3_msgs/share/turtlebot3_msgs/cmake/export_turtlebot3_msgs__rosidl_typesupport_fastrtps_cExport.cmake
[7.670s] -- Installing: /home/auresol/Documents/work/ros2/WRG2024NextGen/src/install/turtlebot3_msgs/share/turtlebot3_msgs/cmake/export_turtlebot3_msgs__rosidl_typesupport_fastrtps_cExport-noconfig.cmake
[7.670s] -- Installing: /home/auresol/Documents/work/ros2/WRG2024NextGen/src/install/turtlebot3_msgs/share/turtlebot3_msgs/cmake/export_turtlebot3_msgs__rosidl_generator_cppExport.cmake
[7.670s] -- Installing: /home/auresol/Documents/work/ros2/WRG2024NextGen/src/install/turtlebot3_msgs/share/turtlebot3_msgs/cmake/export_turtlebot3_msgs__rosidl_typesupport_fastrtps_cppExport.cmake
[7.670s] -- Installing: /home/auresol/Documents/work/ros2/WRG2024NextGen/src/install/turtlebot3_msgs/share/turtlebot3_msgs/cmake/export_turtlebot3_msgs__rosidl_typesupport_fastrtps_cppExport-noconfig.cmake
[7.671s] -- Installing: /home/auresol/Documents/work/ros2/WRG2024NextGen/src/install/turtlebot3_msgs/share/turtlebot3_msgs/cmake/turtlebot3_msgs__rosidl_typesupport_introspection_cExport.cmake
[7.671s] -- Installing: /home/auresol/Documents/work/ros2/WRG2024NextGen/src/install/turtlebot3_msgs/share/turtlebot3_msgs/cmake/turtlebot3_msgs__rosidl_typesupport_introspection_cExport-noconfig.cmake
[7.672s] -- Installing: /home/auresol/Documents/work/ros2/WRG2024NextGen/src/install/turtlebot3_msgs/share/turtlebot3_msgs/cmake/turtlebot3_msgs__rosidl_typesupport_cExport.cmake
[7.672s] -- Installing: /home/auresol/Documents/work/ros2/WRG2024NextGen/src/install/turtlebot3_msgs/share/turtlebot3_msgs/cmake/turtlebot3_msgs__rosidl_typesupport_cExport-noconfig.cmake
[7.672s] -- Installing: /home/auresol/Documents/work/ros2/WRG2024NextGen/src/install/turtlebot3_msgs/share/turtlebot3_msgs/cmake/turtlebot3_msgs__rosidl_typesupport_introspection_cppExport.cmake
[7.672s] -- Installing: /home/auresol/Documents/work/ros2/WRG2024NextGen/src/install/turtlebot3_msgs/share/turtlebot3_msgs/cmake/turtlebot3_msgs__rosidl_typesupport_introspection_cppExport-noconfig.cmake
[7.672s] -- Installing: /home/auresol/Documents/work/ros2/WRG2024NextGen/src/install/turtlebot3_msgs/share/turtlebot3_msgs/cmake/turtlebot3_msgs__rosidl_typesupport_cppExport.cmake
[7.673s] -- Installing: /home/auresol/Documents/work/ros2/WRG2024NextGen/src/install/turtlebot3_msgs/share/turtlebot3_msgs/cmake/turtlebot3_msgs__rosidl_typesupport_cppExport-noconfig.cmake
[7.673s] -- Installing: /home/auresol/Documents/work/ros2/WRG2024NextGen/src/install/turtlebot3_msgs/share/turtlebot3_msgs/cmake/export_turtlebot3_msgs__rosidl_generator_pyExport.cmake
[7.673s] -- Installing: /home/auresol/Documents/work/ros2/WRG2024NextGen/src/install/turtlebot3_msgs/share/turtlebot3_msgs/cmake/export_turtlebot3_msgs__rosidl_generator_pyExport-noconfig.cmake
[7.674s] -- Installing: /home/auresol/Documents/work/ros2/WRG2024NextGen/src/install/turtlebot3_msgs/share/turtlebot3_msgs/cmake/rosidl_cmake-extras.cmake
[7.674s] -- Installing: /home/auresol/Documents/work/ros2/WRG2024NextGen/src/install/turtlebot3_msgs/share/turtlebot3_msgs/cmake/ament_cmake_export_dependencies-extras.cmake
[7.674s] -- Installing: /home/auresol/Documents/work/ros2/WRG2024NextGen/src/install/turtlebot3_msgs/share/turtlebot3_msgs/cmake/ament_cmake_export_include_directories-extras.cmake
[7.674s] -- Installing: /home/auresol/Documents/work/ros2/WRG2024NextGen/src/install/turtlebot3_msgs/share/turtlebot3_msgs/cmake/ament_cmake_export_libraries-extras.cmake
[7.675s] -- Installing: /home/auresol/Documents/work/ros2/WRG2024NextGen/src/install/turtlebot3_msgs/share/turtlebot3_msgs/cmake/ament_cmake_export_targets-extras.cmake
[7.675s] -- Installing: /home/auresol/Documents/work/ros2/WRG2024NextGen/src/install/turtlebot3_msgs/share/turtlebot3_msgs/cmake/rosidl_cmake_export_typesupport_targets-extras.cmake
[7.675s] -- Installing: /home/auresol/Documents/work/ros2/WRG2024NextGen/src/install/turtlebot3_msgs/share/turtlebot3_msgs/cmake/rosidl_cmake_export_typesupport_libraries-extras.cmake
[7.675s] -- Installing: /home/auresol/Documents/work/ros2/WRG2024NextGen/src/install/turtlebot3_msgs/share/turtlebot3_msgs/cmake/turtlebot3_msgsConfig.cmake
[7.675s] -- Installing: /home/auresol/Documents/work/ros2/WRG2024NextGen/src/install/turtlebot3_msgs/share/turtlebot3_msgs/cmake/turtlebot3_msgsConfig-version.cmake
[7.676s] -- Installing: /home/auresol/Documents/work/ros2/WRG2024NextGen/src/install/turtlebot3_msgs/share/turtlebot3_msgs/package.xml
[7.681s] Invoked command in '/home/auresol/Documents/work/ros2/WRG2024NextGen/src/build/turtlebot3_msgs' returned '0': CMAKE_PREFIX_PATH=${CMAKE_PREFIX_PATH}:/home/auresol/Documents/ros2/install/py_pkg_test:/opt/ros/humble /usr/bin/cmake --install /home/auresol/Documents/work/ros2/WRG2024NextGen/src/build/turtlebot3_msgs
