[0.009s] Invoking command in '/home/tim/Documents/GitHub/WRG2024NextGen/build/turtlebot3_fake_node': CMAKE_PREFIX_PATH=${CMAKE_PREFIX_PATH}:/home/tim/ros2_ws/install/turtlesim_catch_them_all:/home/tim/ros2_ws/install/my_py_pkg:/opt/ros/humble /home/tim/.local/bin/cmake /home/tim/Documents/GitHub/WRG2024NextGen/src/turtlebot3_fake_node -DCMAKE_INSTALL_PREFIX=/home/tim/Documents/GitHub/WRG2024NextGen/install/turtlebot3_fake_node
[0.086s] -- The C compiler identification is GNU 11.4.0
[0.124s] -- The CXX compiler identification is GNU 11.4.0
[0.131s] -- Detecting C compiler ABI info
[0.169s] -- Detecting C compiler ABI info - done
[0.179s] -- Check for working C compiler: /usr/bin/cc - skipped
[0.179s] -- Detecting C compile features
[0.179s] -- Detecting C compile features - done
[0.182s] -- Detecting CXX compiler ABI info
[0.229s] -- Detecting CXX compiler ABI info - done
[0.240s] -- Check for working CXX compiler: /usr/bin/c++ - skipped
[0.240s] -- Detecting CXX compile features
[0.240s] -- Detecting CXX compile features - done
[0.242s] -- Found ament_cmake: 1.3.9 (/opt/ros/humble/share/ament_cmake/cmake)
[0.329s] -- Found Python3: /usr/bin/python3 (found version "3.10.12") found components: Interpreter
[0.390s] -- Found geometry_msgs: 4.2.4 (/opt/ros/humble/share/geometry_msgs/cmake)
[0.421s] -- Found rosidl_generator_c: 3.1.5 (/opt/ros/humble/share/rosidl_generator_c/cmake)
[0.426s] -- Found rosidl_adapter: 3.1.5 (/opt/ros/humble/share/rosidl_adapter/cmake)
[0.433s] -- Found rosidl_generator_cpp: 3.1.5 (/opt/ros/humble/share/rosidl_generator_cpp/cmake)
[0.445s] -- Using all available rosidl_typesupport_c: rosidl_typesupport_fastrtps_c;rosidl_typesupport_introspection_c
[0.462s] -- Using all available rosidl_typesupport_cpp: rosidl_typesupport_fastrtps_cpp;rosidl_typesupport_introspection_cpp
[0.559s] -- Found nav_msgs: 4.2.4 (/opt/ros/humble/share/nav_msgs/cmake)
[0.629s] -- Found rclcpp: 16.0.9 (/opt/ros/humble/share/rclcpp/cmake)
[0.684s] -- Found rmw_implementation_cmake: 6.1.2 (/opt/ros/humble/share/rmw_implementation_cmake/cmake)
[0.687s] -- Found rmw_fastrtps_cpp: 6.2.6 (/opt/ros/humble/share/rmw_fastrtps_cpp/cmake)
[0.769s] -- Found OpenSSL: /usr/lib/x86_64-linux-gnu/libcrypto.so (found version "3.0.2")
[0.792s] -- Found FastRTPS: /opt/ros/humble/include
[0.833s] -- Using RMW implementation 'rmw_fastrtps_cpp' as default
[0.842s] -- Performing Test CMAKE_HAVE_LIBC_PTHREAD
[0.887s] -- Performing Test CMAKE_HAVE_LIBC_PTHREAD - Success
[0.887s] -- Found Threads: TRUE
[0.988s] -- Found sensor_msgs: 4.2.4 (/opt/ros/humble/share/sensor_msgs/cmake)
[1.054s] -- Found tf2: 0.25.7 (/opt/ros/humble/share/tf2/cmake)
[1.067s] -- Found tf2_msgs: 0.25.7 (/opt/ros/humble/share/tf2_msgs/cmake)
[1.183s] -- Found turtlebot3_msgs: 2.2.3 (/opt/ros/humble/share/turtlebot3_msgs/cmake)
[1.289s] -- Configuring done (1.2s)
[1.297s] -- Generating done (0.0s)
[1.298s] -- Build files have been written to: /home/tim/Documents/GitHub/WRG2024NextGen/build/turtlebot3_fake_node
[1.314s] Invoked command in '/home/tim/Documents/GitHub/WRG2024NextGen/build/turtlebot3_fake_node' returned '0': CMAKE_PREFIX_PATH=${CMAKE_PREFIX_PATH}:/home/tim/ros2_ws/install/turtlesim_catch_them_all:/home/tim/ros2_ws/install/my_py_pkg:/opt/ros/humble /home/tim/.local/bin/cmake /home/tim/Documents/GitHub/WRG2024NextGen/src/turtlebot3_fake_node -DCMAKE_INSTALL_PREFIX=/home/tim/Documents/GitHub/WRG2024NextGen/install/turtlebot3_fake_node
[1.315s] Invoking command in '/home/tim/Documents/GitHub/WRG2024NextGen/build/turtlebot3_fake_node': CMAKE_PREFIX_PATH=${CMAKE_PREFIX_PATH}:/home/tim/ros2_ws/install/turtlesim_catch_them_all:/home/tim/ros2_ws/install/my_py_pkg:/opt/ros/humble /home/tim/.local/bin/cmake --build /home/tim/Documents/GitHub/WRG2024NextGen/build/turtlebot3_fake_node -- -j16 -l16
[1.378s] [ 50%] [32mBuilding CXX object CMakeFiles/turtlebot3_fake_node.dir/src/turtlebot3_fake_node.cpp.o[0m
[9.054s] [100%] [32m[1mLinking CXX executable turtlebot3_fake_node[0m
[9.424s] [100%] Built target turtlebot3_fake_node
[9.440s] Invoked command in '/home/tim/Documents/GitHub/WRG2024NextGen/build/turtlebot3_fake_node' returned '0': CMAKE_PREFIX_PATH=${CMAKE_PREFIX_PATH}:/home/tim/ros2_ws/install/turtlesim_catch_them_all:/home/tim/ros2_ws/install/my_py_pkg:/opt/ros/humble /home/tim/.local/bin/cmake --build /home/tim/Documents/GitHub/WRG2024NextGen/build/turtlebot3_fake_node -- -j16 -l16
[9.587s] Invoking command in '/home/tim/Documents/GitHub/WRG2024NextGen/build/turtlebot3_fake_node': CMAKE_PREFIX_PATH=${CMAKE_PREFIX_PATH}:/home/tim/ros2_ws/install/turtlesim_catch_them_all:/home/tim/ros2_ws/install/my_py_pkg:/opt/ros/humble /home/tim/.local/bin/cmake --install /home/tim/Documents/GitHub/WRG2024NextGen/build/turtlebot3_fake_node
[9.645s] -- Install configuration: ""
[9.645s] -- Installing: /home/tim/Documents/GitHub/WRG2024NextGen/install/turtlebot3_fake_node/lib/turtlebot3_fake_node/turtlebot3_fake_node
[9.648s] -- Set non-toolchain portion of runtime path of "/home/tim/Documents/GitHub/WRG2024NextGen/install/turtlebot3_fake_node/lib/turtlebot3_fake_node/turtlebot3_fake_node" to ""
[9.648s] -- Installing: /home/tim/Documents/GitHub/WRG2024NextGen/install/turtlebot3_fake_node/share/turtlebot3_fake_node/launch
[9.648s] -- Installing: /home/tim/Documents/GitHub/WRG2024NextGen/install/turtlebot3_fake_node/share/turtlebot3_fake_node/launch/turtlebot3_fake_node.launch.py
[9.648s] -- Installing: /home/tim/Documents/GitHub/WRG2024NextGen/install/turtlebot3_fake_node/share/turtlebot3_fake_node/launch/rviz2.launch.py
[9.648s] -- Installing: /home/tim/Documents/GitHub/WRG2024NextGen/install/turtlebot3_fake_node/share/turtlebot3_fake_node/param
[9.648s] -- Installing: /home/tim/Documents/GitHub/WRG2024NextGen/install/turtlebot3_fake_node/share/turtlebot3_fake_node/param/waffle.yaml
[9.648s] -- Installing: /home/tim/Documents/GitHub/WRG2024NextGen/install/turtlebot3_fake_node/share/turtlebot3_fake_node/param/waffle_pi.yaml
[9.649s] -- Installing: /home/tim/Documents/GitHub/WRG2024NextGen/install/turtlebot3_fake_node/share/turtlebot3_fake_node/param/burger.yaml
[9.649s] -- Installing: /home/tim/Documents/GitHub/WRG2024NextGen/install/turtlebot3_fake_node/include/
[9.649s] -- Installing: /home/tim/Documents/GitHub/WRG2024NextGen/install/turtlebot3_fake_node/include//turtlebot3_fake_node
[9.649s] -- Installing: /home/tim/Documents/GitHub/WRG2024NextGen/install/turtlebot3_fake_node/include//turtlebot3_fake_node/turtlebot3_fake_node.hpp
[9.649s] -- Installing: /home/tim/Documents/GitHub/WRG2024NextGen/install/turtlebot3_fake_node/share/ament_index/resource_index/package_run_dependencies/turtlebot3_fake_node
[9.649s] -- Installing: /home/tim/Documents/GitHub/WRG2024NextGen/install/turtlebot3_fake_node/share/ament_index/resource_index/parent_prefix_path/turtlebot3_fake_node
[9.649s] -- Installing: /home/tim/Documents/GitHub/WRG2024NextGen/install/turtlebot3_fake_node/share/turtlebot3_fake_node/environment/ament_prefix_path.sh
[9.649s] -- Installing: /home/tim/Documents/GitHub/WRG2024NextGen/install/turtlebot3_fake_node/share/turtlebot3_fake_node/environment/ament_prefix_path.dsv
[9.649s] -- Installing: /home/tim/Documents/GitHub/WRG2024NextGen/install/turtlebot3_fake_node/share/turtlebot3_fake_node/environment/path.sh
[9.649s] -- Installing: /home/tim/Documents/GitHub/WRG2024NextGen/install/turtlebot3_fake_node/share/turtlebot3_fake_node/environment/path.dsv
[9.649s] -- Installing: /home/tim/Documents/GitHub/WRG2024NextGen/install/turtlebot3_fake_node/share/turtlebot3_fake_node/local_setup.bash
[9.649s] -- Installing: /home/tim/Documents/GitHub/WRG2024NextGen/install/turtlebot3_fake_node/share/turtlebot3_fake_node/local_setup.sh
[9.649s] -- Installing: /home/tim/Documents/GitHub/WRG2024NextGen/install/turtlebot3_fake_node/share/turtlebot3_fake_node/local_setup.zsh
[9.649s] -- Installing: /home/tim/Documents/GitHub/WRG2024NextGen/install/turtlebot3_fake_node/share/turtlebot3_fake_node/local_setup.dsv
[9.649s] -- Installing: /home/tim/Documents/GitHub/WRG2024NextGen/install/turtlebot3_fake_node/share/turtlebot3_fake_node/package.dsv
[9.650s] -- Installing: /home/tim/Documents/GitHub/WRG2024NextGen/install/turtlebot3_fake_node/share/ament_index/resource_index/packages/turtlebot3_fake_node
[9.650s] -- Installing: /home/tim/Documents/GitHub/WRG2024NextGen/install/turtlebot3_fake_node/share/turtlebot3_fake_node/cmake/ament_cmake_export_include_directories-extras.cmake
[9.650s] -- Installing: /home/tim/Documents/GitHub/WRG2024NextGen/install/turtlebot3_fake_node/share/turtlebot3_fake_node/cmake/ament_cmake_export_dependencies-extras.cmake
[9.650s] -- Installing: /home/tim/Documents/GitHub/WRG2024NextGen/install/turtlebot3_fake_node/share/turtlebot3_fake_node/cmake/turtlebot3_fake_nodeConfig.cmake
[9.650s] -- Installing: /home/tim/Documents/GitHub/WRG2024NextGen/install/turtlebot3_fake_node/share/turtlebot3_fake_node/cmake/turtlebot3_fake_nodeConfig-version.cmake
[9.650s] -- Installing: /home/tim/Documents/GitHub/WRG2024NextGen/install/turtlebot3_fake_node/share/turtlebot3_fake_node/package.xml
[9.662s] Invoked command in '/home/tim/Documents/GitHub/WRG2024NextGen/build/turtlebot3_fake_node' returned '0': CMAKE_PREFIX_PATH=${CMAKE_PREFIX_PATH}:/home/tim/ros2_ws/install/turtlesim_catch_them_all:/home/tim/ros2_ws/install/my_py_pkg:/opt/ros/humble /home/tim/.local/bin/cmake --install /home/tim/Documents/GitHub/WRG2024NextGen/build/turtlebot3_fake_node
