[0.012s] Invoking command in '/home/auresol/Documents/work/ros2/WRG2024NextGen/src/build/turtlebot3_simulations': CMAKE_PREFIX_PATH=${CMAKE_PREFIX_PATH}:/home/auresol/Documents/ros2/install/py_pkg_test:/opt/ros/humble /usr/bin/cmake /home/auresol/Documents/work/ros2/WRG2024NextGen/src/turtlebot3_simulations -DCMAKE_INSTALL_PREFIX=/home/auresol/Documents/work/ros2/WRG2024NextGen/src/install/turtlebot3_simulations
[0.099s] -- The C compiler identification is GNU 11.4.0
[0.173s] -- The CXX compiler identification is GNU 11.4.0
[0.180s] -- Detecting C compiler ABI info
[0.292s] -- Detecting C compiler ABI info - done
[0.310s] -- Check for working C compiler: /usr/bin/cc - skipped
[0.310s] -- Detecting C compile features
[0.311s] -- Detecting C compile features - done
[0.318s] -- Detecting CXX compiler ABI info
[0.442s] -- Detecting CXX compiler ABI info - done
[0.459s] -- Check for working CXX compiler: /usr/bin/c++ - skipped
[0.460s] -- Detecting CXX compile features
[0.461s] -- Detecting CXX compile features - done
[0.467s] -- Found ament_cmake: 1.3.9 (/opt/ros/humble/share/ament_cmake/cmake)
[0.677s] -- Found Python3: /usr/bin/python3 (found version "3.10.12") found components: Interpreter 
[0.905s] -- Configuring done
[0.910s] -- Generating done
[0.911s] -- Build files have been written to: /home/auresol/Documents/work/ros2/WRG2024NextGen/src/build/turtlebot3_simulations
[0.917s] Invoked command in '/home/auresol/Documents/work/ros2/WRG2024NextGen/src/build/turtlebot3_simulations' returned '0': CMAKE_PREFIX_PATH=${CMAKE_PREFIX_PATH}:/home/auresol/Documents/ros2/install/py_pkg_test:/opt/ros/humble /usr/bin/cmake /home/auresol/Documents/work/ros2/WRG2024NextGen/src/turtlebot3_simulations -DCMAKE_INSTALL_PREFIX=/home/auresol/Documents/work/ros2/WRG2024NextGen/src/install/turtlebot3_simulations
[0.920s] Invoking command in '/home/auresol/Documents/work/ros2/WRG2024NextGen/src/build/turtlebot3_simulations': CMAKE_PREFIX_PATH=${CMAKE_PREFIX_PATH}:/home/auresol/Documents/ros2/install/py_pkg_test:/opt/ros/humble /usr/bin/cmake --build /home/auresol/Documents/work/ros2/WRG2024NextGen/src/build/turtlebot3_simulations -- -j8 -l8
[0.983s] Invoked command in '/home/auresol/Documents/work/ros2/WRG2024NextGen/src/build/turtlebot3_simulations' returned '0': CMAKE_PREFIX_PATH=${CMAKE_PREFIX_PATH}:/home/auresol/Documents/ros2/install/py_pkg_test:/opt/ros/humble /usr/bin/cmake --build /home/auresol/Documents/work/ros2/WRG2024NextGen/src/build/turtlebot3_simulations -- -j8 -l8
[1.022s] Invoking command in '/home/auresol/Documents/work/ros2/WRG2024NextGen/src/build/turtlebot3_simulations': CMAKE_PREFIX_PATH=${CMAKE_PREFIX_PATH}:/home/auresol/Documents/ros2/install/py_pkg_test:/opt/ros/humble /usr/bin/cmake --install /home/auresol/Documents/work/ros2/WRG2024NextGen/src/build/turtlebot3_simulations
[1.036s] -- Install configuration: ""
[1.036s] -- Installing: /home/auresol/Documents/work/ros2/WRG2024NextGen/src/install/turtlebot3_simulations/share/ament_index/resource_index/package_run_dependencies/turtlebot3_simulations
[1.037s] -- Installing: /home/auresol/Documents/work/ros2/WRG2024NextGen/src/install/turtlebot3_simulations/share/ament_index/resource_index/parent_prefix_path/turtlebot3_simulations
[1.037s] -- Installing: /home/auresol/Documents/work/ros2/WRG2024NextGen/src/install/turtlebot3_simulations/share/turtlebot3_simulations/environment/ament_prefix_path.sh
[1.037s] -- Installing: /home/auresol/Documents/work/ros2/WRG2024NextGen/src/install/turtlebot3_simulations/share/turtlebot3_simulations/environment/ament_prefix_path.dsv
[1.038s] -- Installing: /home/auresol/Documents/work/ros2/WRG2024NextGen/src/install/turtlebot3_simulations/share/turtlebot3_simulations/environment/path.sh
[1.038s] -- Installing: /home/auresol/Documents/work/ros2/WRG2024NextGen/src/install/turtlebot3_simulations/share/turtlebot3_simulations/environment/path.dsv
[1.038s] -- Installing: /home/auresol/Documents/work/ros2/WRG2024NextGen/src/install/turtlebot3_simulations/share/turtlebot3_simulations/local_setup.bash
[1.038s] -- Installing: /home/auresol/Documents/work/ros2/WRG2024NextGen/src/install/turtlebot3_simulations/share/turtlebot3_simulations/local_setup.sh
[1.038s] -- Installing: /home/auresol/Documents/work/ros2/WRG2024NextGen/src/install/turtlebot3_simulations/share/turtlebot3_simulations/local_setup.zsh
[1.039s] -- Installing: /home/auresol/Documents/work/ros2/WRG2024NextGen/src/install/turtlebot3_simulations/share/turtlebot3_simulations/local_setup.dsv
[1.039s] -- Installing: /home/auresol/Documents/work/ros2/WRG2024NextGen/src/install/turtlebot3_simulations/share/turtlebot3_simulations/package.dsv
[1.039s] -- Installing: /home/auresol/Documents/work/ros2/WRG2024NextGen/src/install/turtlebot3_simulations/share/ament_index/resource_index/packages/turtlebot3_simulations
[1.039s] -- Installing: /home/auresol/Documents/work/ros2/WRG2024NextGen/src/install/turtlebot3_simulations/share/turtlebot3_simulations/cmake/turtlebot3_simulationsConfig.cmake
[1.039s] -- Installing: /home/auresol/Documents/work/ros2/WRG2024NextGen/src/install/turtlebot3_simulations/share/turtlebot3_simulations/cmake/turtlebot3_simulationsConfig-version.cmake
[1.040s] -- Installing: /home/auresol/Documents/work/ros2/WRG2024NextGen/src/install/turtlebot3_simulations/share/turtlebot3_simulations/package.xml
[1.042s] Invoked command in '/home/auresol/Documents/work/ros2/WRG2024NextGen/src/build/turtlebot3_simulations' returned '0': CMAKE_PREFIX_PATH=${CMAKE_PREFIX_PATH}:/home/auresol/Documents/ros2/install/py_pkg_test:/opt/ros/humble /usr/bin/cmake --install /home/auresol/Documents/work/ros2/WRG2024NextGen/src/build/turtlebot3_simulations
