[0.013s] Invoking command in '/home/auresol/Documents/work/ros2/WRG2024NextGen/src/build/turtlebot3_gazebo': CMAKE_PREFIX_PATH=${CMAKE_PREFIX_PATH}:/home/auresol/Documents/ros2/install/py_pkg_test:/opt/ros/humble /usr/bin/cmake /home/auresol/Documents/work/ros2/WRG2024NextGen/src/turtlebot3_gazebo -DCMAKE_INSTALL_PREFIX=/home/auresol/Documents/work/ros2/WRG2024NextGen/src/install/turtlebot3_gazebo
[0.093s] -- The C compiler identification is GNU 11.4.0
[0.165s] -- The CXX compiler identification is GNU 11.4.0
[0.175s] -- Detecting C compiler ABI info
[0.250s] -- Detecting C compiler ABI info - done
[0.256s] -- Check for working C compiler: /usr/bin/cc - skipped
[0.256s] -- Detecting C compile features
[0.257s] -- Detecting C compile features - done
[0.259s] -- Detecting CXX compiler ABI info
[0.330s] -- Detecting CXX compiler ABI info - done
[0.337s] -- Check for working CXX compiler: /usr/bin/c++ - skipped
[0.337s] -- Detecting CXX compile features
[0.337s] -- Detecting CXX compile features - done
[0.346s] -- Found ament_cmake: 1.3.9 (/opt/ros/humble/share/ament_cmake/cmake)
[0.466s] -- Found Python3: /usr/bin/python3 (found version "3.10.12") found components: Interpreter 
[0.579s] [33mCMake Warning (dev) at /usr/share/cmake-3.22/Modules/FindPackageHandleStandardArgs.cmake:438 (message):
[0.579s]   The package name passed to `find_package_handle_standard_args` (PkgConfig)
[0.579s]   does not match the name of the calling package (gazebo).  This can lead to
[0.580s]   problems in calling code that expects `find_package` result variables
[0.580s]   (e.g., `_FOUND`) to follow a certain pattern.
[0.580s] Call Stack (most recent call first):
[0.580s]   /usr/share/cmake-3.22/Modules/FindPkgConfig.cmake:99 (find_package_handle_standard_args)
[0.580s]   /usr/lib/x86_64-linux-gnu/cmake/gazebo/gazebo-config.cmake:72 (include)
[0.580s]   CMakeLists.txt:23 (find_package)
[0.580s] This warning is for project developers.  Use -Wno-dev to suppress it.
[0.580s] [0m
[0.580s] -- Found PkgConfig: /usr/bin/pkg-config (found version "0.29.2") 
[0.585s] -- Checking for module 'bullet>=2.82'
[0.602s] --   Found bullet, version 3.05
[0.716s] -- Found fcl: /usr/include (found suitable version "0.7.0", minimum required is "0.5.0") 
[0.775s] -- Found assimp: /usr/include (found version "5.2.0") 
[0.798s] -- Found DART: /usr/include (Required is at least version "6.6") found components: dart 
[0.991s] -- Found Boost: /usr/lib/x86_64-linux-gnu/cmake/Boost-1.74.0/BoostConfig.cmake (found suitable version "1.74.0", minimum required is "1.40.0") found components: thread system filesystem program_options regex iostreams date_time 
[1.009s] -- Found Protobuf: /usr/lib/x86_64-linux-gnu/libprotobuf.so (found version "3.12.4") 
[1.014s] -- Looking for ignition-math6 -- found version 6.15.1
[1.021s] -- Searching for dependencies of ignition-math6
[1.023s] -- Looking for OGRE...
[1.023s] -- OGRE_PREFIX_WATCH changed.
[1.029s] -- Checking for module 'OGRE'
[1.043s] --   Found OGRE, version 1.9.0
[1.082s] -- Found Ogre Ghadamon (1.9.0)
[1.090s] -- Found OGRE: optimized;/usr/lib/x86_64-linux-gnu/libOgreMain.so;debug;/usr/lib/x86_64-linux-gnu/libOgreMain.so
[1.098s] -- Looking for OGRE_Paging...
[1.102s] -- Found OGRE_Paging: optimized;/usr/lib/x86_64-linux-gnu/libOgrePaging.so;debug;/usr/lib/x86_64-linux-gnu/libOgrePaging.so
[1.102s] -- Looking for OGRE_Terrain...
[1.105s] -- Found OGRE_Terrain: optimized;/usr/lib/x86_64-linux-gnu/libOgreTerrain.so;debug;/usr/lib/x86_64-linux-gnu/libOgreTerrain.so
[1.105s] -- Looking for OGRE_Property...
[1.109s] -- Found OGRE_Property: optimized;/usr/lib/x86_64-linux-gnu/libOgreProperty.so;debug;/usr/lib/x86_64-linux-gnu/libOgreProperty.so
[1.109s] -- Looking for OGRE_RTShaderSystem...
[1.113s] -- Found OGRE_RTShaderSystem: optimized;/usr/lib/x86_64-linux-gnu/libOgreRTShaderSystem.so;debug;/usr/lib/x86_64-linux-gnu/libOgreRTShaderSystem.so
[1.113s] -- Looking for OGRE_Volume...
[1.116s] -- Found OGRE_Volume: optimized;/usr/lib/x86_64-linux-gnu/libOgreVolume.so;debug;/usr/lib/x86_64-linux-gnu/libOgreVolume.so
[1.117s] -- Looking for OGRE_Overlay...
[1.120s] -- Found OGRE_Overlay: optimized;/usr/lib/x86_64-linux-gnu/libOgreOverlay.so;debug;/usr/lib/x86_64-linux-gnu/libOgreOverlay.so
[1.203s] -- Looking for ignition-math6 -- found version 6.15.1
[1.205s] -- Looking for ignition-transport8 -- found version 8.2.1
[1.206s] -- Searching for dependencies of ignition-transport8
[1.223s] -- Found Protobuf: /usr/lib/x86_64-linux-gnu/libprotobuf.so (found suitable version "3.12.4", minimum required is "3") 
[1.231s] -- Config-file not installed for ZeroMQ -- checking for pkg-config
[1.236s] -- Checking for module 'libzmq >= 4'
[1.253s] --   Found libzmq , version 4.3.4
[1.301s] -- Found ZeroMQ: TRUE (Required is at least version "4") 
[1.307s] -- Checking for module 'uuid'
[1.324s] --   Found uuid, version 2.37.2
[1.366s] -- Found UUID: TRUE  
[1.368s] -- Looking for ignition-msgs5 -- found version 5.8.1
[1.368s] -- Searching for dependencies of ignition-msgs5
[1.383s] -- Looking for ignition-math6 -- found version 6.15.1
[1.388s] -- Checking for module 'tinyxml2'
[1.402s] --   Found tinyxml2, version 9.0.0
[1.438s] -- Looking for ignition-msgs5 -- found version 5.8.1
[1.440s] -- Looking for ignition-common3 -- found version 3.14.0
[1.441s] -- Searching for dependencies of ignition-common3
[1.441s] -- Looking for dlfcn.h - found
[1.442s] -- Looking for libdl - found
[1.443s] -- Found DL: TRUE  
[1.454s] -- Found tinyobjloader: /usr/lib/x86_64-linux-gnu/cmake/tinyobjloader/tinyobjloader-config.cmake (found version "2.0.0") 
[1.454s] -- Searching for <ignition-common3> component [graphics]
[1.456s] -- Looking for ignition-common3-graphics -- found version 3.14.0
[1.456s] -- Searching for dependencies of ignition-common3-graphics
[1.456s] -- Looking for ignition-math6 -- found version 6.15.1
[1.459s] -- Looking for ignition-fuel_tools4 -- found version 4.4.0
[1.459s] -- Searching for dependencies of ignition-fuel_tools4
[1.537s] -- Found CURL: /usr/lib/x86_64-linux-gnu/libcurl.so (found version "7.81.0")  
[1.547s] -- Checking for module 'jsoncpp'
[1.562s] --   Found jsoncpp, version 1.9.5
[1.603s] -- Found JSONCPP: TRUE  
[1.609s] -- Checking for module 'libzip'
[1.624s] --   Found libzip, version 1.7.3
[1.662s] -- Found ZIP: TRUE  
[1.663s] -- Looking for ignition-common3 -- found version 3.14.0
[1.663s] -- Looking for ignition-math6 -- found version 6.15.1
[1.663s] -- Looking for ignition-msgs5 -- found version 5.8.1
[1.668s] -- Found gazebo_ros_pkgs: 3.7.0 (/opt/ros/humble/share/gazebo_ros_pkgs/cmake)
[1.670s] -- Found geometry_msgs: 4.2.4 (/opt/ros/humble/share/geometry_msgs/cmake)
[1.695s] -- Found rosidl_generator_c: 3.1.5 (/opt/ros/humble/share/rosidl_generator_c/cmake)
[1.699s] -- Found rosidl_adapter: 3.1.5 (/opt/ros/humble/share/rosidl_adapter/cmake)
[1.706s] -- Found rosidl_generator_cpp: 3.1.5 (/opt/ros/humble/share/rosidl_generator_cpp/cmake)
[1.718s] -- Using all available rosidl_typesupport_c: rosidl_typesupport_fastrtps_c;rosidl_typesupport_introspection_c
[1.735s] -- Using all available rosidl_typesupport_cpp: rosidl_typesupport_fastrtps_cpp;rosidl_typesupport_introspection_cpp
[1.837s] -- Found nav_msgs: 4.2.4 (/opt/ros/humble/share/nav_msgs/cmake)
[1.909s] -- Found rclcpp: 16.0.9 (/opt/ros/humble/share/rclcpp/cmake)
[1.958s] -- Found rmw_implementation_cmake: 6.1.2 (/opt/ros/humble/share/rmw_implementation_cmake/cmake)
[1.960s] -- Found rmw_fastrtps_cpp: 6.2.6 (/opt/ros/humble/share/rmw_fastrtps_cpp/cmake)
[2.073s] -- Found OpenSSL: /usr/lib/x86_64-linux-gnu/libcrypto.so (found version "3.0.2")  
[2.094s] -- Found FastRTPS: /opt/ros/humble/include  
[2.145s] -- Using RMW implementation 'rmw_fastrtps_cpp' as default
[2.153s] -- Found Threads: TRUE  
[2.261s] -- Found sensor_msgs: 4.2.4 (/opt/ros/humble/share/sensor_msgs/cmake)
[2.332s] -- Found tf2: 0.25.7 (/opt/ros/humble/share/tf2/cmake)
[2.400s] -- Configuring done
[2.435s] -- Generating done
[2.437s] -- Build files have been written to: /home/auresol/Documents/work/ros2/WRG2024NextGen/src/build/turtlebot3_gazebo
