[0.007s] Invoking command in '/home/tim/Documents/GitHub/WRG2024NextGen/build/turtlebot3_gazebo': CMAKE_PREFIX_PATH=${CMAKE_PREFIX_PATH}:/home/tim/ros2_ws/install/turtlesim_catch_them_all:/home/tim/ros2_ws/install/my_py_pkg:/opt/ros/humble /home/tim/.local/bin/cmake /home/tim/Documents/GitHub/WRG2024NextGen/src/turtlebot3_gazebo -DCMAKE_INSTALL_PREFIX=/home/tim/Documents/GitHub/WRG2024NextGen/install/turtlebot3_gazebo
[0.082s] -- The C compiler identification is GNU 11.4.0
[0.119s] -- The CXX compiler identification is GNU 11.4.0
[0.126s] -- Detecting C compiler ABI info
[0.164s] -- Detecting C compiler ABI info - done
[0.175s] -- Check for working C compiler: /usr/bin/cc - skipped
[0.175s] -- Detecting C compile features
[0.175s] -- Detecting C compile features - done
[0.178s] -- Detecting CXX compiler ABI info
[0.224s] -- Detecting CXX compiler ABI info - done
[0.235s] -- Check for working CXX compiler: /usr/bin/c++ - skipped
[0.235s] -- Detecting CXX compile features
[0.236s] -- Detecting CXX compile features - done
[0.238s] -- Found ament_cmake: 1.3.9 (/opt/ros/humble/share/ament_cmake/cmake)
[0.325s] -- Found Python3: /usr/bin/python3 (found version "3.10.12") found components: Interpreter
[0.389s] [33mCMake Warning (dev) at /home/tim/.local/lib/python3.10/site-packages/cmake/data/share/cmake-3.29/Modules/FindPackageHandleStandardArgs.cmake:438 (message):
[0.389s]   The package name passed to `find_package_handle_standard_args` (PkgConfig)
[0.389s]   does not match the name of the calling package (gazebo).  This can lead to
[0.389s]   problems in calling code that expects `find_package` result variables
[0.389s]   (e.g., `_FOUND`) to follow a certain pattern.
[0.389s] Call Stack (most recent call first):
[0.389s]   /home/tim/.local/lib/python3.10/site-packages/cmake/data/share/cmake-3.29/Modules/FindPkgConfig.cmake:114 (find_package_handle_standard_args)
[0.389s]   /usr/lib/x86_64-linux-gnu/cmake/gazebo/gazebo-config.cmake:72 (include)
[0.389s]   CMakeLists.txt:23 (find_package)
[0.389s] This warning is for project developers.  Use -Wno-dev to suppress it.
[0.389s] [0m
[0.389s] -- Found PkgConfig: /usr/bin/pkg-config (found version "0.29.2")
[0.392s] -- Checking for module 'bullet>=2.82'
[0.399s] --   Found bullet, version 3.05
[0.460s] -- Found fcl: /usr/include (found suitable version "0.7.0", minimum required is "0.5.0")
[0.490s] -- Found assimp: /usr/include (found version "5.2.0")
[0.506s] -- Found DART: /usr/include (Required is at least version "6.6") found components: dart
[0.572s] -- Found Boost: /usr/lib/x86_64-linux-gnu/cmake/Boost-1.74.0/BoostConfig.cmake (found suitable version "1.74.0", minimum required is "1.40.0") found components: thread system filesystem program_options regex iostreams date_time
[0.588s] -- Found Protobuf: /usr/lib/x86_64-linux-gnu/libprotobuf.so (found version "3.12.4")
[0.592s] -- Looking for ignition-math6 -- found version 6.15.1
[0.597s] -- Searching for dependencies of ignition-math6
[0.598s] -- Looking for OGRE...
[0.599s] -- OGRE_PREFIX_WATCH changed.
[0.603s] -- Checking for module 'OGRE'
[0.612s] --   Found OGRE, version 1.9.0
[0.633s] -- Found Ogre Ghadamon (1.9.0)
[0.643s] -- Found OGRE: optimized;/usr/lib/x86_64-linux-gnu/libOgreMain.so;debug;/usr/lib/x86_64-linux-gnu/libOgreMain.so
[0.652s] -- Looking for OGRE_Paging...
[0.659s] -- Found OGRE_Paging: optimized;/usr/lib/x86_64-linux-gnu/libOgrePaging.so;debug;/usr/lib/x86_64-linux-gnu/libOgrePaging.so
[0.659s] -- Looking for OGRE_Terrain...
[0.666s] -- Found OGRE_Terrain: optimized;/usr/lib/x86_64-linux-gnu/libOgreTerrain.so;debug;/usr/lib/x86_64-linux-gnu/libOgreTerrain.so
[0.666s] -- Looking for OGRE_Property...
[0.673s] -- Found OGRE_Property: optimized;/usr/lib/x86_64-linux-gnu/libOgreProperty.so;debug;/usr/lib/x86_64-linux-gnu/libOgreProperty.so
[0.673s] -- Looking for OGRE_RTShaderSystem...
[0.681s] -- Found OGRE_RTShaderSystem: optimized;/usr/lib/x86_64-linux-gnu/libOgreRTShaderSystem.so;debug;/usr/lib/x86_64-linux-gnu/libOgreRTShaderSystem.so
[0.681s] -- Looking for OGRE_Volume...
[0.688s] -- Found OGRE_Volume: optimized;/usr/lib/x86_64-linux-gnu/libOgreVolume.so;debug;/usr/lib/x86_64-linux-gnu/libOgreVolume.so
[0.688s] -- Looking for OGRE_Overlay...
[0.695s] -- Found OGRE_Overlay: optimized;/usr/lib/x86_64-linux-gnu/libOgreOverlay.so;debug;/usr/lib/x86_64-linux-gnu/libOgreOverlay.so
[0.837s] -- Looking for ignition-math6 -- found version 6.15.1
[0.839s] -- Looking for ignition-transport8 -- found version 8.2.1
[0.840s] -- Searching for dependencies of ignition-transport8
[0.854s] -- Found Protobuf: /usr/lib/x86_64-linux-gnu/libprotobuf.so (found suitable version "3.12.4", minimum required is "3")
[0.862s] -- Config-file not installed for ZeroMQ -- checking for pkg-config
[0.865s] -- Checking for module 'libzmq >= 4'
[0.873s] --   Found libzmq, version 4.3.4
[0.893s] -- Found ZeroMQ: TRUE (Required is at least version "4")
[0.897s] -- Checking for module 'uuid'
[0.904s] --   Found uuid, version 2.37.2
[0.923s] -- Found UUID: TRUE
[0.924s] -- Looking for ignition-msgs5 -- found version 5.8.1
[0.925s] -- Searching for dependencies of ignition-msgs5
[0.938s] -- Looking for ignition-math6 -- found version 6.15.1
[0.941s] -- Checking for module 'tinyxml2'
[0.949s] --   Found tinyxml2, version 9.0.0
[0.969s] -- Looking for ignition-msgs5 -- found version 5.8.1
[0.971s] -- Looking for ignition-common3 -- found version 3.14.0
[0.971s] -- Searching for dependencies of ignition-common3
[0.971s] -- Looking for dlfcn.h - found
[0.972s] -- Looking for libdl - found
[0.973s] -- Found DL: TRUE
[0.982s] -- Found tinyobjloader: /usr/lib/x86_64-linux-gnu/cmake/tinyobjloader/tinyobjloader-config.cmake (found version "2.0.0")
[0.982s] -- Searching for <ignition-common3> component [graphics]
[0.984s] -- Looking for ignition-common3-graphics -- found version 3.14.0
[0.984s] -- Searching for dependencies of ignition-common3-graphics
[0.984s] -- Looking for ignition-math6 -- found version 6.15.1
[0.987s] -- Looking for ignition-fuel_tools4 -- found version 4.4.0
[0.987s] -- Searching for dependencies of ignition-fuel_tools4
[1.038s] -- Found CURL: /usr/lib/x86_64-linux-gnu/libcurl.so (found version "7.81.0")
[1.040s] [0mCMake Deprecation Warning at /usr/lib/x86_64-linux-gnu/cmake/jsoncpp/jsoncppConfig.cmake:2 (cmake_policy):
[1.040s]   Compatibility with CMake < 3.5 will be removed from a future version of
[1.040s]   CMake.
[1.040s] 
[1.040s]   Update the VERSION argument <min> value or use a ...<max> suffix to tell
[1.041s]   CMake that the project does not need compatibility with older versions.
[1.041s] Call Stack (most recent call first):
[1.041s]   /usr/share/cmake/ignition-cmake2/cmake2/FindJSONCPP.cmake:34 (find_package)
[1.041s]   /usr/lib/x86_64-linux-gnu/cmake/ignition-fuel_tools4/ignition-fuel_tools4-config.cmake:94 (find_package)
[1.041s]   /usr/lib/x86_64-linux-gnu/cmake/gazebo/gazebo-config.cmake:251 (find_package)
[1.041s]   CMakeLists.txt:23 (find_package)
[1.041s] 
[1.041s] [0m
[1.044s] -- Checking for module 'jsoncpp'
[1.053s] --   Found jsoncpp, version 1.9.5
[1.072s] -- Found JSONCPP: TRUE
[1.077s] -- Checking for module 'libzip'
[1.085s] --   Found libzip, version 1.7.3
[1.105s] -- Found ZIP: TRUE
[1.105s] -- Looking for ignition-common3 -- found version 3.14.0
[1.105s] -- Looking for ignition-math6 -- found version 6.15.1
[1.106s] -- Looking for ignition-msgs5 -- found version 5.8.1
[1.110s] -- Found gazebo_ros_pkgs: 3.7.0 (/opt/ros/humble/share/gazebo_ros_pkgs/cmake)
[1.111s] -- Found geometry_msgs: 4.2.4 (/opt/ros/humble/share/geometry_msgs/cmake)
[1.141s] -- Found rosidl_generator_c: 3.1.5 (/opt/ros/humble/share/rosidl_generator_c/cmake)
[1.146s] -- Found rosidl_adapter: 3.1.5 (/opt/ros/humble/share/rosidl_adapter/cmake)
[1.154s] -- Found rosidl_generator_cpp: 3.1.5 (/opt/ros/humble/share/rosidl_generator_cpp/cmake)
[1.166s] -- Using all available rosidl_typesupport_c: rosidl_typesupport_fastrtps_c;rosidl_typesupport_introspection_c
[1.184s] -- Using all available rosidl_typesupport_cpp: rosidl_typesupport_fastrtps_cpp;rosidl_typesupport_introspection_cpp
[1.278s] -- Found nav_msgs: 4.2.4 (/opt/ros/humble/share/nav_msgs/cmake)
[1.338s] -- Found rclcpp: 16.0.9 (/opt/ros/humble/share/rclcpp/cmake)
[1.386s] -- Found rmw_implementation_cmake: 6.1.2 (/opt/ros/humble/share/rmw_implementation_cmake/cmake)
[1.388s] -- Found rmw_fastrtps_cpp: 6.2.6 (/opt/ros/humble/share/rmw_fastrtps_cpp/cmake)
[1.459s] -- Found OpenSSL: /usr/lib/x86_64-linux-gnu/libcrypto.so (found version "3.0.2")
[1.479s] -- Found FastRTPS: /opt/ros/humble/include
[1.516s] -- Using RMW implementation 'rmw_fastrtps_cpp' as default
[1.524s] -- Found Threads: TRUE
[1.620s] -- Found sensor_msgs: 4.2.4 (/opt/ros/humble/share/sensor_msgs/cmake)
[1.682s] -- Found tf2: 0.25.7 (/opt/ros/humble/share/tf2/cmake)
[1.739s] -- Configuring done (1.7s)
[1.760s] -- Generating done (0.0s)
[1.762s] -- Build files have been written to: /home/tim/Documents/GitHub/WRG2024NextGen/build/turtlebot3_gazebo
[1.782s] Invoked command in '/home/tim/Documents/GitHub/WRG2024NextGen/build/turtlebot3_gazebo' returned '0': CMAKE_PREFIX_PATH=${CMAKE_PREFIX_PATH}:/home/tim/ros2_ws/install/turtlesim_catch_them_all:/home/tim/ros2_ws/install/my_py_pkg:/opt/ros/humble /home/tim/.local/bin/cmake /home/tim/Documents/GitHub/WRG2024NextGen/src/turtlebot3_gazebo -DCMAKE_INSTALL_PREFIX=/home/tim/Documents/GitHub/WRG2024NextGen/install/turtlebot3_gazebo
[1.782s] Invoking command in '/home/tim/Documents/GitHub/WRG2024NextGen/build/turtlebot3_gazebo': CMAKE_PREFIX_PATH=${CMAKE_PREFIX_PATH}:/home/tim/ros2_ws/install/turtlesim_catch_them_all:/home/tim/ros2_ws/install/my_py_pkg:/opt/ros/humble /home/tim/.local/bin/cmake --build /home/tim/Documents/GitHub/WRG2024NextGen/build/turtlebot3_gazebo -- -j16 -l16
[1.846s] [ 12%] [32mBuilding CXX object CMakeFiles/turtlebot3_drive.dir/src/turtlebot3_drive.cpp.o[0m
[1.846s] [ 25%] [32mBuilding CXX object CMakeFiles/obstacle1.dir/models/turtlebot3_dqn_world/obstacle_plugin/obstacle1.cc.o[0m
[1.846s] [ 37%] [32mBuilding CXX object CMakeFiles/obstacles.dir/models/turtlebot3_dqn_world/obstacle_plugin/obstacles.cc.o[0m
[1.847s] [ 50%] [32mBuilding CXX object CMakeFiles/obstacle2.dir/models/turtlebot3_dqn_world/obstacle_plugin/obstacle2.cc.o[0m
[11.153s] [ 62%] [32m[1mLinking CXX executable turtlebot3_drive[0m
[11.221s] [ 75%] [32m[1mLinking CXX shared library libobstacle1.so[0m
[11.252s] [ 87%] [32m[1mLinking CXX shared library libobstacle2.so[0m
[11.392s] [100%] [32m[1mLinking CXX shared library libobstacles.so[0m
[11.403s] [100%] Built target obstacle1
[11.429s] [100%] Built target obstacle2
[11.546s] [100%] Built target obstacles
[11.584s] [100%] Built target turtlebot3_drive
[11.596s] Invoked command in '/home/tim/Documents/GitHub/WRG2024NextGen/build/turtlebot3_gazebo' returned '0': CMAKE_PREFIX_PATH=${CMAKE_PREFIX_PATH}:/home/tim/ros2_ws/install/turtlesim_catch_them_all:/home/tim/ros2_ws/install/my_py_pkg:/opt/ros/humble /home/tim/.local/bin/cmake --build /home/tim/Documents/GitHub/WRG2024NextGen/build/turtlebot3_gazebo -- -j16 -l16
[11.678s] Invoking command in '/home/tim/Documents/GitHub/WRG2024NextGen/build/turtlebot3_gazebo': CMAKE_PREFIX_PATH=${CMAKE_PREFIX_PATH}:/home/tim/ros2_ws/install/turtlesim_catch_them_all:/home/tim/ros2_ws/install/my_py_pkg:/opt/ros/humble /home/tim/.local/bin/cmake --install /home/tim/Documents/GitHub/WRG2024NextGen/build/turtlebot3_gazebo
[11.732s] -- Install configuration: ""
[11.732s] -- Installing: /home/tim/Documents/GitHub/WRG2024NextGen/install/turtlebot3_gazebo/lib/turtlebot3_gazebo/turtlebot3_drive
[11.735s] -- Set non-toolchain portion of runtime path of "/home/tim/Documents/GitHub/WRG2024NextGen/install/turtlebot3_gazebo/lib/turtlebot3_gazebo/turtlebot3_drive" to ""
[11.735s] -- Installing: /home/tim/Documents/GitHub/WRG2024NextGen/install/turtlebot3_gazebo/share/turtlebot3_gazebo//launch
[11.735s] -- Installing: /home/tim/Documents/GitHub/WRG2024NextGen/install/turtlebot3_gazebo/share/turtlebot3_gazebo//launch/turtlebot3_dqn_stage4.launch.py
[11.735s] -- Installing: /home/tim/Documents/GitHub/WRG2024NextGen/install/turtlebot3_gazebo/share/turtlebot3_gazebo//launch/turtlebot3_house.launch.py
[11.735s] -- Installing: /home/tim/Documents/GitHub/WRG2024NextGen/install/turtlebot3_gazebo/share/turtlebot3_gazebo//launch/turtlebot3_dqn_stage1.launch.py
[11.735s] -- Installing: /home/tim/Documents/GitHub/WRG2024NextGen/install/turtlebot3_gazebo/share/turtlebot3_gazebo//launch/spawn_turtlebot3.launch.py
[11.735s] -- Installing: /home/tim/Documents/GitHub/WRG2024NextGen/install/turtlebot3_gazebo/share/turtlebot3_gazebo//launch/empty_world.launch.py
[11.735s] -- Installing: /home/tim/Documents/GitHub/WRG2024NextGen/install/turtlebot3_gazebo/share/turtlebot3_gazebo//launch/turtlebot3_world.launch.py
[11.735s] -- Installing: /home/tim/Documents/GitHub/WRG2024NextGen/install/turtlebot3_gazebo/share/turtlebot3_gazebo//launch/robot_state_publisher.launch.py
[11.735s] -- Installing: /home/tim/Documents/GitHub/WRG2024NextGen/install/turtlebot3_gazebo/share/turtlebot3_gazebo//launch/turtlebot3_dqn_stage2.launch.py
[11.735s] -- Installing: /home/tim/Documents/GitHub/WRG2024NextGen/install/turtlebot3_gazebo/share/turtlebot3_gazebo//launch/turtlebot3_dqn_stage3.launch.py
[11.735s] -- Installing: /home/tim/Documents/GitHub/WRG2024NextGen/install/turtlebot3_gazebo/share/turtlebot3_gazebo//models
[11.736s] -- Installing: /home/tim/Documents/GitHub/WRG2024NextGen/install/turtlebot3_gazebo/share/turtlebot3_gazebo//models/turtlebot3_waffle
[11.736s] -- Installing: /home/tim/Documents/GitHub/WRG2024NextGen/install/turtlebot3_gazebo/share/turtlebot3_gazebo//models/turtlebot3_waffle/model-1_4.sdf
[11.736s] -- Installing: /home/tim/Documents/GitHub/WRG2024NextGen/install/turtlebot3_gazebo/share/turtlebot3_gazebo//models/turtlebot3_waffle/model.sdf
[11.736s] -- Installing: /home/tim/Documents/GitHub/WRG2024NextGen/install/turtlebot3_gazebo/share/turtlebot3_gazebo//models/turtlebot3_waffle/model.config
[11.736s] -- Installing: /home/tim/Documents/GitHub/WRG2024NextGen/install/turtlebot3_gazebo/share/turtlebot3_gazebo//models/turtlebot3_dqn_world
[11.736s] -- Installing: /home/tim/Documents/GitHub/WRG2024NextGen/install/turtlebot3_gazebo/share/turtlebot3_gazebo//models/turtlebot3_dqn_world/model.sdf
[11.736s] -- Installing: /home/tim/Documents/GitHub/WRG2024NextGen/install/turtlebot3_gazebo/share/turtlebot3_gazebo//models/turtlebot3_dqn_world/obstacle1
[11.736s] -- Installing: /home/tim/Documents/GitHub/WRG2024NextGen/install/turtlebot3_gazebo/share/turtlebot3_gazebo//models/turtlebot3_dqn_world/obstacle1/model.sdf
[11.736s] -- Installing: /home/tim/Documents/GitHub/WRG2024NextGen/install/turtlebot3_gazebo/share/turtlebot3_gazebo//models/turtlebot3_dqn_world/obstacle1/model.config
[11.736s] -- Installing: /home/tim/Documents/GitHub/WRG2024NextGen/install/turtlebot3_gazebo/share/turtlebot3_gazebo//models/turtlebot3_dqn_world/goal_box
[11.736s] -- Installing: /home/tim/Documents/GitHub/WRG2024NextGen/install/turtlebot3_gazebo/share/turtlebot3_gazebo//models/turtlebot3_dqn_world/goal_box/model.sdf
[11.736s] -- Installing: /home/tim/Documents/GitHub/WRG2024NextGen/install/turtlebot3_gazebo/share/turtlebot3_gazebo//models/turtlebot3_dqn_world/goal_box/model.config
[11.736s] -- Installing: /home/tim/Documents/GitHub/WRG2024NextGen/install/turtlebot3_gazebo/share/turtlebot3_gazebo//models/turtlebot3_dqn_world/model.config
[11.736s] -- Installing: /home/tim/Documents/GitHub/WRG2024NextGen/install/turtlebot3_gazebo/share/turtlebot3_gazebo//models/turtlebot3_dqn_world/obstacle_plugin
[11.736s] -- Installing: /home/tim/Documents/GitHub/WRG2024NextGen/install/turtlebot3_gazebo/share/turtlebot3_gazebo//models/turtlebot3_dqn_world/obstacle_plugin/obstacle2.cc
[11.736s] -- Installing: /home/tim/Documents/GitHub/WRG2024NextGen/install/turtlebot3_gazebo/share/turtlebot3_gazebo//models/turtlebot3_dqn_world/obstacle_plugin/obstacles.cc
[11.736s] -- Installing: /home/tim/Documents/GitHub/WRG2024NextGen/install/turtlebot3_gazebo/share/turtlebot3_gazebo//models/turtlebot3_dqn_world/obstacle_plugin/CMakeLists.txt
[11.736s] -- Installing: /home/tim/Documents/GitHub/WRG2024NextGen/install/turtlebot3_gazebo/share/turtlebot3_gazebo//models/turtlebot3_dqn_world/obstacle_plugin/obstacle1.cc
[11.736s] -- Installing: /home/tim/Documents/GitHub/WRG2024NextGen/install/turtlebot3_gazebo/share/turtlebot3_gazebo//models/turtlebot3_dqn_world/inner_walls
[11.736s] -- Installing: /home/tim/Documents/GitHub/WRG2024NextGen/install/turtlebot3_gazebo/share/turtlebot3_gazebo//models/turtlebot3_dqn_world/inner_walls/model.sdf
[11.737s] -- Installing: /home/tim/Documents/GitHub/WRG2024NextGen/install/turtlebot3_gazebo/share/turtlebot3_gazebo//models/turtlebot3_dqn_world/inner_walls/model.config
[11.737s] -- Installing: /home/tim/Documents/GitHub/WRG2024NextGen/install/turtlebot3_gazebo/share/turtlebot3_gazebo//models/turtlebot3_dqn_world/obstacles
[11.737s] -- Installing: /home/tim/Documents/GitHub/WRG2024NextGen/install/turtlebot3_gazebo/share/turtlebot3_gazebo//models/turtlebot3_dqn_world/obstacles/model.sdf
[11.737s] -- Installing: /home/tim/Documents/GitHub/WRG2024NextGen/install/turtlebot3_gazebo/share/turtlebot3_gazebo//models/turtlebot3_dqn_world/obstacles/model.config
[11.737s] -- Installing: /home/tim/Documents/GitHub/WRG2024NextGen/install/turtlebot3_gazebo/share/turtlebot3_gazebo//models/turtlebot3_dqn_world/obstacle2
[11.737s] -- Installing: /home/tim/Documents/GitHub/WRG2024NextGen/install/turtlebot3_gazebo/share/turtlebot3_gazebo//models/turtlebot3_dqn_world/obstacle2/model.sdf
[11.737s] -- Installing: /home/tim/Documents/GitHub/WRG2024NextGen/install/turtlebot3_gazebo/share/turtlebot3_gazebo//models/turtlebot3_dqn_world/obstacle2/model.config
[11.737s] -- Installing: /home/tim/Documents/GitHub/WRG2024NextGen/install/turtlebot3_gazebo/share/turtlebot3_gazebo//models/turtlebot3_house
[11.737s] -- Installing: /home/tim/Documents/GitHub/WRG2024NextGen/install/turtlebot3_gazebo/share/turtlebot3_gazebo//models/turtlebot3_house/model.sdf
[11.737s] -- Installing: /home/tim/Documents/GitHub/WRG2024NextGen/install/turtlebot3_gazebo/share/turtlebot3_gazebo//models/turtlebot3_house/model.config
[11.737s] -- Installing: /home/tim/Documents/GitHub/WRG2024NextGen/install/turtlebot3_gazebo/share/turtlebot3_gazebo//models/turtlebot3_common
[11.737s] -- Installing: /home/tim/Documents/GitHub/WRG2024NextGen/install/turtlebot3_gazebo/share/turtlebot3_gazebo//models/turtlebot3_common/model.config
[11.737s] -- Installing: /home/tim/Documents/GitHub/WRG2024NextGen/install/turtlebot3_gazebo/share/turtlebot3_gazebo//models/turtlebot3_common/meshes
[11.737s] -- Installing: /home/tim/Documents/GitHub/WRG2024NextGen/install/turtlebot3_gazebo/share/turtlebot3_gazebo//models/turtlebot3_common/meshes/r200.dae
[11.737s] -- Installing: /home/tim/Documents/GitHub/WRG2024NextGen/install/turtlebot3_gazebo/share/turtlebot3_gazebo//models/turtlebot3_common/meshes/burger_base.dae
[11.737s] -- Installing: /home/tim/Documents/GitHub/WRG2024NextGen/install/turtlebot3_gazebo/share/turtlebot3_gazebo//models/turtlebot3_common/meshes/tire.dae
[11.737s] -- Installing: /home/tim/Documents/GitHub/WRG2024NextGen/install/turtlebot3_gazebo/share/turtlebot3_gazebo//models/turtlebot3_common/meshes/lds.dae
[11.737s] -- Installing: /home/tim/Documents/GitHub/WRG2024NextGen/install/turtlebot3_gazebo/share/turtlebot3_gazebo//models/turtlebot3_common/meshes/waffle_pi_base.dae
[11.737s] -- Installing: /home/tim/Documents/GitHub/WRG2024NextGen/install/turtlebot3_gazebo/share/turtlebot3_gazebo//models/turtlebot3_common/meshes/waffle_base.dae
[11.737s] -- Installing: /home/tim/Documents/GitHub/WRG2024NextGen/install/turtlebot3_gazebo/share/turtlebot3_gazebo//models/turtlebot3_waffle_pi
[11.737s] -- Installing: /home/tim/Documents/GitHub/WRG2024NextGen/install/turtlebot3_gazebo/share/turtlebot3_gazebo//models/turtlebot3_waffle_pi/model.sdf
[11.737s] -- Installing: /home/tim/Documents/GitHub/WRG2024NextGen/install/turtlebot3_gazebo/share/turtlebot3_gazebo//models/turtlebot3_waffle_pi/model-1_4_.sdf
[11.737s] -- Installing: /home/tim/Documents/GitHub/WRG2024NextGen/install/turtlebot3_gazebo/share/turtlebot3_gazebo//models/turtlebot3_waffle_pi/model.config
[11.737s] -- Installing: /home/tim/Documents/GitHub/WRG2024NextGen/install/turtlebot3_gazebo/share/turtlebot3_gazebo//models/turtlebot3_burger
[11.737s] -- Installing: /home/tim/Documents/GitHub/WRG2024NextGen/install/turtlebot3_gazebo/share/turtlebot3_gazebo//models/turtlebot3_burger/model-1_4.sdf
[11.737s] -- Installing: /home/tim/Documents/GitHub/WRG2024NextGen/install/turtlebot3_gazebo/share/turtlebot3_gazebo//models/turtlebot3_burger/model.sdf
[11.738s] -- Installing: /home/tim/Documents/GitHub/WRG2024NextGen/install/turtlebot3_gazebo/share/turtlebot3_gazebo//models/turtlebot3_burger/model.config
[11.738s] -- Installing: /home/tim/Documents/GitHub/WRG2024NextGen/install/turtlebot3_gazebo/share/turtlebot3_gazebo//models/turtlebot3_world
[11.738s] -- Installing: /home/tim/Documents/GitHub/WRG2024NextGen/install/turtlebot3_gazebo/share/turtlebot3_gazebo//models/turtlebot3_world/model-1_4.sdf
[11.738s] -- Installing: /home/tim/Documents/GitHub/WRG2024NextGen/install/turtlebot3_gazebo/share/turtlebot3_gazebo//models/turtlebot3_world/model.sdf
[11.738s] -- Installing: /home/tim/Documents/GitHub/WRG2024NextGen/install/turtlebot3_gazebo/share/turtlebot3_gazebo//models/turtlebot3_world/model.config
[11.738s] -- Installing: /home/tim/Documents/GitHub/WRG2024NextGen/install/turtlebot3_gazebo/share/turtlebot3_gazebo//models/turtlebot3_world/meshes
[11.738s] -- Installing: /home/tim/Documents/GitHub/WRG2024NextGen/install/turtlebot3_gazebo/share/turtlebot3_gazebo//models/turtlebot3_world/meshes/wall.dae
[11.738s] -- Installing: /home/tim/Documents/GitHub/WRG2024NextGen/install/turtlebot3_gazebo/share/turtlebot3_gazebo//models/turtlebot3_world/meshes/hexagon.dae
[11.738s] -- Installing: /home/tim/Documents/GitHub/WRG2024NextGen/install/turtlebot3_gazebo/share/turtlebot3_gazebo//rviz
[11.738s] -- Installing: /home/tim/Documents/GitHub/WRG2024NextGen/install/turtlebot3_gazebo/share/turtlebot3_gazebo//rviz/tb3_gazebo.rviz
[11.738s] -- Installing: /home/tim/Documents/GitHub/WRG2024NextGen/install/turtlebot3_gazebo/share/turtlebot3_gazebo//urdf
[11.738s] -- Installing: /home/tim/Documents/GitHub/WRG2024NextGen/install/turtlebot3_gazebo/share/turtlebot3_gazebo//urdf/turtlebot3_waffle_pi.urdf
[11.738s] -- Installing: /home/tim/Documents/GitHub/WRG2024NextGen/install/turtlebot3_gazebo/share/turtlebot3_gazebo//urdf/turtlebot3_burger.urdf
[11.738s] -- Installing: /home/tim/Documents/GitHub/WRG2024NextGen/install/turtlebot3_gazebo/share/turtlebot3_gazebo//urdf/common_properties.urdf
[11.738s] -- Installing: /home/tim/Documents/GitHub/WRG2024NextGen/install/turtlebot3_gazebo/share/turtlebot3_gazebo//urdf/turtlebot3_waffle.urdf
[11.738s] -- Installing: /home/tim/Documents/GitHub/WRG2024NextGen/install/turtlebot3_gazebo/share/turtlebot3_gazebo//worlds
[11.738s] -- Installing: /home/tim/Documents/GitHub/WRG2024NextGen/install/turtlebot3_gazebo/share/turtlebot3_gazebo//worlds/empty_world.world
[11.738s] -- Installing: /home/tim/Documents/GitHub/WRG2024NextGen/install/turtlebot3_gazebo/share/turtlebot3_gazebo//worlds/turtlebot3_dqn_stage4.world
[11.738s] -- Installing: /home/tim/Documents/GitHub/WRG2024NextGen/install/turtlebot3_gazebo/share/turtlebot3_gazebo//worlds/turtlebot3_dqn_stage1.world
[11.738s] -- Installing: /home/tim/Documents/GitHub/WRG2024NextGen/install/turtlebot3_gazebo/share/turtlebot3_gazebo//worlds/turtlebot3_house.world
[11.738s] -- Installing: /home/tim/Documents/GitHub/WRG2024NextGen/install/turtlebot3_gazebo/share/turtlebot3_gazebo//worlds/turtlebot3_dqn_stage3.world
[11.738s] -- Installing: /home/tim/Documents/GitHub/WRG2024NextGen/install/turtlebot3_gazebo/share/turtlebot3_gazebo//worlds/turtlebot3_world.world
[11.738s] -- Installing: /home/tim/Documents/GitHub/WRG2024NextGen/install/turtlebot3_gazebo/share/turtlebot3_gazebo//worlds/turtlebot3_dqn_stage2.world
[11.739s] -- Installing: /home/tim/Documents/GitHub/WRG2024NextGen/install/turtlebot3_gazebo/include/
[11.739s] -- Installing: /home/tim/Documents/GitHub/WRG2024NextGen/install/turtlebot3_gazebo/include//turtlebot3_gazebo
[11.739s] -- Installing: /home/tim/Documents/GitHub/WRG2024NextGen/install/turtlebot3_gazebo/include//turtlebot3_gazebo/turtlebot3_drive.hpp
[11.739s] -- Installing: /home/tim/Documents/GitHub/WRG2024NextGen/install/turtlebot3_gazebo/share/ament_index/resource_index/package_run_dependencies/turtlebot3_gazebo
[11.739s] -- Installing: /home/tim/Documents/GitHub/WRG2024NextGen/install/turtlebot3_gazebo/share/ament_index/resource_index/parent_prefix_path/turtlebot3_gazebo
[11.739s] -- Installing: /home/tim/Documents/GitHub/WRG2024NextGen/install/turtlebot3_gazebo/share/turtlebot3_gazebo/environment/ament_prefix_path.sh
[11.739s] -- Installing: /home/tim/Documents/GitHub/WRG2024NextGen/install/turtlebot3_gazebo/share/turtlebot3_gazebo/environment/ament_prefix_path.dsv
[11.739s] -- Installing: /home/tim/Documents/GitHub/WRG2024NextGen/install/turtlebot3_gazebo/share/turtlebot3_gazebo/environment/path.sh
[11.739s] -- Installing: /home/tim/Documents/GitHub/WRG2024NextGen/install/turtlebot3_gazebo/share/turtlebot3_gazebo/environment/path.dsv
[11.739s] -- Installing: /home/tim/Documents/GitHub/WRG2024NextGen/install/turtlebot3_gazebo/share/turtlebot3_gazebo/local_setup.bash
[11.739s] -- Installing: /home/tim/Documents/GitHub/WRG2024NextGen/install/turtlebot3_gazebo/share/turtlebot3_gazebo/local_setup.sh
[11.739s] -- Installing: /home/tim/Documents/GitHub/WRG2024NextGen/install/turtlebot3_gazebo/share/turtlebot3_gazebo/local_setup.zsh
[11.739s] -- Installing: /home/tim/Documents/GitHub/WRG2024NextGen/install/turtlebot3_gazebo/share/turtlebot3_gazebo/local_setup.dsv
[11.739s] -- Installing: /home/tim/Documents/GitHub/WRG2024NextGen/install/turtlebot3_gazebo/share/turtlebot3_gazebo/package.dsv
[11.739s] -- Installing: /home/tim/Documents/GitHub/WRG2024NextGen/install/turtlebot3_gazebo/share/ament_index/resource_index/packages/turtlebot3_gazebo
[11.739s] -- Installing: /home/tim/Documents/GitHub/WRG2024NextGen/install/turtlebot3_gazebo/share/turtlebot3_gazebo/cmake/ament_cmake_export_include_directories-extras.cmake
[11.739s] -- Installing: /home/tim/Documents/GitHub/WRG2024NextGen/install/turtlebot3_gazebo/share/turtlebot3_gazebo/cmake/ament_cmake_export_dependencies-extras.cmake
[11.740s] -- Installing: /home/tim/Documents/GitHub/WRG2024NextGen/install/turtlebot3_gazebo/share/turtlebot3_gazebo/cmake/turtlebot3_gazeboConfig.cmake
[11.740s] -- Installing: /home/tim/Documents/GitHub/WRG2024NextGen/install/turtlebot3_gazebo/share/turtlebot3_gazebo/cmake/turtlebot3_gazeboConfig-version.cmake
[11.740s] -- Installing: /home/tim/Documents/GitHub/WRG2024NextGen/install/turtlebot3_gazebo/share/turtlebot3_gazebo/package.xml
[11.748s] Invoked command in '/home/tim/Documents/GitHub/WRG2024NextGen/build/turtlebot3_gazebo' returned '0': CMAKE_PREFIX_PATH=${CMAKE_PREFIX_PATH}:/home/tim/ros2_ws/install/turtlesim_catch_them_all:/home/tim/ros2_ws/install/my_py_pkg:/opt/ros/humble /home/tim/.local/bin/cmake --install /home/tim/Documents/GitHub/WRG2024NextGen/build/turtlebot3_gazebo
