[0.007s] Invoking command in '/home/tim/turtlebot3_ws/build/turtlebot3_gazebo': CMAKE_PREFIX_PATH=${CMAKE_PREFIX_PATH}:/home/tim/ros2_ws/install/turtlesim_catch_them_all:/home/tim/ros2_ws/install/my_py_pkg:/opt/ros/humble /home/tim/.local/bin/cmake /home/tim/turtlebot3_ws/src/turtlebot3_gazebo -DCMAKE_INSTALL_PREFIX=/home/tim/turtlebot3_ws/install/turtlebot3_gazebo
[0.108s] -- The C compiler identification is GNU 11.4.0
[0.157s] -- The CXX compiler identification is GNU 11.4.0
[0.166s] -- Detecting C compiler ABI info
[0.208s] -- Detecting C compiler ABI info - done
[0.219s] -- Check for working C compiler: /usr/bin/cc - skipped
[0.219s] -- Detecting C compile features
[0.220s] -- Detecting C compile features - done
[0.223s] -- Detecting CXX compiler ABI info
[0.270s] -- Detecting CXX compiler ABI info - done
[0.281s] -- Check for working CXX compiler: /usr/bin/c++ - skipped
[0.281s] -- Detecting CXX compile features
[0.281s] -- Detecting CXX compile features - done
[0.285s] -- Found ament_cmake: 1.3.9 (/opt/ros/humble/share/ament_cmake/cmake)
[0.375s] -- Found Python3: /usr/bin/python3 (found version "3.10.12") found components: Interpreter
[0.452s] [33mCMake Warning (dev) at /home/tim/.local/lib/python3.10/site-packages/cmake/data/share/cmake-3.29/Modules/FindPackageHandleStandardArgs.cmake:438 (message):
[0.452s]   The package name passed to `find_package_handle_standard_args` (PkgConfig)
[0.452s]   does not match the name of the calling package (gazebo).  This can lead to
[0.452s]   problems in calling code that expects `find_package` result variables
[0.452s]   (e.g., `_FOUND`) to follow a certain pattern.
[0.452s] Call Stack (most recent call first):
[0.452s]   /home/tim/.local/lib/python3.10/site-packages/cmake/data/share/cmake-3.29/Modules/FindPkgConfig.cmake:114 (find_package_handle_standard_args)
[0.452s]   /usr/lib/x86_64-linux-gnu/cmake/gazebo/gazebo-config.cmake:72 (include)
[0.452s]   CMakeLists.txt:23 (find_package)
[0.452s] This warning is for project developers.  Use -Wno-dev to suppress it.
[0.452s] [0m
[0.452s] -- Found PkgConfig: /usr/bin/pkg-config (found version "0.29.2")
[0.455s] -- Checking for module 'bullet>=2.82'
[0.463s] --   Found bullet, version 3.05
[0.528s] -- Found fcl: /usr/include (found suitable version "0.7.0", minimum required is "0.5.0")
[0.557s] -- Found assimp: /usr/include (found version "5.2.0")
[0.575s] -- Found DART: /usr/include (Required is at least version "6.6") found components: dart
[0.645s] -- Found Boost: /usr/lib/x86_64-linux-gnu/cmake/Boost-1.74.0/BoostConfig.cmake (found suitable version "1.74.0", minimum required is "1.40.0") found components: thread system filesystem program_options regex iostreams date_time
[0.661s] -- Found Protobuf: /usr/lib/x86_64-linux-gnu/libprotobuf.so (found version "3.12.4")
[0.666s] -- Looking for ignition-math6 -- found version 6.15.1
[0.672s] -- Searching for dependencies of ignition-math6
[0.674s] -- Looking for OGRE...
[0.674s] -- OGRE_PREFIX_WATCH changed.
[0.677s] -- Checking for module 'OGRE'
[0.685s] --   Found OGRE, version 1.9.0
[0.704s] -- Found Ogre Ghadamon (1.9.0)
[0.713s] -- Found OGRE: optimized;/usr/lib/x86_64-linux-gnu/libOgreMain.so;debug;/usr/lib/x86_64-linux-gnu/libOgreMain.so
[0.721s] -- Looking for OGRE_Paging...
[0.727s] -- Found OGRE_Paging: optimized;/usr/lib/x86_64-linux-gnu/libOgrePaging.so;debug;/usr/lib/x86_64-linux-gnu/libOgrePaging.so
[0.727s] -- Looking for OGRE_Terrain...
[0.733s] -- Found OGRE_Terrain: optimized;/usr/lib/x86_64-linux-gnu/libOgreTerrain.so;debug;/usr/lib/x86_64-linux-gnu/libOgreTerrain.so
[0.733s] -- Looking for OGRE_Property...
[0.739s] -- Found OGRE_Property: optimized;/usr/lib/x86_64-linux-gnu/libOgreProperty.so;debug;/usr/lib/x86_64-linux-gnu/libOgreProperty.so
[0.739s] -- Looking for OGRE_RTShaderSystem...
[0.744s] -- Found OGRE_RTShaderSystem: optimized;/usr/lib/x86_64-linux-gnu/libOgreRTShaderSystem.so;debug;/usr/lib/x86_64-linux-gnu/libOgreRTShaderSystem.so
[0.744s] -- Looking for OGRE_Volume...
[0.750s] -- Found OGRE_Volume: optimized;/usr/lib/x86_64-linux-gnu/libOgreVolume.so;debug;/usr/lib/x86_64-linux-gnu/libOgreVolume.so
[0.750s] -- Looking for OGRE_Overlay...
[0.756s] -- Found OGRE_Overlay: optimized;/usr/lib/x86_64-linux-gnu/libOgreOverlay.so;debug;/usr/lib/x86_64-linux-gnu/libOgreOverlay.so
[0.872s] -- Looking for ignition-math6 -- found version 6.15.1
[0.874s] -- Looking for ignition-transport8 -- found version 8.2.1
[0.874s] -- Searching for dependencies of ignition-transport8
[0.886s] -- Found Protobuf: /usr/lib/x86_64-linux-gnu/libprotobuf.so (found suitable version "3.12.4", minimum required is "3")
[0.894s] -- Config-file not installed for ZeroMQ -- checking for pkg-config
[0.897s] -- Checking for module 'libzmq >= 4'
[0.906s] --   Found libzmq, version 4.3.4
[0.927s] -- Found ZeroMQ: TRUE (Required is at least version "4")
[0.931s] -- Checking for module 'uuid'
[0.939s] --   Found uuid, version 2.37.2
[0.959s] -- Found UUID: TRUE
[0.961s] -- Looking for ignition-msgs5 -- found version 5.8.1
[0.961s] -- Searching for dependencies of ignition-msgs5
[0.975s] -- Looking for ignition-math6 -- found version 6.15.1
[0.978s] -- Checking for module 'tinyxml2'
[0.986s] --   Found tinyxml2, version 9.0.0
[1.007s] -- Looking for ignition-msgs5 -- found version 5.8.1
[1.009s] -- Looking for ignition-common3 -- found version 3.14.0
[1.009s] -- Searching for dependencies of ignition-common3
[1.010s] -- Looking for dlfcn.h - found
[1.011s] -- Looking for libdl - found
[1.012s] -- Found DL: TRUE
[1.023s] -- Found tinyobjloader: /usr/lib/x86_64-linux-gnu/cmake/tinyobjloader/tinyobjloader-config.cmake (found version "2.0.0")
[1.024s] -- Searching for <ignition-common3> component [graphics]
[1.026s] -- Looking for ignition-common3-graphics -- found version 3.14.0
[1.026s] -- Searching for dependencies of ignition-common3-graphics
[1.026s] -- Looking for ignition-math6 -- found version 6.15.1
[1.029s] -- Looking for ignition-fuel_tools4 -- found version 4.4.0
[1.029s] -- Searching for dependencies of ignition-fuel_tools4
[1.084s] -- Found CURL: /usr/lib/x86_64-linux-gnu/libcurl.so (found version "7.81.0")
[1.087s] [0mCMake Deprecation Warning at /usr/lib/x86_64-linux-gnu/cmake/jsoncpp/jsoncppConfig.cmake:2 (cmake_policy):
[1.087s]   Compatibility with CMake < 3.5 will be removed from a future version of
[1.087s]   CMake.
[1.087s] 
[1.087s]   Update the VERSION argument <min> value or use a ...<max> suffix to tell
[1.087s]   CMake that the project does not need compatibility with older versions.
[1.087s] Call Stack (most recent call first):
[1.087s]   /usr/share/cmake/ignition-cmake2/cmake2/FindJSONCPP.cmake:34 (find_package)
[1.087s]   /usr/lib/x86_64-linux-gnu/cmake/ignition-fuel_tools4/ignition-fuel_tools4-config.cmake:94 (find_package)
[1.087s]   /usr/lib/x86_64-linux-gnu/cmake/gazebo/gazebo-config.cmake:251 (find_package)
[1.087s]   CMakeLists.txt:23 (find_package)
[1.087s] 
[1.087s] [0m
[1.092s] -- Checking for module 'jsoncpp'
[1.100s] --   Found jsoncpp, version 1.9.5
[1.121s] -- Found JSONCPP: TRUE
[1.127s] -- Checking for module 'libzip'
[1.135s] --   Found libzip, version 1.7.3
[1.156s] -- Found ZIP: TRUE
[1.156s] -- Looking for ignition-common3 -- found version 3.14.0
[1.156s] -- Looking for ignition-math6 -- found version 6.15.1
[1.156s] -- Looking for ignition-msgs5 -- found version 5.8.1
[1.162s] -- Found gazebo_ros_pkgs: 3.7.0 (/opt/ros/humble/share/gazebo_ros_pkgs/cmake)
[1.163s] -- Found geometry_msgs: 4.2.4 (/opt/ros/humble/share/geometry_msgs/cmake)
[1.194s] -- Found rosidl_generator_c: 3.1.5 (/opt/ros/humble/share/rosidl_generator_c/cmake)
[1.200s] -- Found rosidl_adapter: 3.1.5 (/opt/ros/humble/share/rosidl_adapter/cmake)
[1.208s] -- Found rosidl_generator_cpp: 3.1.5 (/opt/ros/humble/share/rosidl_generator_cpp/cmake)
[1.221s] -- Using all available rosidl_typesupport_c: rosidl_typesupport_fastrtps_c;rosidl_typesupport_introspection_c
[1.239s] -- Using all available rosidl_typesupport_cpp: rosidl_typesupport_fastrtps_cpp;rosidl_typesupport_introspection_cpp
[1.337s] -- Found nav_msgs: 4.2.4 (/opt/ros/humble/share/nav_msgs/cmake)
[1.396s] -- Found rclcpp: 16.0.9 (/opt/ros/humble/share/rclcpp/cmake)
[1.444s] -- Found rmw_implementation_cmake: 6.1.2 (/opt/ros/humble/share/rmw_implementation_cmake/cmake)
[1.446s] -- Found rmw_fastrtps_cpp: 6.2.6 (/opt/ros/humble/share/rmw_fastrtps_cpp/cmake)
[1.516s] -- Found OpenSSL: /usr/lib/x86_64-linux-gnu/libcrypto.so (found version "3.0.2")
[1.538s] -- Found FastRTPS: /opt/ros/humble/include
[1.576s] -- Using RMW implementation 'rmw_fastrtps_cpp' as default
[1.584s] -- Found Threads: TRUE
[1.681s] -- Found sensor_msgs: 4.2.4 (/opt/ros/humble/share/sensor_msgs/cmake)
[1.743s] -- Found tf2: 0.25.7 (/opt/ros/humble/share/tf2/cmake)
[1.800s] -- Configuring done (1.7s)
[1.823s] -- Generating done (0.0s)
[1.825s] -- Build files have been written to: /home/tim/turtlebot3_ws/build/turtlebot3_gazebo
[1.846s] Invoked command in '/home/tim/turtlebot3_ws/build/turtlebot3_gazebo' returned '0': CMAKE_PREFIX_PATH=${CMAKE_PREFIX_PATH}:/home/tim/ros2_ws/install/turtlesim_catch_them_all:/home/tim/ros2_ws/install/my_py_pkg:/opt/ros/humble /home/tim/.local/bin/cmake /home/tim/turtlebot3_ws/src/turtlebot3_gazebo -DCMAKE_INSTALL_PREFIX=/home/tim/turtlebot3_ws/install/turtlebot3_gazebo
[1.848s] Invoking command in '/home/tim/turtlebot3_ws/build/turtlebot3_gazebo': CMAKE_PREFIX_PATH=${CMAKE_PREFIX_PATH}:/home/tim/ros2_ws/install/turtlesim_catch_them_all:/home/tim/ros2_ws/install/my_py_pkg:/opt/ros/humble /home/tim/.local/bin/cmake --build /home/tim/turtlebot3_ws/build/turtlebot3_gazebo -- -j16 -l16
[1.913s] [ 12%] [32mBuilding CXX object CMakeFiles/turtlebot3_drive.dir/src/turtlebot3_drive.cpp.o[0m
[1.913s] [ 25%] [32mBuilding CXX object CMakeFiles/obstacle1.dir/models/turtlebot3_dqn_world/obstacle_plugin/obstacle1.cc.o[0m
[1.913s] [ 37%] [32mBuilding CXX object CMakeFiles/obstacle2.dir/models/turtlebot3_dqn_world/obstacle_plugin/obstacle2.cc.o[0m
[1.913s] [ 50%] [32mBuilding CXX object CMakeFiles/obstacles.dir/models/turtlebot3_dqn_world/obstacle_plugin/obstacles.cc.o[0m
[12.046s] [ 62%] [32m[1mLinking CXX shared library libobstacles.so[0m
[12.098s] [ 75%] [32m[1mLinking CXX shared library libobstacle2.so[0m
[12.099s] [ 87%] [32m[1mLinking CXX executable turtlebot3_drive[0m
[12.140s] [100%] [32m[1mLinking CXX shared library libobstacle1.so[0m
[12.277s] [100%] Built target obstacles
[12.329s] [100%] Built target obstacle2
[12.349s] [100%] Built target obstacle1
[12.524s] [100%] Built target turtlebot3_drive
[12.546s] Invoked command in '/home/tim/turtlebot3_ws/build/turtlebot3_gazebo' returned '0': CMAKE_PREFIX_PATH=${CMAKE_PREFIX_PATH}:/home/tim/ros2_ws/install/turtlesim_catch_them_all:/home/tim/ros2_ws/install/my_py_pkg:/opt/ros/humble /home/tim/.local/bin/cmake --build /home/tim/turtlebot3_ws/build/turtlebot3_gazebo -- -j16 -l16
[12.624s] Invoking command in '/home/tim/turtlebot3_ws/build/turtlebot3_gazebo': CMAKE_PREFIX_PATH=${CMAKE_PREFIX_PATH}:/home/tim/ros2_ws/install/turtlesim_catch_them_all:/home/tim/ros2_ws/install/my_py_pkg:/opt/ros/humble /home/tim/.local/bin/cmake --install /home/tim/turtlebot3_ws/build/turtlebot3_gazebo
[12.671s] -- Install configuration: ""
[12.671s] -- Installing: /home/tim/turtlebot3_ws/install/turtlebot3_gazebo/lib/turtlebot3_gazebo/turtlebot3_drive
[12.675s] -- Set non-toolchain portion of runtime path of "/home/tim/turtlebot3_ws/install/turtlebot3_gazebo/lib/turtlebot3_gazebo/turtlebot3_drive" to ""
[12.675s] -- Installing: /home/tim/turtlebot3_ws/install/turtlebot3_gazebo/share/turtlebot3_gazebo//launch
[12.675s] -- Installing: /home/tim/turtlebot3_ws/install/turtlebot3_gazebo/share/turtlebot3_gazebo//launch/turtlebot3_dqn_stage4.launch.py
[12.675s] -- Installing: /home/tim/turtlebot3_ws/install/turtlebot3_gazebo/share/turtlebot3_gazebo//launch/turtlebot3_house.launch.py
[12.675s] -- Installing: /home/tim/turtlebot3_ws/install/turtlebot3_gazebo/share/turtlebot3_gazebo//launch/turtlebot3_dqn_stage1.launch.py
[12.675s] -- Installing: /home/tim/turtlebot3_ws/install/turtlebot3_gazebo/share/turtlebot3_gazebo//launch/spawn_turtlebot3.launch.py
[12.675s] -- Installing: /home/tim/turtlebot3_ws/install/turtlebot3_gazebo/share/turtlebot3_gazebo//launch/empty_world.launch.py
[12.675s] -- Installing: /home/tim/turtlebot3_ws/install/turtlebot3_gazebo/share/turtlebot3_gazebo//launch/turtlebot3_world.launch.py
[12.675s] -- Installing: /home/tim/turtlebot3_ws/install/turtlebot3_gazebo/share/turtlebot3_gazebo//launch/robot_state_publisher.launch.py
[12.675s] -- Installing: /home/tim/turtlebot3_ws/install/turtlebot3_gazebo/share/turtlebot3_gazebo//launch/turtlebot3_dqn_stage2.launch.py
[12.675s] -- Installing: /home/tim/turtlebot3_ws/install/turtlebot3_gazebo/share/turtlebot3_gazebo//launch/turtlebot3_dqn_stage3.launch.py
[12.675s] -- Installing: /home/tim/turtlebot3_ws/install/turtlebot3_gazebo/share/turtlebot3_gazebo//models
[12.675s] -- Installing: /home/tim/turtlebot3_ws/install/turtlebot3_gazebo/share/turtlebot3_gazebo//models/turtlebot3_waffle
[12.675s] -- Installing: /home/tim/turtlebot3_ws/install/turtlebot3_gazebo/share/turtlebot3_gazebo//models/turtlebot3_waffle/model-1_4.sdf
[12.676s] -- Installing: /home/tim/turtlebot3_ws/install/turtlebot3_gazebo/share/turtlebot3_gazebo//models/turtlebot3_waffle/model.sdf
[12.676s] -- Installing: /home/tim/turtlebot3_ws/install/turtlebot3_gazebo/share/turtlebot3_gazebo//models/turtlebot3_waffle/model.config
[12.676s] -- Installing: /home/tim/turtlebot3_ws/install/turtlebot3_gazebo/share/turtlebot3_gazebo//models/turtlebot3_dqn_world
[12.676s] -- Installing: /home/tim/turtlebot3_ws/install/turtlebot3_gazebo/share/turtlebot3_gazebo//models/turtlebot3_dqn_world/model.sdf
[12.676s] -- Installing: /home/tim/turtlebot3_ws/install/turtlebot3_gazebo/share/turtlebot3_gazebo//models/turtlebot3_dqn_world/obstacle1
[12.676s] -- Installing: /home/tim/turtlebot3_ws/install/turtlebot3_gazebo/share/turtlebot3_gazebo//models/turtlebot3_dqn_world/obstacle1/model.sdf
[12.676s] -- Installing: /home/tim/turtlebot3_ws/install/turtlebot3_gazebo/share/turtlebot3_gazebo//models/turtlebot3_dqn_world/obstacle1/model.config
[12.676s] -- Installing: /home/tim/turtlebot3_ws/install/turtlebot3_gazebo/share/turtlebot3_gazebo//models/turtlebot3_dqn_world/goal_box
[12.676s] -- Installing: /home/tim/turtlebot3_ws/install/turtlebot3_gazebo/share/turtlebot3_gazebo//models/turtlebot3_dqn_world/goal_box/model.sdf
[12.676s] -- Installing: /home/tim/turtlebot3_ws/install/turtlebot3_gazebo/share/turtlebot3_gazebo//models/turtlebot3_dqn_world/goal_box/model.config
[12.676s] -- Installing: /home/tim/turtlebot3_ws/install/turtlebot3_gazebo/share/turtlebot3_gazebo//models/turtlebot3_dqn_world/model.config
[12.676s] -- Installing: /home/tim/turtlebot3_ws/install/turtlebot3_gazebo/share/turtlebot3_gazebo//models/turtlebot3_dqn_world/obstacle_plugin
[12.676s] -- Installing: /home/tim/turtlebot3_ws/install/turtlebot3_gazebo/share/turtlebot3_gazebo//models/turtlebot3_dqn_world/obstacle_plugin/obstacle2.cc
[12.676s] -- Installing: /home/tim/turtlebot3_ws/install/turtlebot3_gazebo/share/turtlebot3_gazebo//models/turtlebot3_dqn_world/obstacle_plugin/obstacles.cc
[12.676s] -- Installing: /home/tim/turtlebot3_ws/install/turtlebot3_gazebo/share/turtlebot3_gazebo//models/turtlebot3_dqn_world/obstacle_plugin/CMakeLists.txt
[12.676s] -- Installing: /home/tim/turtlebot3_ws/install/turtlebot3_gazebo/share/turtlebot3_gazebo//models/turtlebot3_dqn_world/obstacle_plugin/obstacle1.cc
[12.676s] -- Installing: /home/tim/turtlebot3_ws/install/turtlebot3_gazebo/share/turtlebot3_gazebo//models/turtlebot3_dqn_world/inner_walls
[12.676s] -- Installing: /home/tim/turtlebot3_ws/install/turtlebot3_gazebo/share/turtlebot3_gazebo//models/turtlebot3_dqn_world/inner_walls/model.sdf
[12.676s] -- Installing: /home/tim/turtlebot3_ws/install/turtlebot3_gazebo/share/turtlebot3_gazebo//models/turtlebot3_dqn_world/inner_walls/model.config
[12.676s] -- Installing: /home/tim/turtlebot3_ws/install/turtlebot3_gazebo/share/turtlebot3_gazebo//models/turtlebot3_dqn_world/obstacles
[12.676s] -- Installing: /home/tim/turtlebot3_ws/install/turtlebot3_gazebo/share/turtlebot3_gazebo//models/turtlebot3_dqn_world/obstacles/model.sdf
[12.676s] -- Installing: /home/tim/turtlebot3_ws/install/turtlebot3_gazebo/share/turtlebot3_gazebo//models/turtlebot3_dqn_world/obstacles/model.config
[12.676s] -- Installing: /home/tim/turtlebot3_ws/install/turtlebot3_gazebo/share/turtlebot3_gazebo//models/turtlebot3_dqn_world/obstacle2
[12.676s] -- Installing: /home/tim/turtlebot3_ws/install/turtlebot3_gazebo/share/turtlebot3_gazebo//models/turtlebot3_dqn_world/obstacle2/model.sdf
[12.676s] -- Installing: /home/tim/turtlebot3_ws/install/turtlebot3_gazebo/share/turtlebot3_gazebo//models/turtlebot3_dqn_world/obstacle2/model.config
[12.676s] -- Installing: /home/tim/turtlebot3_ws/install/turtlebot3_gazebo/share/turtlebot3_gazebo//models/turtlebot3_house
[12.677s] -- Installing: /home/tim/turtlebot3_ws/install/turtlebot3_gazebo/share/turtlebot3_gazebo//models/turtlebot3_house/model.sdf
[12.677s] -- Installing: /home/tim/turtlebot3_ws/install/turtlebot3_gazebo/share/turtlebot3_gazebo//models/turtlebot3_house/model.config
[12.677s] -- Installing: /home/tim/turtlebot3_ws/install/turtlebot3_gazebo/share/turtlebot3_gazebo//models/turtlebot3_common
[12.677s] -- Installing: /home/tim/turtlebot3_ws/install/turtlebot3_gazebo/share/turtlebot3_gazebo//models/turtlebot3_common/model.config
[12.677s] -- Installing: /home/tim/turtlebot3_ws/install/turtlebot3_gazebo/share/turtlebot3_gazebo//models/turtlebot3_common/meshes
[12.677s] -- Installing: /home/tim/turtlebot3_ws/install/turtlebot3_gazebo/share/turtlebot3_gazebo//models/turtlebot3_common/meshes/r200.dae
[12.677s] -- Installing: /home/tim/turtlebot3_ws/install/turtlebot3_gazebo/share/turtlebot3_gazebo//models/turtlebot3_common/meshes/burger_base.dae
[12.677s] -- Installing: /home/tim/turtlebot3_ws/install/turtlebot3_gazebo/share/turtlebot3_gazebo//models/turtlebot3_common/meshes/tire.dae
[12.677s] -- Installing: /home/tim/turtlebot3_ws/install/turtlebot3_gazebo/share/turtlebot3_gazebo//models/turtlebot3_common/meshes/lds.dae
[12.677s] -- Installing: /home/tim/turtlebot3_ws/install/turtlebot3_gazebo/share/turtlebot3_gazebo//models/turtlebot3_common/meshes/waffle_pi_base.dae
[12.677s] -- Installing: /home/tim/turtlebot3_ws/install/turtlebot3_gazebo/share/turtlebot3_gazebo//models/turtlebot3_common/meshes/waffle_base.dae
[12.677s] -- Installing: /home/tim/turtlebot3_ws/install/turtlebot3_gazebo/share/turtlebot3_gazebo//models/turtlebot3_waffle_pi
[12.677s] -- Installing: /home/tim/turtlebot3_ws/install/turtlebot3_gazebo/share/turtlebot3_gazebo//models/turtlebot3_waffle_pi/model.sdf
[12.677s] -- Installing: /home/tim/turtlebot3_ws/install/turtlebot3_gazebo/share/turtlebot3_gazebo//models/turtlebot3_waffle_pi/model-1_4_.sdf
[12.677s] -- Installing: /home/tim/turtlebot3_ws/install/turtlebot3_gazebo/share/turtlebot3_gazebo//models/turtlebot3_waffle_pi/model.config
[12.677s] -- Installing: /home/tim/turtlebot3_ws/install/turtlebot3_gazebo/share/turtlebot3_gazebo//models/turtlebot3_burger
[12.677s] -- Installing: /home/tim/turtlebot3_ws/install/turtlebot3_gazebo/share/turtlebot3_gazebo//models/turtlebot3_burger/model-1_4.sdf
[12.677s] -- Installing: /home/tim/turtlebot3_ws/install/turtlebot3_gazebo/share/turtlebot3_gazebo//models/turtlebot3_burger/model.sdf
[12.677s] -- Installing: /home/tim/turtlebot3_ws/install/turtlebot3_gazebo/share/turtlebot3_gazebo//models/turtlebot3_burger/model.config
[12.677s] -- Installing: /home/tim/turtlebot3_ws/install/turtlebot3_gazebo/share/turtlebot3_gazebo//models/turtlebot3_world
[12.677s] -- Installing: /home/tim/turtlebot3_ws/install/turtlebot3_gazebo/share/turtlebot3_gazebo//models/turtlebot3_world/model-1_4.sdf
[12.677s] -- Installing: /home/tim/turtlebot3_ws/install/turtlebot3_gazebo/share/turtlebot3_gazebo//models/turtlebot3_world/model.sdf
[12.677s] -- Installing: /home/tim/turtlebot3_ws/install/turtlebot3_gazebo/share/turtlebot3_gazebo//models/turtlebot3_world/model.config
[12.678s] -- Installing: /home/tim/turtlebot3_ws/install/turtlebot3_gazebo/share/turtlebot3_gazebo//models/turtlebot3_world/meshes
[12.678s] -- Installing: /home/tim/turtlebot3_ws/install/turtlebot3_gazebo/share/turtlebot3_gazebo//models/turtlebot3_world/meshes/wall.dae
[12.678s] -- Installing: /home/tim/turtlebot3_ws/install/turtlebot3_gazebo/share/turtlebot3_gazebo//models/turtlebot3_world/meshes/hexagon.dae
[12.678s] -- Installing: /home/tim/turtlebot3_ws/install/turtlebot3_gazebo/share/turtlebot3_gazebo//rviz
[12.678s] -- Installing: /home/tim/turtlebot3_ws/install/turtlebot3_gazebo/share/turtlebot3_gazebo//rviz/tb3_gazebo.rviz
[12.678s] -- Installing: /home/tim/turtlebot3_ws/install/turtlebot3_gazebo/share/turtlebot3_gazebo//urdf
[12.678s] -- Installing: /home/tim/turtlebot3_ws/install/turtlebot3_gazebo/share/turtlebot3_gazebo//urdf/turtlebot3_waffle_pi.urdf
[12.678s] -- Installing: /home/tim/turtlebot3_ws/install/turtlebot3_gazebo/share/turtlebot3_gazebo//urdf/turtlebot3_burger.urdf
[12.678s] -- Installing: /home/tim/turtlebot3_ws/install/turtlebot3_gazebo/share/turtlebot3_gazebo//urdf/common_properties.urdf
[12.678s] -- Installing: /home/tim/turtlebot3_ws/install/turtlebot3_gazebo/share/turtlebot3_gazebo//urdf/turtlebot3_waffle.urdf
[12.678s] -- Installing: /home/tim/turtlebot3_ws/install/turtlebot3_gazebo/share/turtlebot3_gazebo//worlds
[12.678s] -- Installing: /home/tim/turtlebot3_ws/install/turtlebot3_gazebo/share/turtlebot3_gazebo//worlds/empty_world.world
[12.678s] -- Installing: /home/tim/turtlebot3_ws/install/turtlebot3_gazebo/share/turtlebot3_gazebo//worlds/turtlebot3_dqn_stage4.world
[12.678s] -- Installing: /home/tim/turtlebot3_ws/install/turtlebot3_gazebo/share/turtlebot3_gazebo//worlds/turtlebot3_dqn_stage1.world
[12.678s] -- Installing: /home/tim/turtlebot3_ws/install/turtlebot3_gazebo/share/turtlebot3_gazebo//worlds/turtlebot3_house.world
[12.678s] -- Installing: /home/tim/turtlebot3_ws/install/turtlebot3_gazebo/share/turtlebot3_gazebo//worlds/turtlebot3_dqn_stage3.world
[12.678s] -- Installing: /home/tim/turtlebot3_ws/install/turtlebot3_gazebo/share/turtlebot3_gazebo//worlds/turtlebot3_world.world
[12.678s] -- Installing: /home/tim/turtlebot3_ws/install/turtlebot3_gazebo/share/turtlebot3_gazebo//worlds/turtlebot3_dqn_stage2.world
[12.678s] -- Installing: /home/tim/turtlebot3_ws/install/turtlebot3_gazebo/include/
[12.678s] -- Installing: /home/tim/turtlebot3_ws/install/turtlebot3_gazebo/include//turtlebot3_gazebo
[12.678s] -- Installing: /home/tim/turtlebot3_ws/install/turtlebot3_gazebo/include//turtlebot3_gazebo/turtlebot3_drive.hpp
[12.678s] -- Installing: /home/tim/turtlebot3_ws/install/turtlebot3_gazebo/share/ament_index/resource_index/package_run_dependencies/turtlebot3_gazebo
[12.679s] -- Installing: /home/tim/turtlebot3_ws/install/turtlebot3_gazebo/share/ament_index/resource_index/parent_prefix_path/turtlebot3_gazebo
[12.679s] -- Installing: /home/tim/turtlebot3_ws/install/turtlebot3_gazebo/share/turtlebot3_gazebo/environment/ament_prefix_path.sh
[12.679s] -- Installing: /home/tim/turtlebot3_ws/install/turtlebot3_gazebo/share/turtlebot3_gazebo/environment/ament_prefix_path.dsv
[12.679s] -- Installing: /home/tim/turtlebot3_ws/install/turtlebot3_gazebo/share/turtlebot3_gazebo/environment/path.sh
[12.679s] -- Installing: /home/tim/turtlebot3_ws/install/turtlebot3_gazebo/share/turtlebot3_gazebo/environment/path.dsv
[12.679s] -- Installing: /home/tim/turtlebot3_ws/install/turtlebot3_gazebo/share/turtlebot3_gazebo/local_setup.bash
[12.679s] -- Installing: /home/tim/turtlebot3_ws/install/turtlebot3_gazebo/share/turtlebot3_gazebo/local_setup.sh
[12.679s] -- Installing: /home/tim/turtlebot3_ws/install/turtlebot3_gazebo/share/turtlebot3_gazebo/local_setup.zsh
[12.679s] -- Installing: /home/tim/turtlebot3_ws/install/turtlebot3_gazebo/share/turtlebot3_gazebo/local_setup.dsv
[12.679s] -- Installing: /home/tim/turtlebot3_ws/install/turtlebot3_gazebo/share/turtlebot3_gazebo/package.dsv
[12.679s] -- Installing: /home/tim/turtlebot3_ws/install/turtlebot3_gazebo/share/ament_index/resource_index/packages/turtlebot3_gazebo
[12.679s] -- Installing: /home/tim/turtlebot3_ws/install/turtlebot3_gazebo/share/turtlebot3_gazebo/cmake/ament_cmake_export_include_directories-extras.cmake
[12.679s] -- Installing: /home/tim/turtlebot3_ws/install/turtlebot3_gazebo/share/turtlebot3_gazebo/cmake/ament_cmake_export_dependencies-extras.cmake
[12.679s] -- Installing: /home/tim/turtlebot3_ws/install/turtlebot3_gazebo/share/turtlebot3_gazebo/cmake/turtlebot3_gazeboConfig.cmake
[12.679s] -- Installing: /home/tim/turtlebot3_ws/install/turtlebot3_gazebo/share/turtlebot3_gazebo/cmake/turtlebot3_gazeboConfig-version.cmake
[12.679s] -- Installing: /home/tim/turtlebot3_ws/install/turtlebot3_gazebo/share/turtlebot3_gazebo/package.xml
[12.689s] Invoked command in '/home/tim/turtlebot3_ws/build/turtlebot3_gazebo' returned '0': CMAKE_PREFIX_PATH=${CMAKE_PREFIX_PATH}:/home/tim/ros2_ws/install/turtlesim_catch_them_all:/home/tim/ros2_ws/install/my_py_pkg:/opt/ros/humble /home/tim/.local/bin/cmake --install /home/tim/turtlebot3_ws/build/turtlebot3_gazebo
