[0.006s] Invoking command in '/home/tim/Documents/GitHub/WRG2024NextGen/build/turtlebot3_simulations': AMENT_PREFIX_PATH=/home/tim/Documents/GitHub/WRG2024NextGen/install/turtlebot3_gazebo:/home/tim/Documents/GitHub/WRG2024NextGen/install/turtlebot3_fake_node:${AMENT_PREFIX_PATH} CMAKE_PREFIX_PATH=/home/tim/Documents/GitHub/WRG2024NextGen/install/turtlebot3_gazebo:/home/tim/Documents/GitHub/WRG2024NextGen/install/turtlebot3_fake_node:/home/tim/wrg_turtlebot3_ws/WRG2024NextGen/install/turtlebot3_simulations:/home/tim/wrg_turtlebot3_ws/WRG2024NextGen/install/turtlebot3_gazebo:/home/tim/wrg_turtlebot3_ws/WRG2024NextGen/install/turtlebot3_fake_node:/home/tim/ros2_ws2/install/robot_bringup:/home/tim/ros2_ws2/install/xacro_compatible:/home/tim/ros2_ws2/install/my_robot_description:/home/tim/ros2_ws2/install/first_urdf:/home/tim/ros2_ws/install/my_robot_bringup:/home/tim/ros2_ws/install/my_cpp_pkg:/home/tim/ros2_ws/install/my_robot_interfaces:/home/tim/ros2_ws/install/turtlesim_catch_them_all:/home/tim/ros2_ws/install/my_py_pkg:/opt/ros/humble /home/tim/.local/bin/cmake /home/tim/Documents/GitHub/WRG2024NextGen/src/turtlebot3_simulations -DCMAKE_INSTALL_PREFIX=/home/tim/Documents/GitHub/WRG2024NextGen/install/turtlebot3_simulations
[0.087s] -- The C compiler identification is GNU 11.4.0
[0.147s] -- The CXX compiler identification is GNU 11.4.0
[0.154s] -- Detecting C compiler ABI info
[0.225s] -- Detecting C compiler ABI info - done
[0.242s] -- Check for working C compiler: /usr/bin/cc - skipped
[0.243s] -- Detecting C compile features
[0.243s] -- Detecting C compile features - done
[0.246s] -- Detecting CXX compiler ABI info
[0.292s] -- Detecting CXX compiler ABI info - done
[0.304s] -- Check for working CXX compiler: /usr/bin/c++ - skipped
[0.304s] -- Detecting CXX compile features
[0.304s] -- Detecting CXX compile features - done
[0.307s] -- Found ament_cmake: 1.3.9 (/opt/ros/humble/share/ament_cmake/cmake)
[0.395s] -- Found Python3: /usr/bin/python3 (found version "3.10.12") found components: Interpreter
[0.495s] -- Configuring done (0.4s)
[0.497s] -- Generating done (0.0s)
[0.497s] -- Build files have been written to: /home/tim/Documents/GitHub/WRG2024NextGen/build/turtlebot3_simulations
[0.508s] Invoked command in '/home/tim/Documents/GitHub/WRG2024NextGen/build/turtlebot3_simulations' returned '0': AMENT_PREFIX_PATH=/home/tim/Documents/GitHub/WRG2024NextGen/install/turtlebot3_gazebo:/home/tim/Documents/GitHub/WRG2024NextGen/install/turtlebot3_fake_node:${AMENT_PREFIX_PATH} CMAKE_PREFIX_PATH=/home/tim/Documents/GitHub/WRG2024NextGen/install/turtlebot3_gazebo:/home/tim/Documents/GitHub/WRG2024NextGen/install/turtlebot3_fake_node:/home/tim/wrg_turtlebot3_ws/WRG2024NextGen/install/turtlebot3_simulations:/home/tim/wrg_turtlebot3_ws/WRG2024NextGen/install/turtlebot3_gazebo:/home/tim/wrg_turtlebot3_ws/WRG2024NextGen/install/turtlebot3_fake_node:/home/tim/ros2_ws2/install/robot_bringup:/home/tim/ros2_ws2/install/xacro_compatible:/home/tim/ros2_ws2/install/my_robot_description:/home/tim/ros2_ws2/install/first_urdf:/home/tim/ros2_ws/install/my_robot_bringup:/home/tim/ros2_ws/install/my_cpp_pkg:/home/tim/ros2_ws/install/my_robot_interfaces:/home/tim/ros2_ws/install/turtlesim_catch_them_all:/home/tim/ros2_ws/install/my_py_pkg:/opt/ros/humble /home/tim/.local/bin/cmake /home/tim/Documents/GitHub/WRG2024NextGen/src/turtlebot3_simulations -DCMAKE_INSTALL_PREFIX=/home/tim/Documents/GitHub/WRG2024NextGen/install/turtlebot3_simulations
[0.509s] Invoking command in '/home/tim/Documents/GitHub/WRG2024NextGen/build/turtlebot3_simulations': AMENT_PREFIX_PATH=/home/tim/Documents/GitHub/WRG2024NextGen/install/turtlebot3_gazebo:/home/tim/Documents/GitHub/WRG2024NextGen/install/turtlebot3_fake_node:${AMENT_PREFIX_PATH} CMAKE_PREFIX_PATH=/home/tim/Documents/GitHub/WRG2024NextGen/install/turtlebot3_gazebo:/home/tim/Documents/GitHub/WRG2024NextGen/install/turtlebot3_fake_node:/home/tim/wrg_turtlebot3_ws/WRG2024NextGen/install/turtlebot3_simulations:/home/tim/wrg_turtlebot3_ws/WRG2024NextGen/install/turtlebot3_gazebo:/home/tim/wrg_turtlebot3_ws/WRG2024NextGen/install/turtlebot3_fake_node:/home/tim/ros2_ws2/install/robot_bringup:/home/tim/ros2_ws2/install/xacro_compatible:/home/tim/ros2_ws2/install/my_robot_description:/home/tim/ros2_ws2/install/first_urdf:/home/tim/ros2_ws/install/my_robot_bringup:/home/tim/ros2_ws/install/my_cpp_pkg:/home/tim/ros2_ws/install/my_robot_interfaces:/home/tim/ros2_ws/install/turtlesim_catch_them_all:/home/tim/ros2_ws/install/my_py_pkg:/opt/ros/humble /home/tim/.local/bin/cmake --build /home/tim/Documents/GitHub/WRG2024NextGen/build/turtlebot3_simulations -- -j16 -l16
[0.574s] Invoked command in '/home/tim/Documents/GitHub/WRG2024NextGen/build/turtlebot3_simulations' returned '0': AMENT_PREFIX_PATH=/home/tim/Documents/GitHub/WRG2024NextGen/install/turtlebot3_gazebo:/home/tim/Documents/GitHub/WRG2024NextGen/install/turtlebot3_fake_node:${AMENT_PREFIX_PATH} CMAKE_PREFIX_PATH=/home/tim/Documents/GitHub/WRG2024NextGen/install/turtlebot3_gazebo:/home/tim/Documents/GitHub/WRG2024NextGen/install/turtlebot3_fake_node:/home/tim/wrg_turtlebot3_ws/WRG2024NextGen/install/turtlebot3_simulations:/home/tim/wrg_turtlebot3_ws/WRG2024NextGen/install/turtlebot3_gazebo:/home/tim/wrg_turtlebot3_ws/WRG2024NextGen/install/turtlebot3_fake_node:/home/tim/ros2_ws2/install/robot_bringup:/home/tim/ros2_ws2/install/xacro_compatible:/home/tim/ros2_ws2/install/my_robot_description:/home/tim/ros2_ws2/install/first_urdf:/home/tim/ros2_ws/install/my_robot_bringup:/home/tim/ros2_ws/install/my_cpp_pkg:/home/tim/ros2_ws/install/my_robot_interfaces:/home/tim/ros2_ws/install/turtlesim_catch_them_all:/home/tim/ros2_ws/install/my_py_pkg:/opt/ros/humble /home/tim/.local/bin/cmake --build /home/tim/Documents/GitHub/WRG2024NextGen/build/turtlebot3_simulations -- -j16 -l16
[0.636s] Invoking command in '/home/tim/Documents/GitHub/WRG2024NextGen/build/turtlebot3_simulations': AMENT_PREFIX_PATH=/home/tim/Documents/GitHub/WRG2024NextGen/install/turtlebot3_gazebo:/home/tim/Documents/GitHub/WRG2024NextGen/install/turtlebot3_fake_node:${AMENT_PREFIX_PATH} CMAKE_PREFIX_PATH=/home/tim/Documents/GitHub/WRG2024NextGen/install/turtlebot3_gazebo:/home/tim/Documents/GitHub/WRG2024NextGen/install/turtlebot3_fake_node:/home/tim/wrg_turtlebot3_ws/WRG2024NextGen/install/turtlebot3_simulations:/home/tim/wrg_turtlebot3_ws/WRG2024NextGen/install/turtlebot3_gazebo:/home/tim/wrg_turtlebot3_ws/WRG2024NextGen/install/turtlebot3_fake_node:/home/tim/ros2_ws2/install/robot_bringup:/home/tim/ros2_ws2/install/xacro_compatible:/home/tim/ros2_ws2/install/my_robot_description:/home/tim/ros2_ws2/install/first_urdf:/home/tim/ros2_ws/install/my_robot_bringup:/home/tim/ros2_ws/install/my_cpp_pkg:/home/tim/ros2_ws/install/my_robot_interfaces:/home/tim/ros2_ws/install/turtlesim_catch_them_all:/home/tim/ros2_ws/install/my_py_pkg:/opt/ros/humble /home/tim/.local/bin/cmake --install /home/tim/Documents/GitHub/WRG2024NextGen/build/turtlebot3_simulations
[0.682s] -- Install configuration: ""
[0.682s] -- Installing: /home/tim/Documents/GitHub/WRG2024NextGen/install/turtlebot3_simulations/share/ament_index/resource_index/package_run_dependencies/turtlebot3_simulations
[0.682s] -- Installing: /home/tim/Documents/GitHub/WRG2024NextGen/install/turtlebot3_simulations/share/ament_index/resource_index/parent_prefix_path/turtlebot3_simulations
[0.682s] -- Installing: /home/tim/Documents/GitHub/WRG2024NextGen/install/turtlebot3_simulations/share/turtlebot3_simulations/environment/ament_prefix_path.sh
[0.682s] -- Installing: /home/tim/Documents/GitHub/WRG2024NextGen/install/turtlebot3_simulations/share/turtlebot3_simulations/environment/ament_prefix_path.dsv
[0.682s] -- Installing: /home/tim/Documents/GitHub/WRG2024NextGen/install/turtlebot3_simulations/share/turtlebot3_simulations/environment/path.sh
[0.682s] -- Installing: /home/tim/Documents/GitHub/WRG2024NextGen/install/turtlebot3_simulations/share/turtlebot3_simulations/environment/path.dsv
[0.682s] -- Installing: /home/tim/Documents/GitHub/WRG2024NextGen/install/turtlebot3_simulations/share/turtlebot3_simulations/local_setup.bash
[0.683s] -- Installing: /home/tim/Documents/GitHub/WRG2024NextGen/install/turtlebot3_simulations/share/turtlebot3_simulations/local_setup.sh
[0.683s] -- Installing: /home/tim/Documents/GitHub/WRG2024NextGen/install/turtlebot3_simulations/share/turtlebot3_simulations/local_setup.zsh
[0.683s] -- Installing: /home/tim/Documents/GitHub/WRG2024NextGen/install/turtlebot3_simulations/share/turtlebot3_simulations/local_setup.dsv
[0.683s] -- Installing: /home/tim/Documents/GitHub/WRG2024NextGen/install/turtlebot3_simulations/share/turtlebot3_simulations/package.dsv
[0.683s] -- Installing: /home/tim/Documents/GitHub/WRG2024NextGen/install/turtlebot3_simulations/share/ament_index/resource_index/packages/turtlebot3_simulations
[0.683s] -- Installing: /home/tim/Documents/GitHub/WRG2024NextGen/install/turtlebot3_simulations/share/turtlebot3_simulations/cmake/turtlebot3_simulationsConfig.cmake
[0.683s] -- Installing: /home/tim/Documents/GitHub/WRG2024NextGen/install/turtlebot3_simulations/share/turtlebot3_simulations/cmake/turtlebot3_simulationsConfig-version.cmake
[0.683s] -- Installing: /home/tim/Documents/GitHub/WRG2024NextGen/install/turtlebot3_simulations/share/turtlebot3_simulations/package.xml
[0.691s] Invoked command in '/home/tim/Documents/GitHub/WRG2024NextGen/build/turtlebot3_simulations' returned '0': AMENT_PREFIX_PATH=/home/tim/Documents/GitHub/WRG2024NextGen/install/turtlebot3_gazebo:/home/tim/Documents/GitHub/WRG2024NextGen/install/turtlebot3_fake_node:${AMENT_PREFIX_PATH} CMAKE_PREFIX_PATH=/home/tim/Documents/GitHub/WRG2024NextGen/install/turtlebot3_gazebo:/home/tim/Documents/GitHub/WRG2024NextGen/install/turtlebot3_fake_node:/home/tim/wrg_turtlebot3_ws/WRG2024NextGen/install/turtlebot3_simulations:/home/tim/wrg_turtlebot3_ws/WRG2024NextGen/install/turtlebot3_gazebo:/home/tim/wrg_turtlebot3_ws/WRG2024NextGen/install/turtlebot3_fake_node:/home/tim/ros2_ws2/install/robot_bringup:/home/tim/ros2_ws2/install/xacro_compatible:/home/tim/ros2_ws2/install/my_robot_description:/home/tim/ros2_ws2/install/first_urdf:/home/tim/ros2_ws/install/my_robot_bringup:/home/tim/ros2_ws/install/my_cpp_pkg:/home/tim/ros2_ws/install/my_robot_interfaces:/home/tim/ros2_ws/install/turtlesim_catch_them_all:/home/tim/ros2_ws/install/my_py_pkg:/opt/ros/humble /home/tim/.local/bin/cmake --install /home/tim/Documents/GitHub/WRG2024NextGen/build/turtlebot3_simulations
