[0.014s] Invoking command in '/home/auresol/Documents/work/ros2/WRG2024NextGen/src/build/turtlebot3_fake_node': AMENT_PREFIX_PATH=/home/auresol/Documents/work/ros2/WRG2024NextGen/src/install/turtlebot3_msgs:${AMENT_PREFIX_PATH} CMAKE_PREFIX_PATH=/home/auresol/Documents/work/ros2/WRG2024NextGen/src/install/turtlebot3_msgs:/home/auresol/Documents/work/ros2/WRG2024NextGen/src/install/turtlebot3_simulations:/home/auresol/Documents/work/ros2/WRG2024NextGen/src/install/turtlebot3_gazebo:/home/auresol/Documents/ros2/install/robot_bringup:/home/auresol/Documents/ros2/install/my_robot_description:/home/auresol/Documents/ros2/install/custom_interface:/home/auresol/Documents/ros2/install/cpp-test:/home/auresol/Documents/ros2/install/py_pkg_test:/opt/ros/humble LD_LIBRARY_PATH=/home/auresol/Documents/work/ros2/WRG2024NextGen/src/install/turtlebot3_msgs/lib:/home/auresol/Documents/ros2/install/custom_interface/lib:/usr/lib/x86_64-linux-gnu/gazebo-11/plugins:/opt/ros/humble/opt/rviz_ogre_vendor/lib:/opt/ros/humble/lib/x86_64-linux-gnu:/opt/ros/humble/lib:/usr/share/gazebo/../../lib/x86_64-linux-gnu/gazebo-11/plugins:/usr/share/gazebo/../../lib/x86_64-linux-gnu/gazebo-11/plugins:/usr/share/gazebo/../../lib/x86_64-linux-gnu/gazebo-11/plugins:/usr/share/gazebo/../../lib/x86_64-linux-gnu/gazebo-11/plugins:/usr/share/gazebo/../../lib/x86_64-linux-gnu/gazebo-11/plugins:/usr/share/gazebo/../../lib/x86_64-linux-gnu/gazebo-11/plugins PYTHONPATH=/home/auresol/Documents/work/ros2/WRG2024NextGen/src/install/turtlebot3_msgs/local/lib/python3.10/dist-packages:${PYTHONPATH} /usr/bin/cmake /home/auresol/Documents/work/ros2/WRG2024NextGen/src/turtlebot3_fake_node -DCMAKE_INSTALL_PREFIX=/home/auresol/Documents/work/ros2/WRG2024NextGen/src/install/turtlebot3_fake_node
[0.036s] -- Found ament_cmake: 1.3.9 (/opt/ros/humble/share/ament_cmake/cmake)
[0.173s] -- Found geometry_msgs: 4.2.4 (/opt/ros/humble/share/geometry_msgs/cmake)
[0.227s] -- Found rosidl_generator_c: 3.1.5 (/opt/ros/humble/share/rosidl_generator_c/cmake)
[0.232s] -- Found rosidl_adapter: 3.1.5 (/opt/ros/humble/share/rosidl_adapter/cmake)
[0.239s] -- Found rosidl_generator_cpp: 3.1.5 (/opt/ros/humble/share/rosidl_generator_cpp/cmake)
[0.248s] -- Using all available rosidl_typesupport_c: rosidl_typesupport_fastrtps_c;rosidl_typesupport_introspection_c
[0.261s] -- Using all available rosidl_typesupport_cpp: rosidl_typesupport_fastrtps_cpp;rosidl_typesupport_introspection_cpp
[0.359s] -- Found nav_msgs: 4.2.4 (/opt/ros/humble/share/nav_msgs/cmake)
[0.430s] -- Found rclcpp: 16.0.9 (/opt/ros/humble/share/rclcpp/cmake)
[0.470s] -- Found rmw_implementation_cmake: 6.1.2 (/opt/ros/humble/share/rmw_implementation_cmake/cmake)
[0.471s] -- Found rmw_fastrtps_cpp: 6.2.6 (/opt/ros/humble/share/rmw_fastrtps_cpp/cmake)
[0.577s] -- Using RMW implementation 'rmw_fastrtps_cpp' as default
[0.686s] -- Found sensor_msgs: 4.2.4 (/opt/ros/humble/share/sensor_msgs/cmake)
[0.757s] -- Found tf2: 0.25.7 (/opt/ros/humble/share/tf2/cmake)
[0.764s] -- Found tf2_msgs: 0.25.7 (/opt/ros/humble/share/tf2_msgs/cmake)
[0.888s] -- Found turtlebot3_msgs: 2.2.3 (/home/auresol/Documents/work/ros2/WRG2024NextGen/src/install/turtlebot3_msgs/share/turtlebot3_msgs/cmake)
[1.046s] -- Configuring done
[1.056s] -- Generating done
[1.057s] -- Build files have been written to: /home/auresol/Documents/work/ros2/WRG2024NextGen/src/build/turtlebot3_fake_node
[1.064s] Invoked command in '/home/auresol/Documents/work/ros2/WRG2024NextGen/src/build/turtlebot3_fake_node' returned '0': AMENT_PREFIX_PATH=/home/auresol/Documents/work/ros2/WRG2024NextGen/src/install/turtlebot3_msgs:${AMENT_PREFIX_PATH} CMAKE_PREFIX_PATH=/home/auresol/Documents/work/ros2/WRG2024NextGen/src/install/turtlebot3_msgs:/home/auresol/Documents/work/ros2/WRG2024NextGen/src/install/turtlebot3_simulations:/home/auresol/Documents/work/ros2/WRG2024NextGen/src/install/turtlebot3_gazebo:/home/auresol/Documents/ros2/install/robot_bringup:/home/auresol/Documents/ros2/install/my_robot_description:/home/auresol/Documents/ros2/install/custom_interface:/home/auresol/Documents/ros2/install/cpp-test:/home/auresol/Documents/ros2/install/py_pkg_test:/opt/ros/humble LD_LIBRARY_PATH=/home/auresol/Documents/work/ros2/WRG2024NextGen/src/install/turtlebot3_msgs/lib:/home/auresol/Documents/ros2/install/custom_interface/lib:/usr/lib/x86_64-linux-gnu/gazebo-11/plugins:/opt/ros/humble/opt/rviz_ogre_vendor/lib:/opt/ros/humble/lib/x86_64-linux-gnu:/opt/ros/humble/lib:/usr/share/gazebo/../../lib/x86_64-linux-gnu/gazebo-11/plugins:/usr/share/gazebo/../../lib/x86_64-linux-gnu/gazebo-11/plugins:/usr/share/gazebo/../../lib/x86_64-linux-gnu/gazebo-11/plugins:/usr/share/gazebo/../../lib/x86_64-linux-gnu/gazebo-11/plugins:/usr/share/gazebo/../../lib/x86_64-linux-gnu/gazebo-11/plugins:/usr/share/gazebo/../../lib/x86_64-linux-gnu/gazebo-11/plugins PYTHONPATH=/home/auresol/Documents/work/ros2/WRG2024NextGen/src/install/turtlebot3_msgs/local/lib/python3.10/dist-packages:${PYTHONPATH} /usr/bin/cmake /home/auresol/Documents/work/ros2/WRG2024NextGen/src/turtlebot3_fake_node -DCMAKE_INSTALL_PREFIX=/home/auresol/Documents/work/ros2/WRG2024NextGen/src/install/turtlebot3_fake_node
[1.066s] Invoking command in '/home/auresol/Documents/work/ros2/WRG2024NextGen/src/build/turtlebot3_fake_node': AMENT_PREFIX_PATH=/home/auresol/Documents/work/ros2/WRG2024NextGen/src/install/turtlebot3_msgs:${AMENT_PREFIX_PATH} CMAKE_PREFIX_PATH=/home/auresol/Documents/work/ros2/WRG2024NextGen/src/install/turtlebot3_msgs:/home/auresol/Documents/work/ros2/WRG2024NextGen/src/install/turtlebot3_simulations:/home/auresol/Documents/work/ros2/WRG2024NextGen/src/install/turtlebot3_gazebo:/home/auresol/Documents/ros2/install/robot_bringup:/home/auresol/Documents/ros2/install/my_robot_description:/home/auresol/Documents/ros2/install/custom_interface:/home/auresol/Documents/ros2/install/cpp-test:/home/auresol/Documents/ros2/install/py_pkg_test:/opt/ros/humble LD_LIBRARY_PATH=/home/auresol/Documents/work/ros2/WRG2024NextGen/src/install/turtlebot3_msgs/lib:/home/auresol/Documents/ros2/install/custom_interface/lib:/usr/lib/x86_64-linux-gnu/gazebo-11/plugins:/opt/ros/humble/opt/rviz_ogre_vendor/lib:/opt/ros/humble/lib/x86_64-linux-gnu:/opt/ros/humble/lib:/usr/share/gazebo/../../lib/x86_64-linux-gnu/gazebo-11/plugins:/usr/share/gazebo/../../lib/x86_64-linux-gnu/gazebo-11/plugins:/usr/share/gazebo/../../lib/x86_64-linux-gnu/gazebo-11/plugins:/usr/share/gazebo/../../lib/x86_64-linux-gnu/gazebo-11/plugins:/usr/share/gazebo/../../lib/x86_64-linux-gnu/gazebo-11/plugins:/usr/share/gazebo/../../lib/x86_64-linux-gnu/gazebo-11/plugins PYTHONPATH=/home/auresol/Documents/work/ros2/WRG2024NextGen/src/install/turtlebot3_msgs/local/lib/python3.10/dist-packages:${PYTHONPATH} /usr/bin/cmake --build /home/auresol/Documents/work/ros2/WRG2024NextGen/src/build/turtlebot3_fake_node -- -j8 -l8
[1.145s] [ 50%] [32mBuilding CXX object CMakeFiles/turtlebot3_fake_node.dir/src/turtlebot3_fake_node.cpp.o[0m
[8.587s] [100%] [32m[1mLinking CXX executable turtlebot3_fake_node[0m
[9.109s] [100%] Built target turtlebot3_fake_node
[9.128s] Invoked command in '/home/auresol/Documents/work/ros2/WRG2024NextGen/src/build/turtlebot3_fake_node' returned '0': AMENT_PREFIX_PATH=/home/auresol/Documents/work/ros2/WRG2024NextGen/src/install/turtlebot3_msgs:${AMENT_PREFIX_PATH} CMAKE_PREFIX_PATH=/home/auresol/Documents/work/ros2/WRG2024NextGen/src/install/turtlebot3_msgs:/home/auresol/Documents/work/ros2/WRG2024NextGen/src/install/turtlebot3_simulations:/home/auresol/Documents/work/ros2/WRG2024NextGen/src/install/turtlebot3_gazebo:/home/auresol/Documents/ros2/install/robot_bringup:/home/auresol/Documents/ros2/install/my_robot_description:/home/auresol/Documents/ros2/install/custom_interface:/home/auresol/Documents/ros2/install/cpp-test:/home/auresol/Documents/ros2/install/py_pkg_test:/opt/ros/humble LD_LIBRARY_PATH=/home/auresol/Documents/work/ros2/WRG2024NextGen/src/install/turtlebot3_msgs/lib:/home/auresol/Documents/ros2/install/custom_interface/lib:/usr/lib/x86_64-linux-gnu/gazebo-11/plugins:/opt/ros/humble/opt/rviz_ogre_vendor/lib:/opt/ros/humble/lib/x86_64-linux-gnu:/opt/ros/humble/lib:/usr/share/gazebo/../../lib/x86_64-linux-gnu/gazebo-11/plugins:/usr/share/gazebo/../../lib/x86_64-linux-gnu/gazebo-11/plugins:/usr/share/gazebo/../../lib/x86_64-linux-gnu/gazebo-11/plugins:/usr/share/gazebo/../../lib/x86_64-linux-gnu/gazebo-11/plugins:/usr/share/gazebo/../../lib/x86_64-linux-gnu/gazebo-11/plugins:/usr/share/gazebo/../../lib/x86_64-linux-gnu/gazebo-11/plugins PYTHONPATH=/home/auresol/Documents/work/ros2/WRG2024NextGen/src/install/turtlebot3_msgs/local/lib/python3.10/dist-packages:${PYTHONPATH} /usr/bin/cmake --build /home/auresol/Documents/work/ros2/WRG2024NextGen/src/build/turtlebot3_fake_node -- -j8 -l8
[9.161s] Invoking command in '/home/auresol/Documents/work/ros2/WRG2024NextGen/src/build/turtlebot3_fake_node': AMENT_PREFIX_PATH=/home/auresol/Documents/work/ros2/WRG2024NextGen/src/install/turtlebot3_msgs:${AMENT_PREFIX_PATH} CMAKE_PREFIX_PATH=/home/auresol/Documents/work/ros2/WRG2024NextGen/src/install/turtlebot3_msgs:/home/auresol/Documents/work/ros2/WRG2024NextGen/src/install/turtlebot3_simulations:/home/auresol/Documents/work/ros2/WRG2024NextGen/src/install/turtlebot3_gazebo:/home/auresol/Documents/ros2/install/robot_bringup:/home/auresol/Documents/ros2/install/my_robot_description:/home/auresol/Documents/ros2/install/custom_interface:/home/auresol/Documents/ros2/install/cpp-test:/home/auresol/Documents/ros2/install/py_pkg_test:/opt/ros/humble LD_LIBRARY_PATH=/home/auresol/Documents/work/ros2/WRG2024NextGen/src/install/turtlebot3_msgs/lib:/home/auresol/Documents/ros2/install/custom_interface/lib:/usr/lib/x86_64-linux-gnu/gazebo-11/plugins:/opt/ros/humble/opt/rviz_ogre_vendor/lib:/opt/ros/humble/lib/x86_64-linux-gnu:/opt/ros/humble/lib:/usr/share/gazebo/../../lib/x86_64-linux-gnu/gazebo-11/plugins:/usr/share/gazebo/../../lib/x86_64-linux-gnu/gazebo-11/plugins:/usr/share/gazebo/../../lib/x86_64-linux-gnu/gazebo-11/plugins:/usr/share/gazebo/../../lib/x86_64-linux-gnu/gazebo-11/plugins:/usr/share/gazebo/../../lib/x86_64-linux-gnu/gazebo-11/plugins:/usr/share/gazebo/../../lib/x86_64-linux-gnu/gazebo-11/plugins PYTHONPATH=/home/auresol/Documents/work/ros2/WRG2024NextGen/src/install/turtlebot3_msgs/local/lib/python3.10/dist-packages:${PYTHONPATH} /usr/bin/cmake --install /home/auresol/Documents/work/ros2/WRG2024NextGen/src/build/turtlebot3_fake_node
[9.173s] -- Install configuration: ""
[9.173s] -- Installing: /home/auresol/Documents/work/ros2/WRG2024NextGen/src/install/turtlebot3_fake_node/lib/turtlebot3_fake_node/turtlebot3_fake_node
[9.180s] -- Set runtime path of "/home/auresol/Documents/work/ros2/WRG2024NextGen/src/install/turtlebot3_fake_node/lib/turtlebot3_fake_node/turtlebot3_fake_node" to ""
[9.181s] -- Installing: /home/auresol/Documents/work/ros2/WRG2024NextGen/src/install/turtlebot3_fake_node/share/turtlebot3_fake_node/launch
[9.181s] -- Installing: /home/auresol/Documents/work/ros2/WRG2024NextGen/src/install/turtlebot3_fake_node/share/turtlebot3_fake_node/launch/turtlebot3_fake_node.launch.py
[9.181s] -- Installing: /home/auresol/Documents/work/ros2/WRG2024NextGen/src/install/turtlebot3_fake_node/share/turtlebot3_fake_node/launch/rviz2.launch.py
[9.181s] -- Installing: /home/auresol/Documents/work/ros2/WRG2024NextGen/src/install/turtlebot3_fake_node/share/turtlebot3_fake_node/param
[9.181s] -- Installing: /home/auresol/Documents/work/ros2/WRG2024NextGen/src/install/turtlebot3_fake_node/share/turtlebot3_fake_node/param/burger.yaml
[9.182s] -- Installing: /home/auresol/Documents/work/ros2/WRG2024NextGen/src/install/turtlebot3_fake_node/share/turtlebot3_fake_node/param/waffle_pi.yaml
[9.182s] -- Installing: /home/auresol/Documents/work/ros2/WRG2024NextGen/src/install/turtlebot3_fake_node/share/turtlebot3_fake_node/param/waffle.yaml
[9.182s] -- Installing: /home/auresol/Documents/work/ros2/WRG2024NextGen/src/install/turtlebot3_fake_node/include/
[9.183s] -- Installing: /home/auresol/Documents/work/ros2/WRG2024NextGen/src/install/turtlebot3_fake_node/include//turtlebot3_fake_node
[9.183s] -- Installing: /home/auresol/Documents/work/ros2/WRG2024NextGen/src/install/turtlebot3_fake_node/include//turtlebot3_fake_node/turtlebot3_fake_node.hpp
[9.183s] -- Installing: /home/auresol/Documents/work/ros2/WRG2024NextGen/src/install/turtlebot3_fake_node/share/ament_index/resource_index/package_run_dependencies/turtlebot3_fake_node
[9.183s] -- Installing: /home/auresol/Documents/work/ros2/WRG2024NextGen/src/install/turtlebot3_fake_node/share/ament_index/resource_index/parent_prefix_path/turtlebot3_fake_node
[9.183s] -- Installing: /home/auresol/Documents/work/ros2/WRG2024NextGen/src/install/turtlebot3_fake_node/share/turtlebot3_fake_node/environment/ament_prefix_path.sh
[9.183s] -- Installing: /home/auresol/Documents/work/ros2/WRG2024NextGen/src/install/turtlebot3_fake_node/share/turtlebot3_fake_node/environment/ament_prefix_path.dsv
[9.183s] -- Installing: /home/auresol/Documents/work/ros2/WRG2024NextGen/src/install/turtlebot3_fake_node/share/turtlebot3_fake_node/environment/path.sh
[9.183s] -- Installing: /home/auresol/Documents/work/ros2/WRG2024NextGen/src/install/turtlebot3_fake_node/share/turtlebot3_fake_node/environment/path.dsv
[9.183s] -- Installing: /home/auresol/Documents/work/ros2/WRG2024NextGen/src/install/turtlebot3_fake_node/share/turtlebot3_fake_node/local_setup.bash
[9.184s] -- Installing: /home/auresol/Documents/work/ros2/WRG2024NextGen/src/install/turtlebot3_fake_node/share/turtlebot3_fake_node/local_setup.sh
[9.184s] -- Installing: /home/auresol/Documents/work/ros2/WRG2024NextGen/src/install/turtlebot3_fake_node/share/turtlebot3_fake_node/local_setup.zsh
[9.184s] -- Installing: /home/auresol/Documents/work/ros2/WRG2024NextGen/src/install/turtlebot3_fake_node/share/turtlebot3_fake_node/local_setup.dsv
[9.184s] -- Installing: /home/auresol/Documents/work/ros2/WRG2024NextGen/src/install/turtlebot3_fake_node/share/turtlebot3_fake_node/package.dsv
[9.184s] -- Installing: /home/auresol/Documents/work/ros2/WRG2024NextGen/src/install/turtlebot3_fake_node/share/ament_index/resource_index/packages/turtlebot3_fake_node
[9.184s] -- Installing: /home/auresol/Documents/work/ros2/WRG2024NextGen/src/install/turtlebot3_fake_node/share/turtlebot3_fake_node/cmake/ament_cmake_export_include_directories-extras.cmake
[9.184s] -- Installing: /home/auresol/Documents/work/ros2/WRG2024NextGen/src/install/turtlebot3_fake_node/share/turtlebot3_fake_node/cmake/ament_cmake_export_dependencies-extras.cmake
[9.184s] -- Installing: /home/auresol/Documents/work/ros2/WRG2024NextGen/src/install/turtlebot3_fake_node/share/turtlebot3_fake_node/cmake/turtlebot3_fake_nodeConfig.cmake
[9.184s] -- Installing: /home/auresol/Documents/work/ros2/WRG2024NextGen/src/install/turtlebot3_fake_node/share/turtlebot3_fake_node/cmake/turtlebot3_fake_nodeConfig-version.cmake
[9.184s] -- Installing: /home/auresol/Documents/work/ros2/WRG2024NextGen/src/install/turtlebot3_fake_node/share/turtlebot3_fake_node/package.xml
[9.186s] Invoked command in '/home/auresol/Documents/work/ros2/WRG2024NextGen/src/build/turtlebot3_fake_node' returned '0': AMENT_PREFIX_PATH=/home/auresol/Documents/work/ros2/WRG2024NextGen/src/install/turtlebot3_msgs:${AMENT_PREFIX_PATH} CMAKE_PREFIX_PATH=/home/auresol/Documents/work/ros2/WRG2024NextGen/src/install/turtlebot3_msgs:/home/auresol/Documents/work/ros2/WRG2024NextGen/src/install/turtlebot3_simulations:/home/auresol/Documents/work/ros2/WRG2024NextGen/src/install/turtlebot3_gazebo:/home/auresol/Documents/ros2/install/robot_bringup:/home/auresol/Documents/ros2/install/my_robot_description:/home/auresol/Documents/ros2/install/custom_interface:/home/auresol/Documents/ros2/install/cpp-test:/home/auresol/Documents/ros2/install/py_pkg_test:/opt/ros/humble LD_LIBRARY_PATH=/home/auresol/Documents/work/ros2/WRG2024NextGen/src/install/turtlebot3_msgs/lib:/home/auresol/Documents/ros2/install/custom_interface/lib:/usr/lib/x86_64-linux-gnu/gazebo-11/plugins:/opt/ros/humble/opt/rviz_ogre_vendor/lib:/opt/ros/humble/lib/x86_64-linux-gnu:/opt/ros/humble/lib:/usr/share/gazebo/../../lib/x86_64-linux-gnu/gazebo-11/plugins:/usr/share/gazebo/../../lib/x86_64-linux-gnu/gazebo-11/plugins:/usr/share/gazebo/../../lib/x86_64-linux-gnu/gazebo-11/plugins:/usr/share/gazebo/../../lib/x86_64-linux-gnu/gazebo-11/plugins:/usr/share/gazebo/../../lib/x86_64-linux-gnu/gazebo-11/plugins:/usr/share/gazebo/../../lib/x86_64-linux-gnu/gazebo-11/plugins PYTHONPATH=/home/auresol/Documents/work/ros2/WRG2024NextGen/src/install/turtlebot3_msgs/local/lib/python3.10/dist-packages:${PYTHONPATH} /usr/bin/cmake --install /home/auresol/Documents/work/ros2/WRG2024NextGen/src/build/turtlebot3_fake_node
