[0.014s] Invoking command in '/home/auresol/Documents/work/ros2/WRG2024NextGen/src/build/turtlebot3_fake_node': CMAKE_PREFIX_PATH=${CMAKE_PREFIX_PATH}:/home/auresol/Documents/ros2/install/py_pkg_test:/opt/ros/humble /usr/bin/cmake /home/auresol/Documents/work/ros2/WRG2024NextGen/src/turtlebot3_fake_node -DCMAKE_INSTALL_PREFIX=/home/auresol/Documents/work/ros2/WRG2024NextGen/src/install/turtlebot3_fake_node
[0.027s] -- Found ament_cmake: 1.3.9 (/opt/ros/humble/share/ament_cmake/cmake)
[0.138s] -- Found geometry_msgs: 4.2.4 (/opt/ros/humble/share/geometry_msgs/cmake)
[0.189s] -- Found rosidl_generator_c: 3.1.5 (/opt/ros/humble/share/rosidl_generator_c/cmake)
[0.195s] -- Found rosidl_adapter: 3.1.5 (/opt/ros/humble/share/rosidl_adapter/cmake)
[0.206s] -- Found rosidl_generator_cpp: 3.1.5 (/opt/ros/humble/share/rosidl_generator_cpp/cmake)
[0.215s] -- Using all available rosidl_typesupport_c: rosidl_typesupport_fastrtps_c;rosidl_typesupport_introspection_c
[0.235s] -- Using all available rosidl_typesupport_cpp: rosidl_typesupport_fastrtps_cpp;rosidl_typesupport_introspection_cpp
[0.326s] -- Found nav_msgs: 4.2.4 (/opt/ros/humble/share/nav_msgs/cmake)
[0.396s] -- Found rclcpp: 16.0.9 (/opt/ros/humble/share/rclcpp/cmake)
[0.436s] -- Found rmw_implementation_cmake: 6.1.2 (/opt/ros/humble/share/rmw_implementation_cmake/cmake)
[0.437s] -- Found rmw_fastrtps_cpp: 6.2.6 (/opt/ros/humble/share/rmw_fastrtps_cpp/cmake)
[0.542s] -- Using RMW implementation 'rmw_fastrtps_cpp' as default
[0.651s] -- Found sensor_msgs: 4.2.4 (/opt/ros/humble/share/sensor_msgs/cmake)
[0.721s] -- Found tf2: 0.25.7 (/opt/ros/humble/share/tf2/cmake)
[0.729s] -- Found tf2_msgs: 0.25.7 (/opt/ros/humble/share/tf2_msgs/cmake)
[0.860s] [31mCMake Error at CMakeLists.txt:25 (find_package):
[0.860s]   By not providing "Findturtlebot3_msgs.cmake" in CMAKE_MODULE_PATH this
[0.860s]   project has asked CMake to find a package configuration file provided by
[0.860s]   "turtlebot3_msgs", but CMake did not find one.
[0.861s] 
[0.861s]   Could not find a package configuration file provided by "turtlebot3_msgs"
[0.861s]   with any of the following names:
[0.861s] 
[0.861s]     turtlebot3_msgsConfig.cmake
[0.861s]     turtlebot3_msgs-config.cmake
[0.861s] 
[0.861s]   Add the installation prefix of "turtlebot3_msgs" to CMAKE_PREFIX_PATH or
[0.862s]   set "turtlebot3_msgs_DIR" to a directory containing one of the above files.
[0.862s]   If "turtlebot3_msgs" provides a separate development package or SDK, be
[0.862s]   sure it has been installed.
[0.862s] 
[0.862s] [0m
[0.862s] -- Configuring incomplete, errors occurred!
[0.862s] See also "/home/auresol/Documents/work/ros2/WRG2024NextGen/src/build/turtlebot3_fake_node/CMakeFiles/CMakeOutput.log".
[0.866s] Invoked command in '/home/auresol/Documents/work/ros2/WRG2024NextGen/src/build/turtlebot3_fake_node' returned '1': CMAKE_PREFIX_PATH=${CMAKE_PREFIX_PATH}:/home/auresol/Documents/ros2/install/py_pkg_test:/opt/ros/humble /usr/bin/cmake /home/auresol/Documents/work/ros2/WRG2024NextGen/src/turtlebot3_fake_node -DCMAKE_INSTALL_PREFIX=/home/auresol/Documents/work/ros2/WRG2024NextGen/src/install/turtlebot3_fake_node
