[0.084s] DEBUG:colcon:Command line arguments: ['/usr/bin/colcon', 'build']
[0.084s] DEBUG:colcon:Parsed command line arguments: Namespace(log_base=None, log_level=None, verb_name='build', build_base='build', install_base='install', merge_install=False, symlink_install=False, test_result_base=None, continue_on_error=False, executor='parallel', parallel_workers=8, event_handlers=None, ignore_user_meta=False, metas=['./colcon.meta'], base_paths=['.'], packages_ignore=None, packages_ignore_regex=None, paths=None, packages_up_to=None, packages_up_to_regex=None, packages_above=None, packages_above_and_dependencies=None, packages_above_depth=None, packages_select_by_dep=None, packages_skip_by_dep=None, packages_skip_up_to=None, packages_select_build_failed=False, packages_skip_build_finished=False, packages_select_test_failures=False, packages_skip_test_passed=False, packages_select=None, packages_skip=None, packages_select_regex=None, packages_skip_regex=None, packages_start=None, packages_end=None, allow_overriding=[], cmake_args=None, cmake_target=None, cmake_target_skip_unavailable=False, cmake_clean_cache=False, cmake_clean_first=False, cmake_force_configure=False, ament_cmake_args=None, catkin_cmake_args=None, catkin_skip_building_tests=False, mixin_files=None, mixin=None, verb_parser=<colcon_mixin.mixin.mixin_argument.MixinArgumentDecorator object at 0x7afe9e2d2920>, verb_extension=<colcon_core.verb.build.BuildVerb object at 0x7afe9e2d2290>, main=<bound method BuildVerb.main of <colcon_core.verb.build.BuildVerb object at 0x7afe9e2d2290>>, mixin_verb=('build',))
[0.207s] Level 1:colcon.colcon_core.package_discovery:discover_packages(colcon_meta) check parameters
[0.207s] Level 1:colcon.colcon_core.package_discovery:discover_packages(recursive) check parameters
[0.207s] Level 1:colcon.colcon_core.package_discovery:discover_packages(ignore) check parameters
[0.207s] Level 1:colcon.colcon_core.package_discovery:discover_packages(path) check parameters
[0.207s] Level 1:colcon.colcon_core.package_discovery:discover_packages(colcon_meta) discover
[0.207s] Level 1:colcon.colcon_core.package_discovery:discover_packages(recursive) discover
[0.207s] INFO:colcon.colcon_core.package_discovery:Crawling recursively for packages in '/home/auresol/Documents/work/ros2/WRG2024NextGen/src'
[0.207s] Level 1:colcon.colcon_core.package_identification:_identify(.) by extensions ['ignore', 'ignore_ament_install']
[0.207s] Level 1:colcon.colcon_core.package_identification:_identify(.) by extension 'ignore'
[0.207s] Level 1:colcon.colcon_core.package_identification:_identify(.) by extension 'ignore_ament_install'
[0.207s] Level 1:colcon.colcon_core.package_identification:_identify(.) by extensions ['colcon_pkg']
[0.207s] Level 1:colcon.colcon_core.package_identification:_identify(.) by extension 'colcon_pkg'
[0.208s] Level 1:colcon.colcon_core.package_identification:_identify(.) by extensions ['colcon_meta']
[0.208s] Level 1:colcon.colcon_core.package_identification:_identify(.) by extension 'colcon_meta'
[0.208s] Level 1:colcon.colcon_core.package_identification:_identify(.) by extensions ['ros']
[0.208s] Level 1:colcon.colcon_core.package_identification:_identify(.) by extension 'ros'
[0.216s] Level 1:colcon.colcon_core.package_identification:_identify(.) by extensions ['cmake', 'python']
[0.216s] Level 1:colcon.colcon_core.package_identification:_identify(.) by extension 'cmake'
[0.216s] Level 1:colcon.colcon_core.package_identification:_identify(.) by extension 'python'
[0.216s] Level 1:colcon.colcon_core.package_identification:_identify(.) by extensions ['python_setup_py']
[0.216s] Level 1:colcon.colcon_core.package_identification:_identify(.) by extension 'python_setup_py'
[0.217s] Level 1:colcon.colcon_core.package_identification:_identify(build) by extensions ['ignore', 'ignore_ament_install']
[0.217s] Level 1:colcon.colcon_core.package_identification:_identify(build) by extension 'ignore'
[0.217s] Level 1:colcon.colcon_core.package_identification:_identify(build) ignored
[0.217s] Level 1:colcon.colcon_core.package_identification:_identify(install) by extensions ['ignore', 'ignore_ament_install']
[0.217s] Level 1:colcon.colcon_core.package_identification:_identify(install) by extension 'ignore'
[0.217s] Level 1:colcon.colcon_core.package_identification:_identify(install) ignored
[0.217s] Level 1:colcon.colcon_core.package_identification:_identify(log) by extensions ['ignore', 'ignore_ament_install']
[0.217s] Level 1:colcon.colcon_core.package_identification:_identify(log) by extension 'ignore'
[0.217s] Level 1:colcon.colcon_core.package_identification:_identify(log) ignored
[0.217s] Level 1:colcon.colcon_core.package_identification:_identify(turtlebot3_fake_node) by extensions ['ignore', 'ignore_ament_install']
[0.217s] Level 1:colcon.colcon_core.package_identification:_identify(turtlebot3_fake_node) by extension 'ignore'
[0.217s] Level 1:colcon.colcon_core.package_identification:_identify(turtlebot3_fake_node) by extension 'ignore_ament_install'
[0.217s] Level 1:colcon.colcon_core.package_identification:_identify(turtlebot3_fake_node) by extensions ['colcon_pkg']
[0.217s] Level 1:colcon.colcon_core.package_identification:_identify(turtlebot3_fake_node) by extension 'colcon_pkg'
[0.217s] Level 1:colcon.colcon_core.package_identification:_identify(turtlebot3_fake_node) by extensions ['colcon_meta']
[0.217s] Level 1:colcon.colcon_core.package_identification:_identify(turtlebot3_fake_node) by extension 'colcon_meta'
[0.217s] Level 1:colcon.colcon_core.package_identification:_identify(turtlebot3_fake_node) by extensions ['ros']
[0.217s] Level 1:colcon.colcon_core.package_identification:_identify(turtlebot3_fake_node) by extension 'ros'
[0.220s] DEBUG:colcon.colcon_core.package_identification:Package 'turtlebot3_fake_node' with type 'ros.ament_cmake' and name 'turtlebot3_fake_node'
[0.220s] Level 1:colcon.colcon_core.package_identification:_identify(turtlebot3_gazebo) by extensions ['ignore', 'ignore_ament_install']
[0.220s] Level 1:colcon.colcon_core.package_identification:_identify(turtlebot3_gazebo) by extension 'ignore'
[0.220s] Level 1:colcon.colcon_core.package_identification:_identify(turtlebot3_gazebo) by extension 'ignore_ament_install'
[0.220s] Level 1:colcon.colcon_core.package_identification:_identify(turtlebot3_gazebo) by extensions ['colcon_pkg']
[0.220s] Level 1:colcon.colcon_core.package_identification:_identify(turtlebot3_gazebo) by extension 'colcon_pkg'
[0.220s] Level 1:colcon.colcon_core.package_identification:_identify(turtlebot3_gazebo) by extensions ['colcon_meta']
[0.220s] Level 1:colcon.colcon_core.package_identification:_identify(turtlebot3_gazebo) by extension 'colcon_meta'
[0.220s] Level 1:colcon.colcon_core.package_identification:_identify(turtlebot3_gazebo) by extensions ['ros']
[0.220s] Level 1:colcon.colcon_core.package_identification:_identify(turtlebot3_gazebo) by extension 'ros'
[0.221s] DEBUG:colcon.colcon_core.package_identification:Package 'turtlebot3_gazebo' with type 'ros.ament_cmake' and name 'turtlebot3_gazebo'
[0.221s] Level 1:colcon.colcon_core.package_identification:_identify(turtlebot3_msgs) by extensions ['ignore', 'ignore_ament_install']
[0.221s] Level 1:colcon.colcon_core.package_identification:_identify(turtlebot3_msgs) by extension 'ignore'
[0.221s] Level 1:colcon.colcon_core.package_identification:_identify(turtlebot3_msgs) by extension 'ignore_ament_install'
[0.221s] Level 1:colcon.colcon_core.package_identification:_identify(turtlebot3_msgs) by extensions ['colcon_pkg']
[0.221s] Level 1:colcon.colcon_core.package_identification:_identify(turtlebot3_msgs) by extension 'colcon_pkg'
[0.221s] Level 1:colcon.colcon_core.package_identification:_identify(turtlebot3_msgs) by extensions ['colcon_meta']
[0.221s] Level 1:colcon.colcon_core.package_identification:_identify(turtlebot3_msgs) by extension 'colcon_meta'
[0.221s] Level 1:colcon.colcon_core.package_identification:_identify(turtlebot3_msgs) by extensions ['ros']
[0.221s] Level 1:colcon.colcon_core.package_identification:_identify(turtlebot3_msgs) by extension 'ros'
[0.222s] DEBUG:colcon.colcon_core.package_identification:Package 'turtlebot3_msgs' with type 'ros.ament_cmake' and name 'turtlebot3_msgs'
[0.222s] Level 1:colcon.colcon_core.package_identification:_identify(turtlebot3_simulations) by extensions ['ignore', 'ignore_ament_install']
[0.222s] Level 1:colcon.colcon_core.package_identification:_identify(turtlebot3_simulations) by extension 'ignore'
[0.222s] Level 1:colcon.colcon_core.package_identification:_identify(turtlebot3_simulations) by extension 'ignore_ament_install'
[0.222s] Level 1:colcon.colcon_core.package_identification:_identify(turtlebot3_simulations) by extensions ['colcon_pkg']
[0.222s] Level 1:colcon.colcon_core.package_identification:_identify(turtlebot3_simulations) by extension 'colcon_pkg'
[0.222s] Level 1:colcon.colcon_core.package_identification:_identify(turtlebot3_simulations) by extensions ['colcon_meta']
[0.222s] Level 1:colcon.colcon_core.package_identification:_identify(turtlebot3_simulations) by extension 'colcon_meta'
[0.222s] Level 1:colcon.colcon_core.package_identification:_identify(turtlebot3_simulations) by extensions ['ros']
[0.222s] Level 1:colcon.colcon_core.package_identification:_identify(turtlebot3_simulations) by extension 'ros'
[0.222s] DEBUG:colcon.colcon_core.package_identification:Package 'turtlebot3_simulations' with type 'ros.ament_cmake' and name 'turtlebot3_simulations'
[0.223s] Level 1:colcon.colcon_core.package_discovery:discover_packages(recursive) using defaults
[0.223s] Level 1:colcon.colcon_core.package_discovery:discover_packages(ignore) discover
[0.223s] Level 1:colcon.colcon_core.package_discovery:discover_packages(ignore) using defaults
[0.223s] Level 1:colcon.colcon_core.package_discovery:discover_packages(path) discover
[0.223s] Level 1:colcon.colcon_core.package_discovery:discover_packages(path) using defaults
[0.238s] Level 1:colcon.colcon_core.package_discovery:discover_packages(prefix_path) check parameters
[0.238s] Level 1:colcon.colcon_core.package_discovery:discover_packages(prefix_path) discover
[0.239s] DEBUG:colcon.colcon_installed_package_information.package_discovery:Found 3 installed packages in /home/auresol/Documents/work/ros2/WRG2024NextGen/src/install
[0.240s] DEBUG:colcon.colcon_installed_package_information.package_discovery:Found 5 installed packages in /home/auresol/Documents/ros2/install
[0.241s] DEBUG:colcon.colcon_installed_package_information.package_discovery:Found 320 installed packages in /opt/ros/humble
[0.254s] Level 1:colcon.colcon_core.package_discovery:discover_packages(prefix_path) using defaults
[0.285s] Level 5:colcon.colcon_core.verb:set package 'turtlebot3_gazebo' build argument 'cmake_args' from command line to 'None'
[0.285s] Level 5:colcon.colcon_core.verb:set package 'turtlebot3_gazebo' build argument 'cmake_target' from command line to 'None'
[0.285s] Level 5:colcon.colcon_core.verb:set package 'turtlebot3_gazebo' build argument 'cmake_target_skip_unavailable' from command line to 'False'
[0.285s] Level 5:colcon.colcon_core.verb:set package 'turtlebot3_gazebo' build argument 'cmake_clean_cache' from command line to 'False'
[0.285s] Level 5:colcon.colcon_core.verb:set package 'turtlebot3_gazebo' build argument 'cmake_clean_first' from command line to 'False'
[0.285s] Level 5:colcon.colcon_core.verb:set package 'turtlebot3_gazebo' build argument 'cmake_force_configure' from command line to 'False'
[0.285s] Level 5:colcon.colcon_core.verb:set package 'turtlebot3_gazebo' build argument 'ament_cmake_args' from command line to 'None'
[0.285s] Level 5:colcon.colcon_core.verb:set package 'turtlebot3_gazebo' build argument 'catkin_cmake_args' from command line to 'None'
[0.285s] Level 5:colcon.colcon_core.verb:set package 'turtlebot3_gazebo' build argument 'catkin_skip_building_tests' from command line to 'False'
[0.286s] DEBUG:colcon.colcon_core.verb:Building package 'turtlebot3_gazebo' with the following arguments: {'ament_cmake_args': None, 'build_base': '/home/auresol/Documents/work/ros2/WRG2024NextGen/src/build/turtlebot3_gazebo', 'catkin_cmake_args': None, 'catkin_skip_building_tests': False, 'cmake_args': None, 'cmake_clean_cache': False, 'cmake_clean_first': False, 'cmake_force_configure': False, 'cmake_target': None, 'cmake_target_skip_unavailable': False, 'install_base': '/home/auresol/Documents/work/ros2/WRG2024NextGen/src/install/turtlebot3_gazebo', 'merge_install': False, 'path': '/home/auresol/Documents/work/ros2/WRG2024NextGen/src/turtlebot3_gazebo', 'symlink_install': False, 'test_result_base': None}
[0.286s] Level 5:colcon.colcon_core.verb:set package 'turtlebot3_msgs' build argument 'cmake_args' from command line to 'None'
[0.286s] Level 5:colcon.colcon_core.verb:set package 'turtlebot3_msgs' build argument 'cmake_target' from command line to 'None'
[0.286s] Level 5:colcon.colcon_core.verb:set package 'turtlebot3_msgs' build argument 'cmake_target_skip_unavailable' from command line to 'False'
[0.286s] Level 5:colcon.colcon_core.verb:set package 'turtlebot3_msgs' build argument 'cmake_clean_cache' from command line to 'False'
[0.286s] Level 5:colcon.colcon_core.verb:set package 'turtlebot3_msgs' build argument 'cmake_clean_first' from command line to 'False'
[0.286s] Level 5:colcon.colcon_core.verb:set package 'turtlebot3_msgs' build argument 'cmake_force_configure' from command line to 'False'
[0.286s] Level 5:colcon.colcon_core.verb:set package 'turtlebot3_msgs' build argument 'ament_cmake_args' from command line to 'None'
[0.286s] Level 5:colcon.colcon_core.verb:set package 'turtlebot3_msgs' build argument 'catkin_cmake_args' from command line to 'None'
[0.286s] Level 5:colcon.colcon_core.verb:set package 'turtlebot3_msgs' build argument 'catkin_skip_building_tests' from command line to 'False'
[0.286s] DEBUG:colcon.colcon_core.verb:Building package 'turtlebot3_msgs' with the following arguments: {'ament_cmake_args': None, 'build_base': '/home/auresol/Documents/work/ros2/WRG2024NextGen/src/build/turtlebot3_msgs', 'catkin_cmake_args': None, 'catkin_skip_building_tests': False, 'cmake_args': None, 'cmake_clean_cache': False, 'cmake_clean_first': False, 'cmake_force_configure': False, 'cmake_target': None, 'cmake_target_skip_unavailable': False, 'install_base': '/home/auresol/Documents/work/ros2/WRG2024NextGen/src/install/turtlebot3_msgs', 'merge_install': False, 'path': '/home/auresol/Documents/work/ros2/WRG2024NextGen/src/turtlebot3_msgs', 'symlink_install': False, 'test_result_base': None}
[0.286s] Level 5:colcon.colcon_core.verb:set package 'turtlebot3_fake_node' build argument 'cmake_args' from command line to 'None'
[0.286s] Level 5:colcon.colcon_core.verb:set package 'turtlebot3_fake_node' build argument 'cmake_target' from command line to 'None'
[0.286s] Level 5:colcon.colcon_core.verb:set package 'turtlebot3_fake_node' build argument 'cmake_target_skip_unavailable' from command line to 'False'
[0.286s] Level 5:colcon.colcon_core.verb:set package 'turtlebot3_fake_node' build argument 'cmake_clean_cache' from command line to 'False'
[0.286s] Level 5:colcon.colcon_core.verb:set package 'turtlebot3_fake_node' build argument 'cmake_clean_first' from command line to 'False'
[0.286s] Level 5:colcon.colcon_core.verb:set package 'turtlebot3_fake_node' build argument 'cmake_force_configure' from command line to 'False'
[0.286s] Level 5:colcon.colcon_core.verb:set package 'turtlebot3_fake_node' build argument 'ament_cmake_args' from command line to 'None'
[0.286s] Level 5:colcon.colcon_core.verb:set package 'turtlebot3_fake_node' build argument 'catkin_cmake_args' from command line to 'None'
[0.286s] Level 5:colcon.colcon_core.verb:set package 'turtlebot3_fake_node' build argument 'catkin_skip_building_tests' from command line to 'False'
[0.286s] DEBUG:colcon.colcon_core.verb:Building package 'turtlebot3_fake_node' with the following arguments: {'ament_cmake_args': None, 'build_base': '/home/auresol/Documents/work/ros2/WRG2024NextGen/src/build/turtlebot3_fake_node', 'catkin_cmake_args': None, 'catkin_skip_building_tests': False, 'cmake_args': None, 'cmake_clean_cache': False, 'cmake_clean_first': False, 'cmake_force_configure': False, 'cmake_target': None, 'cmake_target_skip_unavailable': False, 'install_base': '/home/auresol/Documents/work/ros2/WRG2024NextGen/src/install/turtlebot3_fake_node', 'merge_install': False, 'path': '/home/auresol/Documents/work/ros2/WRG2024NextGen/src/turtlebot3_fake_node', 'symlink_install': False, 'test_result_base': None}
[0.287s] Level 5:colcon.colcon_core.verb:set package 'turtlebot3_simulations' build argument 'cmake_args' from command line to 'None'
[0.287s] Level 5:colcon.colcon_core.verb:set package 'turtlebot3_simulations' build argument 'cmake_target' from command line to 'None'
[0.287s] Level 5:colcon.colcon_core.verb:set package 'turtlebot3_simulations' build argument 'cmake_target_skip_unavailable' from command line to 'False'
[0.287s] Level 5:colcon.colcon_core.verb:set package 'turtlebot3_simulations' build argument 'cmake_clean_cache' from command line to 'False'
[0.287s] Level 5:colcon.colcon_core.verb:set package 'turtlebot3_simulations' build argument 'cmake_clean_first' from command line to 'False'
[0.287s] Level 5:colcon.colcon_core.verb:set package 'turtlebot3_simulations' build argument 'cmake_force_configure' from command line to 'False'
[0.287s] Level 5:colcon.colcon_core.verb:set package 'turtlebot3_simulations' build argument 'ament_cmake_args' from command line to 'None'
[0.287s] Level 5:colcon.colcon_core.verb:set package 'turtlebot3_simulations' build argument 'catkin_cmake_args' from command line to 'None'
[0.287s] Level 5:colcon.colcon_core.verb:set package 'turtlebot3_simulations' build argument 'catkin_skip_building_tests' from command line to 'False'
[0.287s] DEBUG:colcon.colcon_core.verb:Building package 'turtlebot3_simulations' with the following arguments: {'ament_cmake_args': None, 'build_base': '/home/auresol/Documents/work/ros2/WRG2024NextGen/src/build/turtlebot3_simulations', 'catkin_cmake_args': None, 'catkin_skip_building_tests': False, 'cmake_args': None, 'cmake_clean_cache': False, 'cmake_clean_first': False, 'cmake_force_configure': False, 'cmake_target': None, 'cmake_target_skip_unavailable': False, 'install_base': '/home/auresol/Documents/work/ros2/WRG2024NextGen/src/install/turtlebot3_simulations', 'merge_install': False, 'path': '/home/auresol/Documents/work/ros2/WRG2024NextGen/src/turtlebot3_simulations', 'symlink_install': False, 'test_result_base': None}
[0.287s] INFO:colcon.colcon_core.executor:Executing jobs using 'parallel' executor
[0.288s] DEBUG:colcon.colcon_parallel_executor.executor.parallel:run_until_complete
[0.288s] INFO:colcon.colcon_ros.task.ament_cmake.build:Building ROS package in '/home/auresol/Documents/work/ros2/WRG2024NextGen/src/turtlebot3_msgs' with build type 'ament_cmake'
[0.288s] INFO:colcon.colcon_cmake.task.cmake.build:Building CMake package in '/home/auresol/Documents/work/ros2/WRG2024NextGen/src/turtlebot3_msgs'
[0.290s] INFO:colcon.colcon_core.plugin_system:Skipping extension 'colcon_core.shell.bat': Not used on non-Windows systems
[0.290s] INFO:colcon.colcon_core.shell:Skip shell extension 'powershell' for command environment: Not usable outside of PowerShell
[0.290s] DEBUG:colcon.colcon_core.shell:Skip shell extension 'dsv' for command environment
[0.294s] INFO:colcon.colcon_ros.task.ament_cmake.build:Building ROS package in '/home/auresol/Documents/work/ros2/WRG2024NextGen/src/turtlebot3_gazebo' with build type 'ament_cmake'
[0.294s] INFO:colcon.colcon_cmake.task.cmake.build:Building CMake package in '/home/auresol/Documents/work/ros2/WRG2024NextGen/src/turtlebot3_gazebo'
[0.294s] INFO:colcon.colcon_core.shell:Skip shell extension 'powershell' for command environment: Not usable outside of PowerShell
[0.294s] DEBUG:colcon.colcon_core.shell:Skip shell extension 'dsv' for command environment
[0.304s] DEBUG:colcon.colcon_core.event_handler.log_command:Invoking command in '/home/auresol/Documents/work/ros2/WRG2024NextGen/src/build/turtlebot3_msgs': CMAKE_PREFIX_PATH=${CMAKE_PREFIX_PATH}:/home/auresol/Documents/ros2/install/py_pkg_test:/opt/ros/humble /usr/bin/cmake /home/auresol/Documents/work/ros2/WRG2024NextGen/src/turtlebot3_msgs -DCMAKE_INSTALL_PREFIX=/home/auresol/Documents/work/ros2/WRG2024NextGen/src/install/turtlebot3_msgs
[0.309s] DEBUG:colcon.colcon_core.event_handler.log_command:Invoking command in '/home/auresol/Documents/work/ros2/WRG2024NextGen/src/build/turtlebot3_gazebo': CMAKE_PREFIX_PATH=${CMAKE_PREFIX_PATH}:/home/auresol/Documents/ros2/install/py_pkg_test:/opt/ros/humble /usr/bin/cmake --build /home/auresol/Documents/work/ros2/WRG2024NextGen/src/build/turtlebot3_gazebo -- -j8 -l8
[0.431s] DEBUG:colcon.colcon_core.event_handler.log_command:Invoked command in '/home/auresol/Documents/work/ros2/WRG2024NextGen/src/build/turtlebot3_gazebo' returned '0': CMAKE_PREFIX_PATH=${CMAKE_PREFIX_PATH}:/home/auresol/Documents/ros2/install/py_pkg_test:/opt/ros/humble /usr/bin/cmake --build /home/auresol/Documents/work/ros2/WRG2024NextGen/src/build/turtlebot3_gazebo -- -j8 -l8
[0.479s] DEBUG:colcon.colcon_core.event_handler.log_command:Invoking command in '/home/auresol/Documents/work/ros2/WRG2024NextGen/src/build/turtlebot3_gazebo': CMAKE_PREFIX_PATH=${CMAKE_PREFIX_PATH}:/home/auresol/Documents/ros2/install/py_pkg_test:/opt/ros/humble /usr/bin/cmake --install /home/auresol/Documents/work/ros2/WRG2024NextGen/src/build/turtlebot3_gazebo
[0.496s] Level 1:colcon.colcon_core.environment:create_environment_scripts_only(turtlebot3_gazebo)
[0.497s] DEBUG:colcon.colcon_core.event_handler.log_command:Invoked command in '/home/auresol/Documents/work/ros2/WRG2024NextGen/src/build/turtlebot3_gazebo' returned '0': CMAKE_PREFIX_PATH=${CMAKE_PREFIX_PATH}:/home/auresol/Documents/ros2/install/py_pkg_test:/opt/ros/humble /usr/bin/cmake --install /home/auresol/Documents/work/ros2/WRG2024NextGen/src/build/turtlebot3_gazebo
[0.499s] Level 1:colcon.colcon_core.environment:checking '/home/auresol/Documents/work/ros2/WRG2024NextGen/src/install/turtlebot3_gazebo' for CMake module files
[0.499s] Level 1:colcon.colcon_core.environment:checking '/home/auresol/Documents/work/ros2/WRG2024NextGen/src/install/turtlebot3_gazebo' for CMake config files
[0.499s] Level 1:colcon.colcon_core.shell:create_environment_hook('turtlebot3_gazebo', 'cmake_prefix_path')
[0.499s] INFO:colcon.colcon_core.shell:Creating environment hook '/home/auresol/Documents/work/ros2/WRG2024NextGen/src/install/turtlebot3_gazebo/share/turtlebot3_gazebo/hook/cmake_prefix_path.ps1'
[0.500s] INFO:colcon.colcon_core.shell:Creating environment descriptor '/home/auresol/Documents/work/ros2/WRG2024NextGen/src/install/turtlebot3_gazebo/share/turtlebot3_gazebo/hook/cmake_prefix_path.dsv'
[0.500s] INFO:colcon.colcon_core.shell:Creating environment hook '/home/auresol/Documents/work/ros2/WRG2024NextGen/src/install/turtlebot3_gazebo/share/turtlebot3_gazebo/hook/cmake_prefix_path.sh'
[0.501s] Level 1:colcon.colcon_core.environment:checking '/home/auresol/Documents/work/ros2/WRG2024NextGen/src/install/turtlebot3_gazebo/lib'
[0.501s] Level 1:colcon.colcon_core.environment:checking '/home/auresol/Documents/work/ros2/WRG2024NextGen/src/install/turtlebot3_gazebo/bin'
[0.501s] Level 1:colcon.colcon_core.environment:checking '/home/auresol/Documents/work/ros2/WRG2024NextGen/src/install/turtlebot3_gazebo/lib/pkgconfig/turtlebot3_gazebo.pc'
[0.501s] Level 1:colcon.colcon_core.environment:checking '/home/auresol/Documents/work/ros2/WRG2024NextGen/src/install/turtlebot3_gazebo/lib/python3.10/site-packages'
[0.501s] Level 1:colcon.colcon_core.environment:checking '/home/auresol/Documents/work/ros2/WRG2024NextGen/src/install/turtlebot3_gazebo/bin'
[0.502s] INFO:colcon.colcon_core.shell:Creating package script '/home/auresol/Documents/work/ros2/WRG2024NextGen/src/install/turtlebot3_gazebo/share/turtlebot3_gazebo/package.ps1'
[0.502s] INFO:colcon.colcon_core.shell:Creating package descriptor '/home/auresol/Documents/work/ros2/WRG2024NextGen/src/install/turtlebot3_gazebo/share/turtlebot3_gazebo/package.dsv'
[0.503s] INFO:colcon.colcon_core.shell:Creating package script '/home/auresol/Documents/work/ros2/WRG2024NextGen/src/install/turtlebot3_gazebo/share/turtlebot3_gazebo/package.sh'
[0.503s] INFO:colcon.colcon_core.shell:Creating package script '/home/auresol/Documents/work/ros2/WRG2024NextGen/src/install/turtlebot3_gazebo/share/turtlebot3_gazebo/package.bash'
[0.504s] INFO:colcon.colcon_core.shell:Creating package script '/home/auresol/Documents/work/ros2/WRG2024NextGen/src/install/turtlebot3_gazebo/share/turtlebot3_gazebo/package.zsh'
[0.504s] Level 1:colcon.colcon_core.environment:create_file_with_runtime_dependencies(/home/auresol/Documents/work/ros2/WRG2024NextGen/src/install/turtlebot3_gazebo/share/colcon-core/packages/turtlebot3_gazebo)
[0.538s] Level 1:colcon.colcon_core.environment:create_environment_scripts_only(turtlebot3_gazebo)
[0.538s] Level 1:colcon.colcon_core.environment:checking '/home/auresol/Documents/work/ros2/WRG2024NextGen/src/install/turtlebot3_gazebo' for CMake module files
[0.539s] Level 1:colcon.colcon_core.environment:checking '/home/auresol/Documents/work/ros2/WRG2024NextGen/src/install/turtlebot3_gazebo' for CMake config files
[0.539s] Level 1:colcon.colcon_core.shell:create_environment_hook('turtlebot3_gazebo', 'cmake_prefix_path')
[0.539s] INFO:colcon.colcon_core.shell:Creating environment hook '/home/auresol/Documents/work/ros2/WRG2024NextGen/src/install/turtlebot3_gazebo/share/turtlebot3_gazebo/hook/cmake_prefix_path.ps1'
[0.540s] INFO:colcon.colcon_core.shell:Creating environment descriptor '/home/auresol/Documents/work/ros2/WRG2024NextGen/src/install/turtlebot3_gazebo/share/turtlebot3_gazebo/hook/cmake_prefix_path.dsv'
[0.540s] INFO:colcon.colcon_core.shell:Creating environment hook '/home/auresol/Documents/work/ros2/WRG2024NextGen/src/install/turtlebot3_gazebo/share/turtlebot3_gazebo/hook/cmake_prefix_path.sh'
[0.540s] Level 1:colcon.colcon_core.environment:checking '/home/auresol/Documents/work/ros2/WRG2024NextGen/src/install/turtlebot3_gazebo/lib'
[0.540s] Level 1:colcon.colcon_core.environment:checking '/home/auresol/Documents/work/ros2/WRG2024NextGen/src/install/turtlebot3_gazebo/bin'
[0.540s] Level 1:colcon.colcon_core.environment:checking '/home/auresol/Documents/work/ros2/WRG2024NextGen/src/install/turtlebot3_gazebo/lib/pkgconfig/turtlebot3_gazebo.pc'
[0.540s] Level 1:colcon.colcon_core.environment:checking '/home/auresol/Documents/work/ros2/WRG2024NextGen/src/install/turtlebot3_gazebo/lib/python3.10/site-packages'
[0.541s] Level 1:colcon.colcon_core.environment:checking '/home/auresol/Documents/work/ros2/WRG2024NextGen/src/install/turtlebot3_gazebo/bin'
[0.541s] INFO:colcon.colcon_core.shell:Creating package script '/home/auresol/Documents/work/ros2/WRG2024NextGen/src/install/turtlebot3_gazebo/share/turtlebot3_gazebo/package.ps1'
[0.541s] INFO:colcon.colcon_core.shell:Creating package descriptor '/home/auresol/Documents/work/ros2/WRG2024NextGen/src/install/turtlebot3_gazebo/share/turtlebot3_gazebo/package.dsv'
[0.542s] INFO:colcon.colcon_core.shell:Creating package script '/home/auresol/Documents/work/ros2/WRG2024NextGen/src/install/turtlebot3_gazebo/share/turtlebot3_gazebo/package.sh'
[0.542s] INFO:colcon.colcon_core.shell:Creating package script '/home/auresol/Documents/work/ros2/WRG2024NextGen/src/install/turtlebot3_gazebo/share/turtlebot3_gazebo/package.bash'
[0.542s] INFO:colcon.colcon_core.shell:Creating package script '/home/auresol/Documents/work/ros2/WRG2024NextGen/src/install/turtlebot3_gazebo/share/turtlebot3_gazebo/package.zsh'
[0.542s] Level 1:colcon.colcon_core.environment:create_file_with_runtime_dependencies(/home/auresol/Documents/work/ros2/WRG2024NextGen/src/install/turtlebot3_gazebo/share/colcon-core/packages/turtlebot3_gazebo)
[2.480s] DEBUG:colcon.colcon_core.event_handler.log_command:Invoked command in '/home/auresol/Documents/work/ros2/WRG2024NextGen/src/build/turtlebot3_msgs' returned '0': CMAKE_PREFIX_PATH=${CMAKE_PREFIX_PATH}:/home/auresol/Documents/ros2/install/py_pkg_test:/opt/ros/humble /usr/bin/cmake /home/auresol/Documents/work/ros2/WRG2024NextGen/src/turtlebot3_msgs -DCMAKE_INSTALL_PREFIX=/home/auresol/Documents/work/ros2/WRG2024NextGen/src/install/turtlebot3_msgs
[2.483s] DEBUG:colcon.colcon_core.event_handler.log_command:Invoking command in '/home/auresol/Documents/work/ros2/WRG2024NextGen/src/build/turtlebot3_msgs': CMAKE_PREFIX_PATH=${CMAKE_PREFIX_PATH}:/home/auresol/Documents/ros2/install/py_pkg_test:/opt/ros/humble /usr/bin/cmake --build /home/auresol/Documents/work/ros2/WRG2024NextGen/src/build/turtlebot3_msgs -- -j8 -l8
[7.729s] DEBUG:colcon.colcon_core.event_handler.log_command:Invoked command in '/home/auresol/Documents/work/ros2/WRG2024NextGen/src/build/turtlebot3_msgs' returned '0': CMAKE_PREFIX_PATH=${CMAKE_PREFIX_PATH}:/home/auresol/Documents/ros2/install/py_pkg_test:/opt/ros/humble /usr/bin/cmake --build /home/auresol/Documents/work/ros2/WRG2024NextGen/src/build/turtlebot3_msgs -- -j8 -l8
[7.887s] DEBUG:colcon.colcon_core.event_handler.log_command:Invoking command in '/home/auresol/Documents/work/ros2/WRG2024NextGen/src/build/turtlebot3_msgs': CMAKE_PREFIX_PATH=${CMAKE_PREFIX_PATH}:/home/auresol/Documents/ros2/install/py_pkg_test:/opt/ros/humble /usr/bin/cmake --install /home/auresol/Documents/work/ros2/WRG2024NextGen/src/build/turtlebot3_msgs
[7.969s] Level 1:colcon.colcon_core.environment:create_environment_scripts_only(turtlebot3_msgs)
[7.969s] Level 1:colcon.colcon_core.environment:checking '/home/auresol/Documents/work/ros2/WRG2024NextGen/src/install/turtlebot3_msgs' for CMake module files
[7.970s] DEBUG:colcon.colcon_core.event_handler.log_command:Invoked command in '/home/auresol/Documents/work/ros2/WRG2024NextGen/src/build/turtlebot3_msgs' returned '0': CMAKE_PREFIX_PATH=${CMAKE_PREFIX_PATH}:/home/auresol/Documents/ros2/install/py_pkg_test:/opt/ros/humble /usr/bin/cmake --install /home/auresol/Documents/work/ros2/WRG2024NextGen/src/build/turtlebot3_msgs
[7.971s] Level 1:colcon.colcon_core.environment:checking '/home/auresol/Documents/work/ros2/WRG2024NextGen/src/install/turtlebot3_msgs' for CMake config files
[7.972s] Level 1:colcon.colcon_core.shell:create_environment_hook('turtlebot3_msgs', 'cmake_prefix_path')
[7.972s] INFO:colcon.colcon_core.shell:Creating environment hook '/home/auresol/Documents/work/ros2/WRG2024NextGen/src/install/turtlebot3_msgs/share/turtlebot3_msgs/hook/cmake_prefix_path.ps1'
[7.973s] INFO:colcon.colcon_core.shell:Creating environment descriptor '/home/auresol/Documents/work/ros2/WRG2024NextGen/src/install/turtlebot3_msgs/share/turtlebot3_msgs/hook/cmake_prefix_path.dsv'
[7.973s] INFO:colcon.colcon_core.shell:Creating environment hook '/home/auresol/Documents/work/ros2/WRG2024NextGen/src/install/turtlebot3_msgs/share/turtlebot3_msgs/hook/cmake_prefix_path.sh'
[7.974s] Level 1:colcon.colcon_core.environment:checking '/home/auresol/Documents/work/ros2/WRG2024NextGen/src/install/turtlebot3_msgs/lib'
[7.974s] Level 1:colcon.colcon_core.shell:create_environment_hook('turtlebot3_msgs', 'ld_library_path_lib')
[7.974s] INFO:colcon.colcon_core.shell:Creating environment hook '/home/auresol/Documents/work/ros2/WRG2024NextGen/src/install/turtlebot3_msgs/share/turtlebot3_msgs/hook/ld_library_path_lib.ps1'
[7.975s] INFO:colcon.colcon_core.shell:Creating environment descriptor '/home/auresol/Documents/work/ros2/WRG2024NextGen/src/install/turtlebot3_msgs/share/turtlebot3_msgs/hook/ld_library_path_lib.dsv'
[7.976s] INFO:colcon.colcon_core.shell:Creating environment hook '/home/auresol/Documents/work/ros2/WRG2024NextGen/src/install/turtlebot3_msgs/share/turtlebot3_msgs/hook/ld_library_path_lib.sh'
[7.976s] Level 1:colcon.colcon_core.environment:checking '/home/auresol/Documents/work/ros2/WRG2024NextGen/src/install/turtlebot3_msgs/bin'
[7.976s] Level 1:colcon.colcon_core.environment:checking '/home/auresol/Documents/work/ros2/WRG2024NextGen/src/install/turtlebot3_msgs/lib/pkgconfig/turtlebot3_msgs.pc'
[7.977s] Level 1:colcon.colcon_core.environment:checking '/home/auresol/Documents/work/ros2/WRG2024NextGen/src/install/turtlebot3_msgs/lib/python3.10/site-packages'
[7.977s] Level 1:colcon.colcon_core.environment:checking '/home/auresol/Documents/work/ros2/WRG2024NextGen/src/install/turtlebot3_msgs/bin'
[7.978s] INFO:colcon.colcon_core.shell:Creating package script '/home/auresol/Documents/work/ros2/WRG2024NextGen/src/install/turtlebot3_msgs/share/turtlebot3_msgs/package.ps1'
[7.979s] INFO:colcon.colcon_core.shell:Creating package descriptor '/home/auresol/Documents/work/ros2/WRG2024NextGen/src/install/turtlebot3_msgs/share/turtlebot3_msgs/package.dsv'
[7.979s] INFO:colcon.colcon_core.shell:Creating package script '/home/auresol/Documents/work/ros2/WRG2024NextGen/src/install/turtlebot3_msgs/share/turtlebot3_msgs/package.sh'
[7.980s] INFO:colcon.colcon_core.shell:Creating package script '/home/auresol/Documents/work/ros2/WRG2024NextGen/src/install/turtlebot3_msgs/share/turtlebot3_msgs/package.bash'
[7.981s] INFO:colcon.colcon_core.shell:Creating package script '/home/auresol/Documents/work/ros2/WRG2024NextGen/src/install/turtlebot3_msgs/share/turtlebot3_msgs/package.zsh'
[7.981s] Level 1:colcon.colcon_core.environment:create_file_with_runtime_dependencies(/home/auresol/Documents/work/ros2/WRG2024NextGen/src/install/turtlebot3_msgs/share/colcon-core/packages/turtlebot3_msgs)
[8.203s] Level 1:colcon.colcon_core.environment:create_environment_scripts_only(turtlebot3_msgs)
[8.204s] Level 1:colcon.colcon_core.environment:checking '/home/auresol/Documents/work/ros2/WRG2024NextGen/src/install/turtlebot3_msgs' for CMake module files
[8.205s] Level 1:colcon.colcon_core.environment:checking '/home/auresol/Documents/work/ros2/WRG2024NextGen/src/install/turtlebot3_msgs' for CMake config files
[8.206s] Level 1:colcon.colcon_core.shell:create_environment_hook('turtlebot3_msgs', 'cmake_prefix_path')
[8.206s] INFO:colcon.colcon_core.shell:Creating environment hook '/home/auresol/Documents/work/ros2/WRG2024NextGen/src/install/turtlebot3_msgs/share/turtlebot3_msgs/hook/cmake_prefix_path.ps1'
[8.207s] INFO:colcon.colcon_core.shell:Creating environment descriptor '/home/auresol/Documents/work/ros2/WRG2024NextGen/src/install/turtlebot3_msgs/share/turtlebot3_msgs/hook/cmake_prefix_path.dsv'
[8.207s] INFO:colcon.colcon_core.shell:Creating environment hook '/home/auresol/Documents/work/ros2/WRG2024NextGen/src/install/turtlebot3_msgs/share/turtlebot3_msgs/hook/cmake_prefix_path.sh'
[8.208s] Level 1:colcon.colcon_core.environment:checking '/home/auresol/Documents/work/ros2/WRG2024NextGen/src/install/turtlebot3_msgs/lib'
[8.208s] Level 1:colcon.colcon_core.shell:create_environment_hook('turtlebot3_msgs', 'ld_library_path_lib')
[8.209s] INFO:colcon.colcon_core.shell:Creating environment hook '/home/auresol/Documents/work/ros2/WRG2024NextGen/src/install/turtlebot3_msgs/share/turtlebot3_msgs/hook/ld_library_path_lib.ps1'
[8.209s] INFO:colcon.colcon_core.shell:Creating environment descriptor '/home/auresol/Documents/work/ros2/WRG2024NextGen/src/install/turtlebot3_msgs/share/turtlebot3_msgs/hook/ld_library_path_lib.dsv'
[8.210s] INFO:colcon.colcon_core.shell:Creating environment hook '/home/auresol/Documents/work/ros2/WRG2024NextGen/src/install/turtlebot3_msgs/share/turtlebot3_msgs/hook/ld_library_path_lib.sh'
[8.210s] Level 1:colcon.colcon_core.environment:checking '/home/auresol/Documents/work/ros2/WRG2024NextGen/src/install/turtlebot3_msgs/bin'
[8.210s] Level 1:colcon.colcon_core.environment:checking '/home/auresol/Documents/work/ros2/WRG2024NextGen/src/install/turtlebot3_msgs/lib/pkgconfig/turtlebot3_msgs.pc'
[8.211s] Level 1:colcon.colcon_core.environment:checking '/home/auresol/Documents/work/ros2/WRG2024NextGen/src/install/turtlebot3_msgs/lib/python3.10/site-packages'
[8.211s] Level 1:colcon.colcon_core.environment:checking '/home/auresol/Documents/work/ros2/WRG2024NextGen/src/install/turtlebot3_msgs/bin'
[8.212s] INFO:colcon.colcon_core.shell:Creating package script '/home/auresol/Documents/work/ros2/WRG2024NextGen/src/install/turtlebot3_msgs/share/turtlebot3_msgs/package.ps1'
[8.213s] INFO:colcon.colcon_core.shell:Creating package descriptor '/home/auresol/Documents/work/ros2/WRG2024NextGen/src/install/turtlebot3_msgs/share/turtlebot3_msgs/package.dsv'
[8.214s] INFO:colcon.colcon_core.shell:Creating package script '/home/auresol/Documents/work/ros2/WRG2024NextGen/src/install/turtlebot3_msgs/share/turtlebot3_msgs/package.sh'
[8.215s] INFO:colcon.colcon_core.shell:Creating package script '/home/auresol/Documents/work/ros2/WRG2024NextGen/src/install/turtlebot3_msgs/share/turtlebot3_msgs/package.bash'
[8.215s] INFO:colcon.colcon_core.shell:Creating package script '/home/auresol/Documents/work/ros2/WRG2024NextGen/src/install/turtlebot3_msgs/share/turtlebot3_msgs/package.zsh'
[8.216s] Level 1:colcon.colcon_core.environment:create_file_with_runtime_dependencies(/home/auresol/Documents/work/ros2/WRG2024NextGen/src/install/turtlebot3_msgs/share/colcon-core/packages/turtlebot3_msgs)
[8.217s] INFO:colcon.colcon_ros.task.ament_cmake.build:Building ROS package in '/home/auresol/Documents/work/ros2/WRG2024NextGen/src/turtlebot3_fake_node' with build type 'ament_cmake'
[8.217s] INFO:colcon.colcon_cmake.task.cmake.build:Building CMake package in '/home/auresol/Documents/work/ros2/WRG2024NextGen/src/turtlebot3_fake_node'
[8.217s] INFO:colcon.colcon_core.shell:Skip shell extension 'powershell' for command environment: Not usable outside of PowerShell
[8.217s] DEBUG:colcon.colcon_core.shell:Skip shell extension 'dsv' for command environment
[8.232s] DEBUG:colcon.colcon_core.event_handler.log_command:Invoking command in '/home/auresol/Documents/work/ros2/WRG2024NextGen/src/build/turtlebot3_fake_node': AMENT_PREFIX_PATH=/home/auresol/Documents/work/ros2/WRG2024NextGen/src/install/turtlebot3_msgs:${AMENT_PREFIX_PATH} CMAKE_PREFIX_PATH=/home/auresol/Documents/work/ros2/WRG2024NextGen/src/install/turtlebot3_msgs:/home/auresol/Documents/work/ros2/WRG2024NextGen/src/install/turtlebot3_simulations:/home/auresol/Documents/work/ros2/WRG2024NextGen/src/install/turtlebot3_gazebo:/home/auresol/Documents/ros2/install/robot_bringup:/home/auresol/Documents/ros2/install/my_robot_description:/home/auresol/Documents/ros2/install/custom_interface:/home/auresol/Documents/ros2/install/cpp-test:/home/auresol/Documents/ros2/install/py_pkg_test:/opt/ros/humble LD_LIBRARY_PATH=/home/auresol/Documents/work/ros2/WRG2024NextGen/src/install/turtlebot3_msgs/lib:/home/auresol/Documents/ros2/install/custom_interface/lib:/usr/lib/x86_64-linux-gnu/gazebo-11/plugins:/opt/ros/humble/opt/rviz_ogre_vendor/lib:/opt/ros/humble/lib/x86_64-linux-gnu:/opt/ros/humble/lib:/usr/share/gazebo/../../lib/x86_64-linux-gnu/gazebo-11/plugins:/usr/share/gazebo/../../lib/x86_64-linux-gnu/gazebo-11/plugins:/usr/share/gazebo/../../lib/x86_64-linux-gnu/gazebo-11/plugins:/usr/share/gazebo/../../lib/x86_64-linux-gnu/gazebo-11/plugins:/usr/share/gazebo/../../lib/x86_64-linux-gnu/gazebo-11/plugins:/usr/share/gazebo/../../lib/x86_64-linux-gnu/gazebo-11/plugins PYTHONPATH=/home/auresol/Documents/work/ros2/WRG2024NextGen/src/install/turtlebot3_msgs/local/lib/python3.10/dist-packages:${PYTHONPATH} /usr/bin/cmake /home/auresol/Documents/work/ros2/WRG2024NextGen/src/turtlebot3_fake_node -DCMAKE_INSTALL_PREFIX=/home/auresol/Documents/work/ros2/WRG2024NextGen/src/install/turtlebot3_fake_node
[9.282s] DEBUG:colcon.colcon_core.event_handler.log_command:Invoked command in '/home/auresol/Documents/work/ros2/WRG2024NextGen/src/build/turtlebot3_fake_node' returned '0': AMENT_PREFIX_PATH=/home/auresol/Documents/work/ros2/WRG2024NextGen/src/install/turtlebot3_msgs:${AMENT_PREFIX_PATH} CMAKE_PREFIX_PATH=/home/auresol/Documents/work/ros2/WRG2024NextGen/src/install/turtlebot3_msgs:/home/auresol/Documents/work/ros2/WRG2024NextGen/src/install/turtlebot3_simulations:/home/auresol/Documents/work/ros2/WRG2024NextGen/src/install/turtlebot3_gazebo:/home/auresol/Documents/ros2/install/robot_bringup:/home/auresol/Documents/ros2/install/my_robot_description:/home/auresol/Documents/ros2/install/custom_interface:/home/auresol/Documents/ros2/install/cpp-test:/home/auresol/Documents/ros2/install/py_pkg_test:/opt/ros/humble LD_LIBRARY_PATH=/home/auresol/Documents/work/ros2/WRG2024NextGen/src/install/turtlebot3_msgs/lib:/home/auresol/Documents/ros2/install/custom_interface/lib:/usr/lib/x86_64-linux-gnu/gazebo-11/plugins:/opt/ros/humble/opt/rviz_ogre_vendor/lib:/opt/ros/humble/lib/x86_64-linux-gnu:/opt/ros/humble/lib:/usr/share/gazebo/../../lib/x86_64-linux-gnu/gazebo-11/plugins:/usr/share/gazebo/../../lib/x86_64-linux-gnu/gazebo-11/plugins:/usr/share/gazebo/../../lib/x86_64-linux-gnu/gazebo-11/plugins:/usr/share/gazebo/../../lib/x86_64-linux-gnu/gazebo-11/plugins:/usr/share/gazebo/../../lib/x86_64-linux-gnu/gazebo-11/plugins:/usr/share/gazebo/../../lib/x86_64-linux-gnu/gazebo-11/plugins PYTHONPATH=/home/auresol/Documents/work/ros2/WRG2024NextGen/src/install/turtlebot3_msgs/local/lib/python3.10/dist-packages:${PYTHONPATH} /usr/bin/cmake /home/auresol/Documents/work/ros2/WRG2024NextGen/src/turtlebot3_fake_node -DCMAKE_INSTALL_PREFIX=/home/auresol/Documents/work/ros2/WRG2024NextGen/src/install/turtlebot3_fake_node
[9.284s] DEBUG:colcon.colcon_core.event_handler.log_command:Invoking command in '/home/auresol/Documents/work/ros2/WRG2024NextGen/src/build/turtlebot3_fake_node': AMENT_PREFIX_PATH=/home/auresol/Documents/work/ros2/WRG2024NextGen/src/install/turtlebot3_msgs:${AMENT_PREFIX_PATH} CMAKE_PREFIX_PATH=/home/auresol/Documents/work/ros2/WRG2024NextGen/src/install/turtlebot3_msgs:/home/auresol/Documents/work/ros2/WRG2024NextGen/src/install/turtlebot3_simulations:/home/auresol/Documents/work/ros2/WRG2024NextGen/src/install/turtlebot3_gazebo:/home/auresol/Documents/ros2/install/robot_bringup:/home/auresol/Documents/ros2/install/my_robot_description:/home/auresol/Documents/ros2/install/custom_interface:/home/auresol/Documents/ros2/install/cpp-test:/home/auresol/Documents/ros2/install/py_pkg_test:/opt/ros/humble LD_LIBRARY_PATH=/home/auresol/Documents/work/ros2/WRG2024NextGen/src/install/turtlebot3_msgs/lib:/home/auresol/Documents/ros2/install/custom_interface/lib:/usr/lib/x86_64-linux-gnu/gazebo-11/plugins:/opt/ros/humble/opt/rviz_ogre_vendor/lib:/opt/ros/humble/lib/x86_64-linux-gnu:/opt/ros/humble/lib:/usr/share/gazebo/../../lib/x86_64-linux-gnu/gazebo-11/plugins:/usr/share/gazebo/../../lib/x86_64-linux-gnu/gazebo-11/plugins:/usr/share/gazebo/../../lib/x86_64-linux-gnu/gazebo-11/plugins:/usr/share/gazebo/../../lib/x86_64-linux-gnu/gazebo-11/plugins:/usr/share/gazebo/../../lib/x86_64-linux-gnu/gazebo-11/plugins:/usr/share/gazebo/../../lib/x86_64-linux-gnu/gazebo-11/plugins PYTHONPATH=/home/auresol/Documents/work/ros2/WRG2024NextGen/src/install/turtlebot3_msgs/local/lib/python3.10/dist-packages:${PYTHONPATH} /usr/bin/cmake --build /home/auresol/Documents/work/ros2/WRG2024NextGen/src/build/turtlebot3_fake_node -- -j8 -l8
[17.346s] DEBUG:colcon.colcon_core.event_handler.log_command:Invoked command in '/home/auresol/Documents/work/ros2/WRG2024NextGen/src/build/turtlebot3_fake_node' returned '0': AMENT_PREFIX_PATH=/home/auresol/Documents/work/ros2/WRG2024NextGen/src/install/turtlebot3_msgs:${AMENT_PREFIX_PATH} CMAKE_PREFIX_PATH=/home/auresol/Documents/work/ros2/WRG2024NextGen/src/install/turtlebot3_msgs:/home/auresol/Documents/work/ros2/WRG2024NextGen/src/install/turtlebot3_simulations:/home/auresol/Documents/work/ros2/WRG2024NextGen/src/install/turtlebot3_gazebo:/home/auresol/Documents/ros2/install/robot_bringup:/home/auresol/Documents/ros2/install/my_robot_description:/home/auresol/Documents/ros2/install/custom_interface:/home/auresol/Documents/ros2/install/cpp-test:/home/auresol/Documents/ros2/install/py_pkg_test:/opt/ros/humble LD_LIBRARY_PATH=/home/auresol/Documents/work/ros2/WRG2024NextGen/src/install/turtlebot3_msgs/lib:/home/auresol/Documents/ros2/install/custom_interface/lib:/usr/lib/x86_64-linux-gnu/gazebo-11/plugins:/opt/ros/humble/opt/rviz_ogre_vendor/lib:/opt/ros/humble/lib/x86_64-linux-gnu:/opt/ros/humble/lib:/usr/share/gazebo/../../lib/x86_64-linux-gnu/gazebo-11/plugins:/usr/share/gazebo/../../lib/x86_64-linux-gnu/gazebo-11/plugins:/usr/share/gazebo/../../lib/x86_64-linux-gnu/gazebo-11/plugins:/usr/share/gazebo/../../lib/x86_64-linux-gnu/gazebo-11/plugins:/usr/share/gazebo/../../lib/x86_64-linux-gnu/gazebo-11/plugins:/usr/share/gazebo/../../lib/x86_64-linux-gnu/gazebo-11/plugins PYTHONPATH=/home/auresol/Documents/work/ros2/WRG2024NextGen/src/install/turtlebot3_msgs/local/lib/python3.10/dist-packages:${PYTHONPATH} /usr/bin/cmake --build /home/auresol/Documents/work/ros2/WRG2024NextGen/src/build/turtlebot3_fake_node -- -j8 -l8
[17.379s] DEBUG:colcon.colcon_core.event_handler.log_command:Invoking command in '/home/auresol/Documents/work/ros2/WRG2024NextGen/src/build/turtlebot3_fake_node': AMENT_PREFIX_PATH=/home/auresol/Documents/work/ros2/WRG2024NextGen/src/install/turtlebot3_msgs:${AMENT_PREFIX_PATH} CMAKE_PREFIX_PATH=/home/auresol/Documents/work/ros2/WRG2024NextGen/src/install/turtlebot3_msgs:/home/auresol/Documents/work/ros2/WRG2024NextGen/src/install/turtlebot3_simulations:/home/auresol/Documents/work/ros2/WRG2024NextGen/src/install/turtlebot3_gazebo:/home/auresol/Documents/ros2/install/robot_bringup:/home/auresol/Documents/ros2/install/my_robot_description:/home/auresol/Documents/ros2/install/custom_interface:/home/auresol/Documents/ros2/install/cpp-test:/home/auresol/Documents/ros2/install/py_pkg_test:/opt/ros/humble LD_LIBRARY_PATH=/home/auresol/Documents/work/ros2/WRG2024NextGen/src/install/turtlebot3_msgs/lib:/home/auresol/Documents/ros2/install/custom_interface/lib:/usr/lib/x86_64-linux-gnu/gazebo-11/plugins:/opt/ros/humble/opt/rviz_ogre_vendor/lib:/opt/ros/humble/lib/x86_64-linux-gnu:/opt/ros/humble/lib:/usr/share/gazebo/../../lib/x86_64-linux-gnu/gazebo-11/plugins:/usr/share/gazebo/../../lib/x86_64-linux-gnu/gazebo-11/plugins:/usr/share/gazebo/../../lib/x86_64-linux-gnu/gazebo-11/plugins:/usr/share/gazebo/../../lib/x86_64-linux-gnu/gazebo-11/plugins:/usr/share/gazebo/../../lib/x86_64-linux-gnu/gazebo-11/plugins:/usr/share/gazebo/../../lib/x86_64-linux-gnu/gazebo-11/plugins PYTHONPATH=/home/auresol/Documents/work/ros2/WRG2024NextGen/src/install/turtlebot3_msgs/local/lib/python3.10/dist-packages:${PYTHONPATH} /usr/bin/cmake --install /home/auresol/Documents/work/ros2/WRG2024NextGen/src/build/turtlebot3_fake_node
[17.404s] Level 1:colcon.colcon_core.environment:create_environment_scripts_only(turtlebot3_fake_node)
[17.404s] Level 1:colcon.colcon_core.environment:checking '/home/auresol/Documents/work/ros2/WRG2024NextGen/src/install/turtlebot3_fake_node' for CMake module files
[17.404s] DEBUG:colcon.colcon_core.event_handler.log_command:Invoked command in '/home/auresol/Documents/work/ros2/WRG2024NextGen/src/build/turtlebot3_fake_node' returned '0': AMENT_PREFIX_PATH=/home/auresol/Documents/work/ros2/WRG2024NextGen/src/install/turtlebot3_msgs:${AMENT_PREFIX_PATH} CMAKE_PREFIX_PATH=/home/auresol/Documents/work/ros2/WRG2024NextGen/src/install/turtlebot3_msgs:/home/auresol/Documents/work/ros2/WRG2024NextGen/src/install/turtlebot3_simulations:/home/auresol/Documents/work/ros2/WRG2024NextGen/src/install/turtlebot3_gazebo:/home/auresol/Documents/ros2/install/robot_bringup:/home/auresol/Documents/ros2/install/my_robot_description:/home/auresol/Documents/ros2/install/custom_interface:/home/auresol/Documents/ros2/install/cpp-test:/home/auresol/Documents/ros2/install/py_pkg_test:/opt/ros/humble LD_LIBRARY_PATH=/home/auresol/Documents/work/ros2/WRG2024NextGen/src/install/turtlebot3_msgs/lib:/home/auresol/Documents/ros2/install/custom_interface/lib:/usr/lib/x86_64-linux-gnu/gazebo-11/plugins:/opt/ros/humble/opt/rviz_ogre_vendor/lib:/opt/ros/humble/lib/x86_64-linux-gnu:/opt/ros/humble/lib:/usr/share/gazebo/../../lib/x86_64-linux-gnu/gazebo-11/plugins:/usr/share/gazebo/../../lib/x86_64-linux-gnu/gazebo-11/plugins:/usr/share/gazebo/../../lib/x86_64-linux-gnu/gazebo-11/plugins:/usr/share/gazebo/../../lib/x86_64-linux-gnu/gazebo-11/plugins:/usr/share/gazebo/../../lib/x86_64-linux-gnu/gazebo-11/plugins:/usr/share/gazebo/../../lib/x86_64-linux-gnu/gazebo-11/plugins PYTHONPATH=/home/auresol/Documents/work/ros2/WRG2024NextGen/src/install/turtlebot3_msgs/local/lib/python3.10/dist-packages:${PYTHONPATH} /usr/bin/cmake --install /home/auresol/Documents/work/ros2/WRG2024NextGen/src/build/turtlebot3_fake_node
[17.405s] Level 1:colcon.colcon_core.environment:checking '/home/auresol/Documents/work/ros2/WRG2024NextGen/src/install/turtlebot3_fake_node' for CMake config files
[17.405s] Level 1:colcon.colcon_core.shell:create_environment_hook('turtlebot3_fake_node', 'cmake_prefix_path')
[17.406s] INFO:colcon.colcon_core.shell:Creating environment hook '/home/auresol/Documents/work/ros2/WRG2024NextGen/src/install/turtlebot3_fake_node/share/turtlebot3_fake_node/hook/cmake_prefix_path.ps1'
[17.406s] INFO:colcon.colcon_core.shell:Creating environment descriptor '/home/auresol/Documents/work/ros2/WRG2024NextGen/src/install/turtlebot3_fake_node/share/turtlebot3_fake_node/hook/cmake_prefix_path.dsv'
[17.406s] INFO:colcon.colcon_core.shell:Creating environment hook '/home/auresol/Documents/work/ros2/WRG2024NextGen/src/install/turtlebot3_fake_node/share/turtlebot3_fake_node/hook/cmake_prefix_path.sh'
[17.406s] Level 1:colcon.colcon_core.environment:checking '/home/auresol/Documents/work/ros2/WRG2024NextGen/src/install/turtlebot3_fake_node/lib'
[17.406s] Level 1:colcon.colcon_core.environment:checking '/home/auresol/Documents/work/ros2/WRG2024NextGen/src/install/turtlebot3_fake_node/bin'
[17.406s] Level 1:colcon.colcon_core.environment:checking '/home/auresol/Documents/work/ros2/WRG2024NextGen/src/install/turtlebot3_fake_node/lib/pkgconfig/turtlebot3_fake_node.pc'
[17.407s] Level 1:colcon.colcon_core.environment:checking '/home/auresol/Documents/work/ros2/WRG2024NextGen/src/install/turtlebot3_fake_node/lib/python3.10/site-packages'
[17.407s] Level 1:colcon.colcon_core.environment:checking '/home/auresol/Documents/work/ros2/WRG2024NextGen/src/install/turtlebot3_fake_node/bin'
[17.407s] INFO:colcon.colcon_core.shell:Creating package script '/home/auresol/Documents/work/ros2/WRG2024NextGen/src/install/turtlebot3_fake_node/share/turtlebot3_fake_node/package.ps1'
[17.407s] INFO:colcon.colcon_core.shell:Creating package descriptor '/home/auresol/Documents/work/ros2/WRG2024NextGen/src/install/turtlebot3_fake_node/share/turtlebot3_fake_node/package.dsv'
[17.408s] INFO:colcon.colcon_core.shell:Creating package script '/home/auresol/Documents/work/ros2/WRG2024NextGen/src/install/turtlebot3_fake_node/share/turtlebot3_fake_node/package.sh'
[17.408s] INFO:colcon.colcon_core.shell:Creating package script '/home/auresol/Documents/work/ros2/WRG2024NextGen/src/install/turtlebot3_fake_node/share/turtlebot3_fake_node/package.bash'
[17.408s] INFO:colcon.colcon_core.shell:Creating package script '/home/auresol/Documents/work/ros2/WRG2024NextGen/src/install/turtlebot3_fake_node/share/turtlebot3_fake_node/package.zsh'
[17.408s] Level 1:colcon.colcon_core.environment:create_file_with_runtime_dependencies(/home/auresol/Documents/work/ros2/WRG2024NextGen/src/install/turtlebot3_fake_node/share/colcon-core/packages/turtlebot3_fake_node)
[17.440s] Level 1:colcon.colcon_core.environment:create_environment_scripts_only(turtlebot3_fake_node)
[17.441s] Level 1:colcon.colcon_core.environment:checking '/home/auresol/Documents/work/ros2/WRG2024NextGen/src/install/turtlebot3_fake_node' for CMake module files
[17.441s] Level 1:colcon.colcon_core.environment:checking '/home/auresol/Documents/work/ros2/WRG2024NextGen/src/install/turtlebot3_fake_node' for CMake config files
[17.441s] Level 1:colcon.colcon_core.shell:create_environment_hook('turtlebot3_fake_node', 'cmake_prefix_path')
[17.442s] INFO:colcon.colcon_core.shell:Creating environment hook '/home/auresol/Documents/work/ros2/WRG2024NextGen/src/install/turtlebot3_fake_node/share/turtlebot3_fake_node/hook/cmake_prefix_path.ps1'
[17.442s] INFO:colcon.colcon_core.shell:Creating environment descriptor '/home/auresol/Documents/work/ros2/WRG2024NextGen/src/install/turtlebot3_fake_node/share/turtlebot3_fake_node/hook/cmake_prefix_path.dsv'
[17.442s] INFO:colcon.colcon_core.shell:Creating environment hook '/home/auresol/Documents/work/ros2/WRG2024NextGen/src/install/turtlebot3_fake_node/share/turtlebot3_fake_node/hook/cmake_prefix_path.sh'
[17.443s] Level 1:colcon.colcon_core.environment:checking '/home/auresol/Documents/work/ros2/WRG2024NextGen/src/install/turtlebot3_fake_node/lib'
[17.443s] Level 1:colcon.colcon_core.environment:checking '/home/auresol/Documents/work/ros2/WRG2024NextGen/src/install/turtlebot3_fake_node/bin'
[17.443s] Level 1:colcon.colcon_core.environment:checking '/home/auresol/Documents/work/ros2/WRG2024NextGen/src/install/turtlebot3_fake_node/lib/pkgconfig/turtlebot3_fake_node.pc'
[17.443s] Level 1:colcon.colcon_core.environment:checking '/home/auresol/Documents/work/ros2/WRG2024NextGen/src/install/turtlebot3_fake_node/lib/python3.10/site-packages'
[17.443s] Level 1:colcon.colcon_core.environment:checking '/home/auresol/Documents/work/ros2/WRG2024NextGen/src/install/turtlebot3_fake_node/bin'
[17.443s] INFO:colcon.colcon_core.shell:Creating package script '/home/auresol/Documents/work/ros2/WRG2024NextGen/src/install/turtlebot3_fake_node/share/turtlebot3_fake_node/package.ps1'
[17.444s] INFO:colcon.colcon_core.shell:Creating package descriptor '/home/auresol/Documents/work/ros2/WRG2024NextGen/src/install/turtlebot3_fake_node/share/turtlebot3_fake_node/package.dsv'
[17.444s] INFO:colcon.colcon_core.shell:Creating package script '/home/auresol/Documents/work/ros2/WRG2024NextGen/src/install/turtlebot3_fake_node/share/turtlebot3_fake_node/package.sh'
[17.444s] INFO:colcon.colcon_core.shell:Creating package script '/home/auresol/Documents/work/ros2/WRG2024NextGen/src/install/turtlebot3_fake_node/share/turtlebot3_fake_node/package.bash'
[17.444s] INFO:colcon.colcon_core.shell:Creating package script '/home/auresol/Documents/work/ros2/WRG2024NextGen/src/install/turtlebot3_fake_node/share/turtlebot3_fake_node/package.zsh'
[17.445s] Level 1:colcon.colcon_core.environment:create_file_with_runtime_dependencies(/home/auresol/Documents/work/ros2/WRG2024NextGen/src/install/turtlebot3_fake_node/share/colcon-core/packages/turtlebot3_fake_node)
[17.445s] INFO:colcon.colcon_ros.task.ament_cmake.build:Building ROS package in '/home/auresol/Documents/work/ros2/WRG2024NextGen/src/turtlebot3_simulations' with build type 'ament_cmake'
[17.445s] INFO:colcon.colcon_cmake.task.cmake.build:Building CMake package in '/home/auresol/Documents/work/ros2/WRG2024NextGen/src/turtlebot3_simulations'
[17.445s] INFO:colcon.colcon_core.shell:Skip shell extension 'powershell' for command environment: Not usable outside of PowerShell
[17.445s] DEBUG:colcon.colcon_core.shell:Skip shell extension 'dsv' for command environment
[17.460s] DEBUG:colcon.colcon_core.event_handler.log_command:Invoking command in '/home/auresol/Documents/work/ros2/WRG2024NextGen/src/build/turtlebot3_simulations': AMENT_PREFIX_PATH=/home/auresol/Documents/work/ros2/WRG2024NextGen/src/install/turtlebot3_fake_node:/home/auresol/Documents/work/ros2/WRG2024NextGen/src/install/turtlebot3_msgs:${AMENT_PREFIX_PATH} CMAKE_PREFIX_PATH=/home/auresol/Documents/work/ros2/WRG2024NextGen/src/install/turtlebot3_fake_node:/home/auresol/Documents/work/ros2/WRG2024NextGen/src/install/turtlebot3_msgs:/home/auresol/Documents/work/ros2/WRG2024NextGen/src/install/turtlebot3_gazebo:/home/auresol/Documents/work/ros2/WRG2024NextGen/src/install/turtlebot3_simulations:/home/auresol/Documents/ros2/install/robot_bringup:/home/auresol/Documents/ros2/install/my_robot_description:/home/auresol/Documents/ros2/install/custom_interface:/home/auresol/Documents/ros2/install/cpp-test:/home/auresol/Documents/ros2/install/py_pkg_test:/opt/ros/humble LD_LIBRARY_PATH=/home/auresol/Documents/work/ros2/WRG2024NextGen/src/install/turtlebot3_msgs/lib:/home/auresol/Documents/ros2/install/custom_interface/lib:/usr/lib/x86_64-linux-gnu/gazebo-11/plugins:/opt/ros/humble/opt/rviz_ogre_vendor/lib:/opt/ros/humble/lib/x86_64-linux-gnu:/opt/ros/humble/lib:/usr/share/gazebo/../../lib/x86_64-linux-gnu/gazebo-11/plugins:/usr/share/gazebo/../../lib/x86_64-linux-gnu/gazebo-11/plugins:/usr/share/gazebo/../../lib/x86_64-linux-gnu/gazebo-11/plugins:/usr/share/gazebo/../../lib/x86_64-linux-gnu/gazebo-11/plugins:/usr/share/gazebo/../../lib/x86_64-linux-gnu/gazebo-11/plugins:/usr/share/gazebo/../../lib/x86_64-linux-gnu/gazebo-11/plugins PYTHONPATH=/home/auresol/Documents/work/ros2/WRG2024NextGen/src/install/turtlebot3_msgs/local/lib/python3.10/dist-packages:${PYTHONPATH} /usr/bin/cmake --build /home/auresol/Documents/work/ros2/WRG2024NextGen/src/build/turtlebot3_simulations -- -j8 -l8
[17.510s] DEBUG:colcon.colcon_core.event_handler.log_command:Invoked command in '/home/auresol/Documents/work/ros2/WRG2024NextGen/src/build/turtlebot3_simulations' returned '0': AMENT_PREFIX_PATH=/home/auresol/Documents/work/ros2/WRG2024NextGen/src/install/turtlebot3_fake_node:/home/auresol/Documents/work/ros2/WRG2024NextGen/src/install/turtlebot3_msgs:${AMENT_PREFIX_PATH} CMAKE_PREFIX_PATH=/home/auresol/Documents/work/ros2/WRG2024NextGen/src/install/turtlebot3_fake_node:/home/auresol/Documents/work/ros2/WRG2024NextGen/src/install/turtlebot3_msgs:/home/auresol/Documents/work/ros2/WRG2024NextGen/src/install/turtlebot3_gazebo:/home/auresol/Documents/work/ros2/WRG2024NextGen/src/install/turtlebot3_simulations:/home/auresol/Documents/ros2/install/robot_bringup:/home/auresol/Documents/ros2/install/my_robot_description:/home/auresol/Documents/ros2/install/custom_interface:/home/auresol/Documents/ros2/install/cpp-test:/home/auresol/Documents/ros2/install/py_pkg_test:/opt/ros/humble LD_LIBRARY_PATH=/home/auresol/Documents/work/ros2/WRG2024NextGen/src/install/turtlebot3_msgs/lib:/home/auresol/Documents/ros2/install/custom_interface/lib:/usr/lib/x86_64-linux-gnu/gazebo-11/plugins:/opt/ros/humble/opt/rviz_ogre_vendor/lib:/opt/ros/humble/lib/x86_64-linux-gnu:/opt/ros/humble/lib:/usr/share/gazebo/../../lib/x86_64-linux-gnu/gazebo-11/plugins:/usr/share/gazebo/../../lib/x86_64-linux-gnu/gazebo-11/plugins:/usr/share/gazebo/../../lib/x86_64-linux-gnu/gazebo-11/plugins:/usr/share/gazebo/../../lib/x86_64-linux-gnu/gazebo-11/plugins:/usr/share/gazebo/../../lib/x86_64-linux-gnu/gazebo-11/plugins:/usr/share/gazebo/../../lib/x86_64-linux-gnu/gazebo-11/plugins PYTHONPATH=/home/auresol/Documents/work/ros2/WRG2024NextGen/src/install/turtlebot3_msgs/local/lib/python3.10/dist-packages:${PYTHONPATH} /usr/bin/cmake --build /home/auresol/Documents/work/ros2/WRG2024NextGen/src/build/turtlebot3_simulations -- -j8 -l8
[17.545s] DEBUG:colcon.colcon_core.event_handler.log_command:Invoking command in '/home/auresol/Documents/work/ros2/WRG2024NextGen/src/build/turtlebot3_simulations': AMENT_PREFIX_PATH=/home/auresol/Documents/work/ros2/WRG2024NextGen/src/install/turtlebot3_fake_node:/home/auresol/Documents/work/ros2/WRG2024NextGen/src/install/turtlebot3_msgs:${AMENT_PREFIX_PATH} CMAKE_PREFIX_PATH=/home/auresol/Documents/work/ros2/WRG2024NextGen/src/install/turtlebot3_fake_node:/home/auresol/Documents/work/ros2/WRG2024NextGen/src/install/turtlebot3_msgs:/home/auresol/Documents/work/ros2/WRG2024NextGen/src/install/turtlebot3_gazebo:/home/auresol/Documents/work/ros2/WRG2024NextGen/src/install/turtlebot3_simulations:/home/auresol/Documents/ros2/install/robot_bringup:/home/auresol/Documents/ros2/install/my_robot_description:/home/auresol/Documents/ros2/install/custom_interface:/home/auresol/Documents/ros2/install/cpp-test:/home/auresol/Documents/ros2/install/py_pkg_test:/opt/ros/humble LD_LIBRARY_PATH=/home/auresol/Documents/work/ros2/WRG2024NextGen/src/install/turtlebot3_msgs/lib:/home/auresol/Documents/ros2/install/custom_interface/lib:/usr/lib/x86_64-linux-gnu/gazebo-11/plugins:/opt/ros/humble/opt/rviz_ogre_vendor/lib:/opt/ros/humble/lib/x86_64-linux-gnu:/opt/ros/humble/lib:/usr/share/gazebo/../../lib/x86_64-linux-gnu/gazebo-11/plugins:/usr/share/gazebo/../../lib/x86_64-linux-gnu/gazebo-11/plugins:/usr/share/gazebo/../../lib/x86_64-linux-gnu/gazebo-11/plugins:/usr/share/gazebo/../../lib/x86_64-linux-gnu/gazebo-11/plugins:/usr/share/gazebo/../../lib/x86_64-linux-gnu/gazebo-11/plugins:/usr/share/gazebo/../../lib/x86_64-linux-gnu/gazebo-11/plugins PYTHONPATH=/home/auresol/Documents/work/ros2/WRG2024NextGen/src/install/turtlebot3_msgs/local/lib/python3.10/dist-packages:${PYTHONPATH} /usr/bin/cmake --install /home/auresol/Documents/work/ros2/WRG2024NextGen/src/build/turtlebot3_simulations
[17.556s] Level 1:colcon.colcon_core.environment:create_environment_scripts_only(turtlebot3_simulations)
[17.556s] Level 1:colcon.colcon_core.environment:checking '/home/auresol/Documents/work/ros2/WRG2024NextGen/src/install/turtlebot3_simulations' for CMake module files
[17.557s] DEBUG:colcon.colcon_core.event_handler.log_command:Invoked command in '/home/auresol/Documents/work/ros2/WRG2024NextGen/src/build/turtlebot3_simulations' returned '0': AMENT_PREFIX_PATH=/home/auresol/Documents/work/ros2/WRG2024NextGen/src/install/turtlebot3_fake_node:/home/auresol/Documents/work/ros2/WRG2024NextGen/src/install/turtlebot3_msgs:${AMENT_PREFIX_PATH} CMAKE_PREFIX_PATH=/home/auresol/Documents/work/ros2/WRG2024NextGen/src/install/turtlebot3_fake_node:/home/auresol/Documents/work/ros2/WRG2024NextGen/src/install/turtlebot3_msgs:/home/auresol/Documents/work/ros2/WRG2024NextGen/src/install/turtlebot3_gazebo:/home/auresol/Documents/work/ros2/WRG2024NextGen/src/install/turtlebot3_simulations:/home/auresol/Documents/ros2/install/robot_bringup:/home/auresol/Documents/ros2/install/my_robot_description:/home/auresol/Documents/ros2/install/custom_interface:/home/auresol/Documents/ros2/install/cpp-test:/home/auresol/Documents/ros2/install/py_pkg_test:/opt/ros/humble LD_LIBRARY_PATH=/home/auresol/Documents/work/ros2/WRG2024NextGen/src/install/turtlebot3_msgs/lib:/home/auresol/Documents/ros2/install/custom_interface/lib:/usr/lib/x86_64-linux-gnu/gazebo-11/plugins:/opt/ros/humble/opt/rviz_ogre_vendor/lib:/opt/ros/humble/lib/x86_64-linux-gnu:/opt/ros/humble/lib:/usr/share/gazebo/../../lib/x86_64-linux-gnu/gazebo-11/plugins:/usr/share/gazebo/../../lib/x86_64-linux-gnu/gazebo-11/plugins:/usr/share/gazebo/../../lib/x86_64-linux-gnu/gazebo-11/plugins:/usr/share/gazebo/../../lib/x86_64-linux-gnu/gazebo-11/plugins:/usr/share/gazebo/../../lib/x86_64-linux-gnu/gazebo-11/plugins:/usr/share/gazebo/../../lib/x86_64-linux-gnu/gazebo-11/plugins PYTHONPATH=/home/auresol/Documents/work/ros2/WRG2024NextGen/src/install/turtlebot3_msgs/local/lib/python3.10/dist-packages:${PYTHONPATH} /usr/bin/cmake --install /home/auresol/Documents/work/ros2/WRG2024NextGen/src/build/turtlebot3_simulations
[17.557s] Level 1:colcon.colcon_core.environment:checking '/home/auresol/Documents/work/ros2/WRG2024NextGen/src/install/turtlebot3_simulations' for CMake config files
[17.558s] Level 1:colcon.colcon_core.shell:create_environment_hook('turtlebot3_simulations', 'cmake_prefix_path')
[17.558s] INFO:colcon.colcon_core.shell:Creating environment hook '/home/auresol/Documents/work/ros2/WRG2024NextGen/src/install/turtlebot3_simulations/share/turtlebot3_simulations/hook/cmake_prefix_path.ps1'
[17.558s] INFO:colcon.colcon_core.shell:Creating environment descriptor '/home/auresol/Documents/work/ros2/WRG2024NextGen/src/install/turtlebot3_simulations/share/turtlebot3_simulations/hook/cmake_prefix_path.dsv'
[17.558s] INFO:colcon.colcon_core.shell:Creating environment hook '/home/auresol/Documents/work/ros2/WRG2024NextGen/src/install/turtlebot3_simulations/share/turtlebot3_simulations/hook/cmake_prefix_path.sh'
[17.559s] Level 1:colcon.colcon_core.environment:checking '/home/auresol/Documents/work/ros2/WRG2024NextGen/src/install/turtlebot3_simulations/bin'
[17.559s] Level 1:colcon.colcon_core.environment:checking '/home/auresol/Documents/work/ros2/WRG2024NextGen/src/install/turtlebot3_simulations/lib/pkgconfig/turtlebot3_simulations.pc'
[17.559s] Level 1:colcon.colcon_core.environment:checking '/home/auresol/Documents/work/ros2/WRG2024NextGen/src/install/turtlebot3_simulations/lib/python3.10/site-packages'
[17.559s] Level 1:colcon.colcon_core.environment:checking '/home/auresol/Documents/work/ros2/WRG2024NextGen/src/install/turtlebot3_simulations/bin'
[17.559s] INFO:colcon.colcon_core.shell:Creating package script '/home/auresol/Documents/work/ros2/WRG2024NextGen/src/install/turtlebot3_simulations/share/turtlebot3_simulations/package.ps1'
[17.560s] INFO:colcon.colcon_core.shell:Creating package descriptor '/home/auresol/Documents/work/ros2/WRG2024NextGen/src/install/turtlebot3_simulations/share/turtlebot3_simulations/package.dsv'
[17.560s] INFO:colcon.colcon_core.shell:Creating package script '/home/auresol/Documents/work/ros2/WRG2024NextGen/src/install/turtlebot3_simulations/share/turtlebot3_simulations/package.sh'
[17.560s] INFO:colcon.colcon_core.shell:Creating package script '/home/auresol/Documents/work/ros2/WRG2024NextGen/src/install/turtlebot3_simulations/share/turtlebot3_simulations/package.bash'
[17.560s] INFO:colcon.colcon_core.shell:Creating package script '/home/auresol/Documents/work/ros2/WRG2024NextGen/src/install/turtlebot3_simulations/share/turtlebot3_simulations/package.zsh'
[17.561s] Level 1:colcon.colcon_core.environment:create_file_with_runtime_dependencies(/home/auresol/Documents/work/ros2/WRG2024NextGen/src/install/turtlebot3_simulations/share/colcon-core/packages/turtlebot3_simulations)
[17.589s] Level 1:colcon.colcon_core.environment:create_environment_scripts_only(turtlebot3_simulations)
[17.590s] Level 1:colcon.colcon_core.environment:checking '/home/auresol/Documents/work/ros2/WRG2024NextGen/src/install/turtlebot3_simulations' for CMake module files
[17.590s] Level 1:colcon.colcon_core.environment:checking '/home/auresol/Documents/work/ros2/WRG2024NextGen/src/install/turtlebot3_simulations' for CMake config files
[17.591s] Level 1:colcon.colcon_core.shell:create_environment_hook('turtlebot3_simulations', 'cmake_prefix_path')
[17.591s] INFO:colcon.colcon_core.shell:Creating environment hook '/home/auresol/Documents/work/ros2/WRG2024NextGen/src/install/turtlebot3_simulations/share/turtlebot3_simulations/hook/cmake_prefix_path.ps1'
[17.591s] INFO:colcon.colcon_core.shell:Creating environment descriptor '/home/auresol/Documents/work/ros2/WRG2024NextGen/src/install/turtlebot3_simulations/share/turtlebot3_simulations/hook/cmake_prefix_path.dsv'
[17.591s] INFO:colcon.colcon_core.shell:Creating environment hook '/home/auresol/Documents/work/ros2/WRG2024NextGen/src/install/turtlebot3_simulations/share/turtlebot3_simulations/hook/cmake_prefix_path.sh'
[17.592s] Level 1:colcon.colcon_core.environment:checking '/home/auresol/Documents/work/ros2/WRG2024NextGen/src/install/turtlebot3_simulations/bin'
[17.592s] Level 1:colcon.colcon_core.environment:checking '/home/auresol/Documents/work/ros2/WRG2024NextGen/src/install/turtlebot3_simulations/lib/pkgconfig/turtlebot3_simulations.pc'
[17.592s] Level 1:colcon.colcon_core.environment:checking '/home/auresol/Documents/work/ros2/WRG2024NextGen/src/install/turtlebot3_simulations/lib/python3.10/site-packages'
[17.592s] Level 1:colcon.colcon_core.environment:checking '/home/auresol/Documents/work/ros2/WRG2024NextGen/src/install/turtlebot3_simulations/bin'
[17.592s] INFO:colcon.colcon_core.shell:Creating package script '/home/auresol/Documents/work/ros2/WRG2024NextGen/src/install/turtlebot3_simulations/share/turtlebot3_simulations/package.ps1'
[17.593s] INFO:colcon.colcon_core.shell:Creating package descriptor '/home/auresol/Documents/work/ros2/WRG2024NextGen/src/install/turtlebot3_simulations/share/turtlebot3_simulations/package.dsv'
[17.593s] INFO:colcon.colcon_core.shell:Creating package script '/home/auresol/Documents/work/ros2/WRG2024NextGen/src/install/turtlebot3_simulations/share/turtlebot3_simulations/package.sh'
[17.593s] INFO:colcon.colcon_core.shell:Creating package script '/home/auresol/Documents/work/ros2/WRG2024NextGen/src/install/turtlebot3_simulations/share/turtlebot3_simulations/package.bash'
[17.593s] INFO:colcon.colcon_core.shell:Creating package script '/home/auresol/Documents/work/ros2/WRG2024NextGen/src/install/turtlebot3_simulations/share/turtlebot3_simulations/package.zsh'
[17.594s] Level 1:colcon.colcon_core.environment:create_file_with_runtime_dependencies(/home/auresol/Documents/work/ros2/WRG2024NextGen/src/install/turtlebot3_simulations/share/colcon-core/packages/turtlebot3_simulations)
[17.594s] DEBUG:colcon.colcon_parallel_executor.executor.parallel:closing loop
[17.594s] DEBUG:colcon.colcon_parallel_executor.executor.parallel:loop closed
[17.595s] DEBUG:colcon.colcon_parallel_executor.executor.parallel:run_until_complete finished with '0'
[17.595s] DEBUG:colcon.colcon_core.event_reactor:joining thread
[17.604s] INFO:colcon.colcon_core.plugin_system:Skipping extension 'colcon_notification.desktop_notification.terminal_notifier': Not used on non-Darwin systems
[17.605s] INFO:colcon.colcon_core.plugin_system:Skipping extension 'colcon_notification.desktop_notification.win32': Not used on non-Windows systems
[17.605s] INFO:colcon.colcon_notification.desktop_notification:Sending desktop notification using 'notify2'
[17.618s] DEBUG:colcon.colcon_core.event_reactor:joined thread
[17.619s] INFO:colcon.colcon_core.shell:Creating prefix script '/home/auresol/Documents/work/ros2/WRG2024NextGen/src/install/local_setup.ps1'
[17.620s] INFO:colcon.colcon_core.shell:Creating prefix util module '/home/auresol/Documents/work/ros2/WRG2024NextGen/src/install/_local_setup_util_ps1.py'
[17.620s] INFO:colcon.colcon_core.shell:Creating prefix chain script '/home/auresol/Documents/work/ros2/WRG2024NextGen/src/install/setup.ps1'
[17.621s] INFO:colcon.colcon_core.shell:Creating prefix script '/home/auresol/Documents/work/ros2/WRG2024NextGen/src/install/local_setup.sh'
[17.622s] INFO:colcon.colcon_core.shell:Creating prefix util module '/home/auresol/Documents/work/ros2/WRG2024NextGen/src/install/_local_setup_util_sh.py'
[17.622s] INFO:colcon.colcon_core.shell:Creating prefix chain script '/home/auresol/Documents/work/ros2/WRG2024NextGen/src/install/setup.sh'
[17.623s] INFO:colcon.colcon_core.shell:Creating prefix script '/home/auresol/Documents/work/ros2/WRG2024NextGen/src/install/local_setup.bash'
[17.623s] INFO:colcon.colcon_core.shell:Creating prefix chain script '/home/auresol/Documents/work/ros2/WRG2024NextGen/src/install/setup.bash'
[17.624s] INFO:colcon.colcon_core.shell:Creating prefix script '/home/auresol/Documents/work/ros2/WRG2024NextGen/src/install/local_setup.zsh'
[17.624s] INFO:colcon.colcon_core.shell:Creating prefix chain script '/home/auresol/Documents/work/ros2/WRG2024NextGen/src/install/setup.zsh'
